#
# There is insufficient memory for the Java Runtime Environment to continue.
# Native memory allocation (mmap) failed to map 128450560 bytes for committing reserved memory.
# Possible reasons:
#   The system is out of physical RAM or swap space
#   In 32 bit mode, the process size limit was hit
# Possible solutions:
#   Reduce memory load on the system
#   Increase physical memory or swap space
#   Check if swap backing store is full
#   Use 64 bit Java on a 64 bit OS
#   Decrease Java heap size (-Xmx/-Xms)
#   Decrease number of Java threads
#   Decrease Java thread stack sizes (-Xss)
#   Set larger code cache with -XX:ReservedCodeCacheSize=
# This output file may be truncated or incomplete.
#
#  Out of Memory Error (os_linux.cpp:2640), pid=3515, tid=0x00007f562fafa700
#
# JRE version: Java(TM) SE Runtime Environment (8.0_171-b11) (build 1.8.0_171-b11)
# Java VM: Java HotSpot(TM) 64-Bit Server VM (25.171-b11 mixed mode linux-amd64 compressed oops)
# Failed to write core dump. Core dumps have been disabled. To enable core dumping, try "ulimit -c unlimited" before starting Java again
#

---------------  T H R E A D  ---------------

Current thread (0x00007f5648081000):  VMThread [stack: 0x00007f562f9fa000,0x00007f562fafb000] [id=3533]

Stack: [0x00007f562f9fa000,0x00007f562fafb000],  sp=0x00007f562faf9150,  free space=1020k
Native frames: (J=compiled Java code, j=interpreted, Vv=VM code, C=native code)
V  [libjvm.so+0xacfffa]  VMError::report_and_die()+0x2ba
V  [libjvm.so+0x5005cb]  report_vm_out_of_memory(char const*, int, unsigned long, VMErrorType, char const*)+0x8b
V  [libjvm.so+0x92dd93]  os::Linux::commit_memory_impl(char*, unsigned long, bool)+0x123
V  [libjvm.so+0x92dfb9]  os::pd_commit_memory(char*, unsigned long, unsigned long, bool)+0x29
V  [libjvm.so+0x92527a]  os::commit_memory(char*, unsigned long, unsigned long, bool)+0x2a
V  [libjvm.so+0x99b223]  PSVirtualSpace::expand_by(unsigned long)+0x53
V  [libjvm.so+0x99c628]  PSYoungGen::resize_generation(unsigned long, unsigned long)+0xf8
V  [libjvm.so+0x99b782]  PSYoungGen::resize(unsigned long, unsigned long)+0x22
V  [libjvm.so+0x998a5b]  PSScavenge::invoke_no_policy()+0xf3b
V  [libjvm.so+0x9991e1]  PSScavenge::invoke()+0x41
V  [libjvm.so+0x94fcb0]  ParallelScavengeHeap::failed_mem_allocate(unsigned long)+0x70
V  [libjvm.so+0xad1a77]  VM_ParallelGCFailedAllocation::doit()+0x97
V  [libjvm.so+0xad9595]  VM_Operation::evaluate()+0x55
V  [libjvm.so+0xad795a]  VMThread::evaluate_operation(VM_Operation*)+0xba
V  [libjvm.so+0xad7cde]  VMThread::loop()+0x1ce
V  [libjvm.so+0xad8150]  VMThread::run()+0x70
V  [libjvm.so+0x92e0f8]  java_start(Thread*)+0x108

VM_Operation (0x00007f564e2e3280): ParallelGCFailedAllocation, mode: safepoint, requested by thread 0x00007f564800b000


---------------  P R O C E S S  ---------------

Java Threads: ( => current thread )
  0x00007f5649c3f000 JavaThread "File lock request listener" [_thread_in_native, id=3546, stack(0x00007f562c4d9000,0x00007f562c5da000)]
  0x00007f5649ba6000 JavaThread "process reaper" daemon [_thread_blocked, id=3545, stack(0x00007f562c5da000,0x00007f562c613000)]
  0x00007f5649029800 JavaThread "pool-1-thread-1" [_thread_blocked, id=3543, stack(0x00007f562cc36000,0x00007f562cd37000)]
  0x00007f56480d3800 JavaThread "Service Thread" daemon [_thread_blocked, id=3541, stack(0x00007f562ed94000,0x00007f562ee95000)]
  0x00007f56480c8800 JavaThread "C1 CompilerThread3" daemon [_thread_blocked, id=3540, stack(0x00007f562ee95000,0x00007f562ef96000)]
  0x00007f56480c6800 JavaThread "C2 CompilerThread2" daemon [_thread_blocked, id=3539, stack(0x00007f562ef96000,0x00007f562f097000)]
  0x00007f56480c4800 JavaThread "C2 CompilerThread1" daemon [_thread_blocked, id=3538, stack(0x00007f562f097000,0x00007f562f198000)]
  0x00007f56480c1800 JavaThread "C2 CompilerThread0" daemon [_thread_blocked, id=3537, stack(0x00007f562f198000,0x00007f562f299000)]
  0x00007f56480c0000 JavaThread "Signal Dispatcher" daemon [_thread_blocked, id=3536, stack(0x00007f562f299000,0x00007f562f39a000)]
  0x00007f564808d800 JavaThread "Finalizer" daemon [_thread_blocked, id=3535, stack(0x00007f562f7f8000,0x00007f562f8f9000)]
  0x00007f5648089000 JavaThread "Reference Handler" daemon [_thread_blocked, id=3534, stack(0x00007f562f8f9000,0x00007f562f9fa000)]
  0x00007f564800b000 JavaThread "main" [_thread_blocked, id=3524, stack(0x00007f564e1e9000,0x00007f564e2ea000)]

Other Threads:
=>0x00007f5648081000 VMThread [stack: 0x00007f562f9fa000,0x00007f562fafb000] [id=3533]
  0x00007f56480d8800 WatcherThread [stack: 0x00007f562ec93000,0x00007f562ed94000] [id=3542]

VM state:at safepoint (normal execution)

VM Mutex/Monitor currently owned by a thread:  ([mutex/lock_event])
[0x00007f5648007740] Threads_lock - owner thread: 0x00007f5648081000
[0x00007f5648007c40] Heap_lock - owner thread: 0x00007f564800b000

Heap:
 PSYoungGen      total 212992K, used 15356K [0x000000076c780000, 0x000000077be80000, 0x00000007c0000000)
  eden space 197632K, 0% used [0x000000076c780000,0x000000076c780000,0x0000000778880000)
  from space 15360K, 99% used [0x0000000778880000,0x000000077977f2d0,0x0000000779780000)
  to   space 16384K, 0% used [0x0000000779780000,0x0000000779780000,0x000000077a780000)
 ParOldGen       total 117248K, used 16075K [0x00000006c5600000, 0x00000006cc880000, 0x000000076c780000)
  object space 117248K, 13% used [0x00000006c5600000,0x00000006c65b2f98,0x00000006cc880000)
 Metaspace       used 38944K, capacity 39600K, committed 39896K, reserved 1083392K
  class space    used 5385K, capacity 5630K, committed 5632K, reserved 1048576K

Card table byte_map: [0x00007f56375d2000,0x00007f5637da8000] byte_map_base: 0x00007f5633fa7000

Marking Bits: (ParMarkBitMap*) 0x00007f564d6bc280
 Begin Bits: [0x00007f55f82b0000, 0x00007f55fc158000)
 End Bits:   [0x00007f55fc158000, 0x00007f5600000000)

Polling page: 0x00007f564e328000

CodeCache: size=245760Kb used=15082Kb max_used=15226Kb free=230677Kb
 bounds [0x00007f5638168000, 0x00007f5639098000, 0x00007f5647168000]
 total_blobs=4834 nmethods=4146 adapters=601
 compilation: enabled

Compilation events (10 events):
Event: 61,819 Thread 0x00007f56480c8800 4762       1       java.lang.Enum::name (5 bytes)
Event: 61,819 Thread 0x00007f56480c8800 nmethod 4762 0x00007f563834dd10 code [0x00007f563834de60, 0x00007f563834df70]
Event: 61,830 Thread 0x00007f56480c8800 4763       3       java.util.ArrayDeque::getFirst (24 bytes)
Event: 61,830 Thread 0x00007f56480c8800 nmethod 4763 0x00007f5638441590 code [0x00007f5638441700, 0x00007f5638441988]
Event: 61,830 Thread 0x00007f56480c8800 4764       3       org.gradle.model.internal.registry.DefaultModelRegistry$TransitionNodeToState::getTargetState (8 bytes)
Event: 61,830 Thread 0x00007f56480c8800 nmethod 4764 0x00007f5638441210 code [0x00007f5638441380, 0x00007f56384414f0]
Event: 61,830 Thread 0x00007f56480c8800 4765       3       org.gradle.internal.logging.slf4j.OutputEventListenerBackedLogger::debug (18 bytes)
Event: 61,831 Thread 0x00007f56480c8800 nmethod 4765 0x00007f5638440610 code [0x00007f56384407e0, 0x00007f5638440ea8]
Event: 61,831 Thread 0x00007f56480c8800 4766       3       org.gradle.model.internal.registry.NodeAtState::hashCode (16 bytes)
Event: 61,831 Thread 0x00007f56480c8800 nmethod 4766 0x00007f563843fe90 code [0x00007f5638440020, 0x00007f5638440458]

GC Heap History (10 events):
Event: 3,000 GC heap after
Heap after GC invocations=4 (full 1):
 PSYoungGen      total 75264K, used 0K [0x000000076c780000, 0x0000000775a80000, 0x00000007c0000000)
  eden space 64512K, 0% used [0x000000076c780000,0x000000076c780000,0x0000000770680000)
  from space 10752K, 0% used [0x0000000770680000,0x0000000770680000,0x0000000771100000)
  to   space 10752K, 0% used [0x0000000775000000,0x0000000775000000,0x0000000775a80000)
 ParOldGen       total 87552K, used 6777K [0x00000006c5600000, 0x00000006cab80000, 0x000000076c780000)
  object space 87552K, 7% used [0x00000006c5600000,0x00000006c5c9e5b8,0x00000006cab80000)
 Metaspace       used 20870K, capacity 21076K, committed 21248K, reserved 1067008K
  class space    used 2872K, capacity 2969K, committed 3072K, reserved 1048576K
}
Event: 3,902 GC heap before
{Heap before GC invocations=5 (full 1):
 PSYoungGen      total 75264K, used 64512K [0x000000076c780000, 0x0000000775a80000, 0x00000007c0000000)
  eden space 64512K, 100% used [0x000000076c780000,0x0000000770680000,0x0000000770680000)
  from space 10752K, 0% used [0x0000000770680000,0x0000000770680000,0x0000000771100000)
  to   space 10752K, 0% used [0x0000000775000000,0x0000000775000000,0x0000000775a80000)
 ParOldGen       total 87552K, used 6777K [0x00000006c5600000, 0x00000006cab80000, 0x000000076c780000)
  object space 87552K, 7% used [0x00000006c5600000,0x00000006c5c9e5b8,0x00000006cab80000)
 Metaspace       used 26357K, capacity 26910K, committed 27264K, reserved 1073152K
  class space    used 3691K, capacity 3869K, committed 3968K, reserved 1048576K
Event: 3,925 GC heap after
Heap after GC invocations=5 (full 1):
 PSYoungGen      total 120832K, used 6330K [0x000000076c780000, 0x0000000775680000, 0x00000007c0000000)
  eden space 114176K, 0% used [0x000000076c780000,0x000000076c780000,0x0000000773700000)
  from space 6656K, 95% used [0x0000000775000000,0x000000077562eb08,0x0000000775680000)
  to   space 10752K, 0% used [0x0000000774180000,0x0000000774180000,0x0000000774c00000)
 ParOldGen       total 87552K, used 6785K [0x00000006c5600000, 0x00000006cab80000, 0x000000076c780000)
  object space 87552K, 7% used [0x00000006c5600000,0x00000006c5ca05b8,0x00000006cab80000)
 Metaspace       used 26357K, capacity 26910K, committed 27264K, reserved 1073152K
  class space    used 3691K, capacity 3869K, committed 3968K, reserved 1048576K
}
Event: 6,603 GC heap before
{Heap before GC invocations=6 (full 1):
 PSYoungGen      total 120832K, used 120506K [0x000000076c780000, 0x0000000775680000, 0x00000007c0000000)
  eden space 114176K, 100% used [0x000000076c780000,0x0000000773700000,0x0000000773700000)
  from space 6656K, 95% used [0x0000000775000000,0x000000077562eb08,0x0000000775680000)
  to   space 10752K, 0% used [0x0000000774180000,0x0000000774180000,0x0000000774c00000)
 ParOldGen       total 87552K, used 6785K [0x00000006c5600000, 0x00000006cab80000, 0x000000076c780000)
  object space 87552K, 7% used [0x00000006c5600000,0x00000006c5ca05b8,0x00000006cab80000)
 Metaspace       used 34062K, capacity 34722K, committed 34944K, reserved 1079296K
  class space    used 4706K, capacity 4961K, committed 4992K, reserved 1048576K
Event: 6,620 GC heap after
Heap after GC invocations=6 (full 1):
 PSYoungGen      total 135680K, used 10726K [0x000000076c780000, 0x000000077a780000, 0x00000007c0000000)
  eden space 124928K, 0% used [0x000000076c780000,0x000000076c780000,0x0000000774180000)
  from space 10752K, 99% used [0x0000000774180000,0x0000000774bf9a28,0x0000000774c00000)
  to   space 16384K, 0% used [0x0000000779780000,0x0000000779780000,0x000000077a780000)
 ParOldGen       total 87552K, used 9488K [0x00000006c5600000, 0x00000006cab80000, 0x000000076c780000)
  object space 87552K, 10% used [0x00000006c5600000,0x00000006c5f44160,0x00000006cab80000)
 Metaspace       used 34062K, capacity 34722K, committed 34944K, reserved 1079296K
  class space    used 4706K, capacity 4961K, committed 4992K, reserved 1048576K
}
Event: 6,739 GC heap before
{Heap before GC invocations=7 (full 1):
 PSYoungGen      total 135680K, used 13531K [0x000000076c780000, 0x000000077a780000, 0x00000007c0000000)
  eden space 124928K, 2% used [0x000000076c780000,0x000000076ca3d318,0x0000000774180000)
  from space 10752K, 99% used [0x0000000774180000,0x0000000774bf9a28,0x0000000774c00000)
  to   space 16384K, 0% used [0x0000000779780000,0x0000000779780000,0x000000077a780000)
 ParOldGen       total 87552K, used 9488K [0x00000006c5600000, 0x00000006cab80000, 0x000000076c780000)
  object space 87552K, 10% used [0x00000006c5600000,0x00000006c5f44160,0x00000006cab80000)
 Metaspace       used 34433K, capacity 35054K, committed 35416K, reserved 1079296K
  class space    used 4736K, capacity 4963K, committed 4992K, reserved 1048576K
Event: 6,750 GC heap after
Heap after GC invocations=7 (full 1):
 PSYoungGen      total 214016K, used 9556K [0x000000076c780000, 0x000000077be80000, 0x00000007c0000000)
  eden space 197632K, 0% used [0x000000076c780000,0x000000076c780000,0x0000000778880000)
  from space 16384K, 58% used [0x0000000779780000,0x000000077a0d5358,0x000000077a780000)
  to   space 15360K, 0% used [0x0000000778880000,0x0000000778880000,0x0000000779780000)
 ParOldGen       total 87552K, used 9496K [0x00000006c5600000, 0x00000006cab80000, 0x000000076c780000)
  object space 87552K, 10% used [0x00000006c5600000,0x00000006c5f46160,0x00000006cab80000)
 Metaspace       used 34433K, capacity 35054K, committed 35416K, reserved 1079296K
  class space    used 4736K, capacity 4963K, committed 4992K, reserved 1048576K
}
Event: 6,750 GC heap before
{Heap before GC invocations=8 (full 2):
 PSYoungGen      total 214016K, used 9556K [0x000000076c780000, 0x000000077be80000, 0x00000007c0000000)
  eden space 197632K, 0% used [0x000000076c780000,0x000000076c780000,0x0000000778880000)
  from space 16384K, 58% used [0x0000000779780000,0x000000077a0d5358,0x000000077a780000)
  to   space 15360K, 0% used [0x0000000778880000,0x0000000778880000,0x0000000779780000)
 ParOldGen       total 87552K, used 9496K [0x00000006c5600000, 0x00000006cab80000, 0x000000076c780000)
  object space 87552K, 10% used [0x00000006c5600000,0x00000006c5f46160,0x00000006cab80000)
 Metaspace       used 34433K, capacity 35054K, committed 35416K, reserved 1079296K
  class space    used 4736K, capacity 4963K, committed 4992K, reserved 1048576K
Event: 6,816 GC heap after
Heap after GC invocations=8 (full 2):
 PSYoungGen      total 214016K, used 0K [0x000000076c780000, 0x000000077be80000, 0x00000007c0000000)
  eden space 197632K, 0% used [0x000000076c780000,0x000000076c780000,0x0000000778880000)
  from space 16384K, 0% used [0x0000000779780000,0x0000000779780000,0x000000077a780000)
  to   space 15360K, 0% used [0x0000000778880000,0x0000000778880000,0x0000000779780000)
 ParOldGen       total 117248K, used 15842K [0x00000006c5600000, 0x00000006cc880000, 0x000000076c780000)
  object space 117248K, 13% used [0x00000006c5600000,0x00000006c6578a78,0x00000006cc880000)
 Metaspace       used 34433K, capacity 35054K, committed 35416K, reserved 1079296K
  class space    used 4736K, capacity 4963K, committed 4992K, reserved 1048576K
}
Event: 61,921 GC heap before
{Heap before GC invocations=9 (full 2):
 PSYoungGen      total 214016K, used 197632K [0x000000076c780000, 0x000000077be80000, 0x00000007c0000000)
  eden space 197632K, 100% used [0x000000076c780000,0x0000000778880000,0x0000000778880000)
  from space 16384K, 0% used [0x0000000779780000,0x0000000779780000,0x000000077a780000)
  to   space 15360K, 0% used [0x0000000778880000,0x0000000778880000,0x0000000779780000)
 ParOldGen       total 117248K, used 15842K [0x00000006c5600000, 0x00000006cc880000, 0x000000076c780000)
  object space 117248K, 13% used [0x00000006c5600000,0x00000006c6578a78,0x00000006cc880000)
 Metaspace       used 38944K, capacity 39600K, committed 39896K, reserved 1083392K
  class space    used 5385K, capacity 5630K, committed 5632K, reserved 1048576K

Deoptimization events (10 events):
Event: 38,740 Thread 0x00007f564800b000 Uncommon trap: reason=unstable_if action=reinterpret pc=0x00007f5638381ab8 method=java.io.UnixFileSystem.getBooleanAttributes(Ljava/io/File;)I @ 25
Event: 59,628 Thread 0x00007f564800b000 Uncommon trap: reason=unstable_if action=reinterpret pc=0x00007f56386e7f6c method=com.google.common.cache.LocalCache$Segment.getEntry(Ljava/lang/Object;I)Lcom/google/common/cache/LocalCache$ReferenceEntry; @ 17
Event: 59,680 Thread 0x00007f564800b000 Uncommon trap: reason=class_check action=maybe_recompile pc=0x00007f56389be384 method=com.google.common.base.Equivalence$Equals.doEquivalent(Ljava/lang/Object;Ljava/lang/Object;)Z @ 2
Event: 59,895 Thread 0x00007f564800b000 Uncommon trap: reason=unstable_if action=reinterpret pc=0x00007f56383fbd7c method=org.gradle.api.internal.file.FileOrUriNotationConverter.convert(Ljava/lang/Object;Lorg/gradle/internal/typeconversion/NotationConvertResult;)V @ 4
Event: 59,942 Thread 0x00007f564800b000 Uncommon trap: reason=unstable_if action=reinterpret pc=0x00007f56387eee20 method=org.gradle.api.internal.file.FileOrUriNotationConverter.convert(Ljava/lang/Object;Lorg/gradle/internal/typeconversion/NotationConvertResult;)V @ 209
Event: 60,506 Thread 0x00007f564800b000 Uncommon trap: reason=unstable_if action=reinterpret pc=0x00007f56383a56a0 method=org.gradle.api.internal.file.AbstractFileResolver.unpack(Ljava/lang/Object;)Ljava/lang/Object; @ 10
Event: 61,811 Thread 0x00007f564800b000 Uncommon trap: reason=class_check action=maybe_recompile pc=0x00007f5638dba770 method=org.gradle.model.internal.type.ModelType.wrap(Ljava/lang/reflect/Type;)Lorg/gradle/model/internal/type/TypeWrapper; @ 33
Event: 61,812 Thread 0x00007f564800b000 Uncommon trap: reason=class_check action=maybe_recompile pc=0x00007f5638dba8b0 method=org.gradle.model.internal.type.ModelType.wrap(Ljava/lang/reflect/Type;)Lorg/gradle/model/internal/type/TypeWrapper; @ 83
Event: 61,826 Thread 0x00007f564800b000 Uncommon trap: reason=class_check action=maybe_recompile pc=0x00007f5638dba770 method=org.gradle.model.internal.type.ModelType.wrap(Ljava/lang/reflect/Type;)Lorg/gradle/model/internal/type/TypeWrapper; @ 33
Event: 61,826 Thread 0x00007f564800b000 Uncommon trap: reason=class_check action=maybe_recompile pc=0x00007f5638dba8b0 method=org.gradle.model.internal.type.ModelType.wrap(Ljava/lang/reflect/Type;)Lorg/gradle/model/internal/type/TypeWrapper; @ 83

Classes redefined (0 events):
No events

Internal exceptions (10 events):
Event: 60,602 Thread 0x00007f564800b000 Exception <a 'java/lang/ClassNotFoundException': org/gradle/plugins/ide/eclipse/internal/EclipseNameDeduperBeanInfo> (0x00000007782ae618) thrown at [/HUDSON/workspace/8-2-build-linux-amd64/jdk8u171/10807/hotspot/src/share/vm/classfile/systemDictionary.cpp
Event: 60,602 Thread 0x00007f564800b000 Exception <a 'java/lang/ClassNotFoundException': org/gradle/plugins/ide/eclipse/internal/EclipseNameDeduperCustomizer> (0x00000007782cec08) thrown at [/HUDSON/workspace/8-2-build-linux-amd64/jdk8u171/10807/hotspot/src/share/vm/classfile/systemDictionary.c
Event: 60,653 Thread 0x00007f564800b000 Exception <a 'java/lang/ClassNotFoundException': org/gradle/plugins/ide/internal/configurer/ModuleNameDeduperBeanInfo> (0x0000000778473fd8) thrown at [/HUDSON/workspace/8-2-build-linux-amd64/jdk8u171/10807/hotspot/src/share/vm/classfile/systemDictionary.c
Event: 60,653 Thread 0x00007f564800b000 Exception <a 'java/lang/ClassNotFoundException': org/gradle/plugins/ide/internal/configurer/ModuleNameDeduperCustomizer> (0x0000000778494d98) thrown at [/HUDSON/workspace/8-2-build-linux-amd64/jdk8u171/10807/hotspot/src/share/vm/classfile/systemDictionary
Event: 60,655 Thread 0x00007f564800b000 Exception <a 'java/lang/ClassNotFoundException': org/gradle/plugins/ide/internal/configurer/ProjectDeduperBeanInfo> (0x00000007784dd130) thrown at [/HUDSON/workspace/8-2-build-linux-amd64/jdk8u171/10807/hotspot/src/share/vm/classfile/systemDictionary.cpp,
Event: 60,656 Thread 0x00007f564800b000 Exception <a 'java/lang/ClassNotFoundException': org/gradle/plugins/ide/internal/configurer/ProjectDeduperCustomizer> (0x00000007784fd720) thrown at [/HUDSON/workspace/8-2-build-linux-amd64/jdk8u171/10807/hotspot/src/share/vm/classfile/systemDictionary.cp
Event: 60,666 Thread 0x00007f564800b000 Exception <a 'java/lang/ClassNotFoundException': org/gradle/plugins/ide/internal/configurer/DeduplicationTargetBeanInfo> (0x000000077858d160) thrown at [/HUDSON/workspace/8-2-build-linux-amd64/jdk8u171/10807/hotspot/src/share/vm/classfile/systemDictionary
Event: 60,667 Thread 0x00007f564800b000 Exception <a 'java/lang/ClassNotFoundException': org/gradle/plugins/ide/internal/configurer/DeduplicationTargetCustomizer> (0x00000007785afcd8) thrown at [/HUDSON/workspace/8-2-build-linux-amd64/jdk8u171/10807/hotspot/src/share/vm/classfile/systemDictiona
Event: 60,689 Thread 0x00007f564800b000 Exception <a 'java/lang/ClassNotFoundException': org/gradle/plugins/ide/idea/internal/IdeaNameDeduperBeanInfo> (0x00000007786bab78) thrown at [/HUDSON/workspace/8-2-build-linux-amd64/jdk8u171/10807/hotspot/src/share/vm/classfile/systemDictionary.cpp, line
Event: 60,690 Thread 0x00007f564800b000 Exception <a 'java/lang/ClassNotFoundException': org/gradle/plugins/ide/idea/internal/IdeaNameDeduperCustomizer> (0x00000007786d8ca0) thrown at [/HUDSON/workspace/8-2-build-linux-amd64/jdk8u171/10807/hotspot/src/share/vm/classfile/systemDictionary.cpp, li

Events (10 events):
Event: 61,831 loading class org/gradle/model/internal/typeregistration/BaseInstanceFactory$TypeRegistrationBuilder done
Event: 61,844 loading class org/gradle/model/internal/typeregistration/InstanceFactory$ImplementationInfo
Event: 61,844 loading class org/gradle/model/internal/typeregistration/InstanceFactory$ImplementationInfo done
Event: 61,846 loading class org/gradle/model/internal/typeregistration/BaseInstanceFactory$ImplementationFactory
Event: 61,846 loading class org/gradle/model/internal/typeregistration/BaseInstanceFactory$ImplementationFactory done
Event: 61,847 loading class org/gradle/platform/base/component/internal/DefaultComponentSpec
Event: 61,847 loading class org/gradle/platform/base/component/internal/DefaultComponentSpec done
Event: 61,848 loading class org/gradle/platform/base/component/internal/ComponentSpecFactory$1
Event: 61,848 loading class org/gradle/platform/base/component/internal/ComponentSpecFactory$1 done
Event: 61,852 Executing VM operation: ParallelGCFailedAllocation


Dynamic libraries:
00400000-00401000 r-xp 00000000 08:01 5019269                            /usr/lib/jvm/java-8-oracle/bin/java
00600000-00601000 rw-p 00000000 08:01 5019269                            /usr/lib/jvm/java-8-oracle/bin/java
0087f000-008a0000 rw-p 00000000 00:00 0                                  [heap]
6c5600000-6cc880000 rw-p 00000000 00:00 0 
6cc880000-76c780000 ---p 00000000 00:00 0 
76c780000-77be80000 rw-p 00000000 00:00 0 
783900000-7c0000000 ---p 00000000 00:00 0 
7c0000000-7c0580000 rw-p 00000000 00:00 0 
7c0580000-800000000 ---p 00000000 00:00 0 
7f55bc000000-7f55bc021000 rw-p 00000000 00:00 0 
7f55bc021000-7f55c0000000 ---p 00000000 00:00 0 
7f55c0000000-7f55c0021000 rw-p 00000000 00:00 0 
7f55c0021000-7f55c4000000 ---p 00000000 00:00 0 
7f55c4000000-7f55c4021000 rw-p 00000000 00:00 0 
7f55c4021000-7f55c8000000 ---p 00000000 00:00 0 
7f55c8000000-7f55c8021000 rw-p 00000000 00:00 0 
7f55c8021000-7f55cc000000 ---p 00000000 00:00 0 
7f55cc000000-7f55cc021000 rw-p 00000000 00:00 0 
7f55cc021000-7f55d0000000 ---p 00000000 00:00 0 
7f55d0000000-7f55d0021000 rw-p 00000000 00:00 0 
7f55d0021000-7f55d4000000 ---p 00000000 00:00 0 
7f55d4000000-7f55d4bd9000 rw-p 00000000 00:00 0 
7f55d4bd9000-7f55d8000000 ---p 00000000 00:00 0 
7f55d8000000-7f55d8021000 rw-p 00000000 00:00 0 
7f55d8021000-7f55dc000000 ---p 00000000 00:00 0 
7f55dc000000-7f55dd5fc000 rw-p 00000000 00:00 0 
7f55dd5fc000-7f55e0000000 ---p 00000000 00:00 0 
7f55e0000000-7f55e18c9000 rw-p 00000000 00:00 0 
7f55e18c9000-7f55e4000000 ---p 00000000 00:00 0 
7f55e4000000-7f55e4021000 rw-p 00000000 00:00 0 
7f55e4021000-7f55e8000000 ---p 00000000 00:00 0 
7f55e8000000-7f55e997a000 rw-p 00000000 00:00 0 
7f55e997a000-7f55ec000000 ---p 00000000 00:00 0 
7f55ec000000-7f55ec021000 rw-p 00000000 00:00 0 
7f55ec021000-7f55f0000000 ---p 00000000 00:00 0 
7f55f0000000-7f55f0021000 rw-p 00000000 00:00 0 
7f55f0021000-7f55f4000000 ---p 00000000 00:00 0 
7f55f4000000-7f55f4293000 rw-p 00000000 00:00 0 
7f55f4293000-7f55f8000000 ---p 00000000 00:00 0 
7f55f82b0000-7f5600000000 rw-p 00000000 00:00 0 
7f5600000000-7f5600029000 rw-p 00000000 00:00 0 
7f5600029000-7f5604000000 ---p 00000000 00:00 0 
7f5604000000-7f5604021000 rw-p 00000000 00:00 0 
7f5604021000-7f5608000000 ---p 00000000 00:00 0 
7f5608000000-7f5608021000 rw-p 00000000 00:00 0 
7f5608021000-7f560c000000 ---p 00000000 00:00 0 
7f5610000000-7f5610021000 rw-p 00000000 00:00 0 
7f5610021000-7f5614000000 ---p 00000000 00:00 0 
7f5618000000-7f5618021000 rw-p 00000000 00:00 0 
7f5618021000-7f561c000000 ---p 00000000 00:00 0 
7f561fa00000-7f561fb80000 rw-p 00000000 00:00 0 
7f561fb80000-7f561fc00000 ---p 00000000 00:00 0 
7f561fc00000-7f561fe00000 rw-p 00000000 00:00 0 
7f561fe00000-7f561fff6000 rw-p 00000000 00:00 0 
7f561fff6000-7f5620000000 ---p 00000000 00:00 0 
7f5620000000-7f5620021000 rw-p 00000000 00:00 0 
7f5620021000-7f5624000000 ---p 00000000 00:00 0 
7f5624062000-7f5624065000 ---p 00000000 00:00 0 
7f5624065000-7f5624163000 rw-p 00000000 00:00 0 
7f5624163000-7f5624195000 r-xp 00000000 08:01 5020777                    /usr/lib/jvm/java-8-oracle/jre/lib/amd64/libsunec.so
7f5624195000-7f5624394000 ---p 00032000 08:01 5020777                    /usr/lib/jvm/java-8-oracle/jre/lib/amd64/libsunec.so
7f5624394000-7f562439a000 rw-p 00031000 08:01 5020777                    /usr/lib/jvm/java-8-oracle/jre/lib/amd64/libsunec.so
7f562439a000-7f56243aa000 rw-p 00000000 00:00 0 
7f56243aa000-7f56243ad000 ---p 00000000 00:00 0 
7f56243ad000-7f56244ab000 rw-p 00000000 00:00 0 
7f56244ab000-7f56244c1000 r-xp 00000000 08:01 4727608                    /lib/x86_64-linux-gnu/libresolv-2.26.so
7f56244c1000-7f56246c1000 ---p 00016000 08:01 4727608                    /lib/x86_64-linux-gnu/libresolv-2.26.so
7f56246c1000-7f56246c2000 r--p 00016000 08:01 4727608                    /lib/x86_64-linux-gnu/libresolv-2.26.so
7f56246c2000-7f56246c3000 rw-p 00017000 08:01 4727608                    /lib/x86_64-linux-gnu/libresolv-2.26.so
7f56246c3000-7f56246c5000 rw-p 00000000 00:00 0 
7f56246c5000-7f56246ca000 r-xp 00000000 08:01 4727601                    /lib/x86_64-linux-gnu/libnss_dns-2.26.so
7f56246ca000-7f56248ca000 ---p 00005000 08:01 4727601                    /lib/x86_64-linux-gnu/libnss_dns-2.26.so
7f56248ca000-7f56248cb000 r--p 00005000 08:01 4727601                    /lib/x86_64-linux-gnu/libnss_dns-2.26.so
7f56248cb000-7f56248cc000 rw-p 00006000 08:01 4727601                    /lib/x86_64-linux-gnu/libnss_dns-2.26.so
7f56248cc000-7f56248ce000 r-xp 00000000 08:01 4723365                    /lib/x86_64-linux-gnu/libnss_mdns4_minimal.so.2
7f56248ce000-7f5624acd000 ---p 00002000 08:01 4723365                    /lib/x86_64-linux-gnu/libnss_mdns4_minimal.so.2
7f5624acd000-7f5624ace000 r--p 00001000 08:01 4723365                    /lib/x86_64-linux-gnu/libnss_mdns4_minimal.so.2
7f5624ace000-7f5624acf000 rw-p 00002000 08:01 4723365                    /lib/x86_64-linux-gnu/libnss_mdns4_minimal.so.2
7f5624ade000-7f5624aed000 r--p 00000000 08:01 5392656                    /usr/share/locale-langpack/nb/LC_MESSAGES/libc.mo
7f5624aed000-7f5624b00000 r--s 00345000 08:01 5020609                    /usr/lib/jvm/java-8-oracle/jre/lib/resources.jar
7f5624b00000-7f5624b05000 r--s 0003f000 08:01 5020715                    /usr/lib/jvm/java-8-oracle/jre/lib/ext/sunjce_provider.jar
7f5624b05000-7f5624b07000 r--s 00009000 08:01 5020705                    /usr/lib/jvm/java-8-oracle/jre/lib/ext/sunec.jar
7f5624b07000-7f5624b0a000 r--s 0001a000 08:01 5020616                    /usr/lib/jvm/java-8-oracle/jre/lib/jce.jar
7f5624b0a000-7f5624b26000 r--s 00393000 08:01 5020707                    /usr/lib/jvm/java-8-oracle/jre/lib/ext/cldrdata.jar
7f5624b26000-7f5624d26000 rw-p 00000000 00:00 0 
7f5624d26000-7f5624f26000 rw-p 00000000 00:00 0 
7f5624f26000-7f5624f28000 r--s 00004000 08:01 2492427                    /home/user/.gradle/caches/modules-2/files-2.1/org.ow2.asm/asm-tree/4.0/67bd266cd17adcee486b76952ece4cc85fe248b8/asm-tree-4.0.jar
7f5624f28000-7f5624f31000 r--s 000a7000 08:01 2492426                    /home/user/.gradle/caches/modules-2/files-2.1/com.android.tools.external.lombok/lombok-ast/0.2.2/57e560b535ceaa14fb6f15422d74594acd6c5b64/lombok-ast-0.2.2.jar
7f5624f31000-7f5624f33000 r--s 0000a000 08:01 2492425                    /home/user/.gradle/caches/modules-2/files-2.1/org.ow2.asm/asm/4.0/659add6efc75a4715d738e73f07505246edf4d66/asm-4.0.jar
7f5624f33000-7f5624f34000 r--s 00004000 08:01 2492424                    /home/user/.gradle/caches/modules-2/files-2.1/org.ow2.asm/asm-analysis/4.0/1c45d52b6f6c638db13cf3ac12adeb56b254cdd7/asm-analysis-4.0.jar
7f5624f34000-7f5624f37000 r--s 00029000 08:01 2492423                    /home/user/.gradle/caches/modules-2/files-2.1/com.android.tools.lint/lint-api/24.0.0/f7b3b232bc6a2a48a48dd3aedb80113c82d6acba/lint-api-24.0.0.jar
7f5624f37000-7f5624f3e000 r--s 00053000 08:01 2492422                    /home/user/.gradle/caches/modules-2/files-2.1/org.apache.commons/commons-compress/1.8.1/a698750c16740fd5b3871425f4cb3bbaa87f529d/commons-compress-1.8.1.jar
7f5624f3e000-7f5624f3f000 r--s 00005000 08:01 2492421                    /home/user/.gradle/caches/modules-2/files-2.1/com.android.tools/dvlib/24.0.0/ae24752eb30a9154f5a3d822b64d28d709b9c30b/dvlib-24.0.0.jar
7f5624f3f000-7f5624f42000 r--s 00011000 08:01 2492420                    /home/user/.gradle/caches/modules-2/files-2.1/com.android.tools.layoutlib/layoutlib-api/24.0.0/a43d5bf045da108875a860767c453078b0d77795/layoutlib-api-24.0.0.jar
7f5624f42000-7f5624f43000 r--s 0000a000 08:01 2492419                    /home/user/.gradle/caches/modules-2/files-2.1/net.sf.kxml/kxml2/2.3.0/ccbc77a5fd907ef863c29f3596c6f54ffa4e9442/kxml2-2.3.0.jar
7f5624f43000-7f5624f53000 r--s 000d3000 08:01 2492418                    /home/user/.gradle/caches/modules-2/files-2.1/net.sf.proguard/proguard-base/5.1/dc606dd778fe4685be16d5a171782ccfe0ef5637/proguard-base-5.1.jar
7f5624f53000-7f5624f62000 r--s 001a9000 08:01 2492417                    /home/user/.gradle/caches/modules-2/files-2.1/org.eclipse.jdt.core.compiler/ecj/4.2.2/d9fd79499c664bccaf24dbe04be417de6c6af64a/ecj-4.2.2.jar
7f5624f62000-7f5624f67000 r--s 0008c000 08:01 2492416                    /home/user/.gradle/caches/modules-2/files-2.1/com.android.tools.lint/lint-checks/24.0.0/9cb8d9c675a7716ac6f4d20df0ef0aba0e4519f5/lint-checks-24.0.0.jar
7f5624f67000-7f5624f75000 r--s 00081000 08:01 2492415                    /home/user/.gradle/caches/modules-2/files-2.1/org.bouncycastle/bcpkix-jdk15on/1.48/28b7614b908a47844bb27e3c94b45b6893656265/bcpkix-jdk15on-1.48.jar
7f5624f75000-7f5624f7f000 r--s 000a8000 08:01 2492414                    /home/user/.gradle/caches/modules-2/files-2.1/com.android.tools/sdklib/24.0.0/df228874ac1c933b64492bdbe2d9bab5ab434166/sdklib-24.0.0.jar
7f5624f7f000-7f5624f81000 r--s 00003000 08:01 2492413                    /home/user/.gradle/caches/modules-2/files-2.1/com.android.tools.build/builder-model/1.0.0/2a3969a9082b47a4855395de918682eee946285a/builder-model-1.0.0.jar
7f5624f81000-7f5624f84000 r--s 00029000 08:01 2492412                    /home/user/.gradle/caches/modules-2/files-2.1/com.android.tools.build/manifest-merger/24.0.0/d0193672ed299817e4be2ba1caeeda4924b0e447/manifest-merger-24.0.0.jar
7f5624f84000-7f5624f89000 r--s 00042000 08:01 2492411                    /home/user/.gradle/caches/modules-2/files-2.1/com.android.tools.ddms/ddmlib/24.0.0/25b4cd0c917c47ce599008f4431ecffa0a57b51a/ddmlib-24.0.0.jar
7f5624f89000-7f5624f8a000 r--s 00000000 08:01 2492410                    /home/user/.gradle/caches/modules-2/files-2.1/com.android.tools.build/builder-test-api/1.0.0/2d6ea74b74f8d928e468ff623825d22a5d8a1649/builder-test-api-1.0.0.jar
7f5624f8a000-7f5624f8c000 r--s 00014000 08:01 2492409                    /home/user/.gradle/caches/modules-2/files-2.1/com.android.tools/common/24.0.0/271771234c82097345fb73c9571c403e22f62faf/common-24.0.0.jar
7f5624f8c000-7f5624f8e000 r--s 00002000 08:01 2492408                    /home/user/.gradle/caches/modules-2/files-2.1/com.squareup/javawriter/2.5.0/81241ff7078ef14f42ea2a8995fa09c096256e6b/javawriter-2.5.0.jar
7f5624f8e000-7f5624fc1000 r--s 00203000 08:01 2492407                    /home/user/.gradle/caches/modules-2/files-2.1/org.bouncycastle/bcprov-jdk15on/1.48/960dea7c9181ba0b17e8bab0c06a43f0a5f04e65/bcprov-jdk15on-1.48.jar
7f5624fc1000-7f5624fc6000 r--s 00047000 08:01 2492406                    /home/user/.gradle/caches/modules-2/files-2.1/com.android.tools/sdk-common/24.0.0/ebb1e063b8c370a88a38bf46036dce3892fe6c01/sdk-common-24.0.0.jar
7f5624fc6000-7f5624fcc000 r--s 00033000 08:01 2492358                    /home/user/.gradle/caches/modules-2/files-2.1/commons-codec/commons-codec/1.6/b7f0fc8f61ecadeb3695f0b9464755eee44374d4/commons-codec-1.6.jar
7f5624fcc000-7f5624fce000 r--s 0000e000 08:01 2492357                    /home/user/.gradle/caches/modules-2/files-2.1/commons-logging/commons-logging/1.1.3/f6f66e966c70a83ffbdb6f17a0919eaf7c8aca7f/commons-logging-1.1.3.jar
7f5624fce000-7f5624fd4000 r--s 0003f000 08:01 2492356                    /home/user/.gradle/caches/modules-2/files-2.1/org.apache.httpcomponents/httpcore/4.3.2/31fbbff1ddbf98f3aa7377c94d33b0447c646b6e/httpcore-4.3.2.jar
7f5624fd4000-7f5624fdc000 r--s 00051000 08:01 2492355                    /home/user/.gradle/caches/modules-2/files-2.1/trove/trove/1.0.2/112b40581ab9a4d3de4636d49985a7f686d181c8/trove-1.0.2.jar
7f5624fdc000-7f5624fdf000 r--s 00018000 08:01 2492354                    /home/user/.gradle/caches/modules-2/files-2.1/commons-io/commons-io/1.4/a8762d07e76cfde2395257a5da47ba7c1dbd3dce/commons-io-1.4.jar
7f5624fdf000-7f5624fe0000 r--s 00001000 08:01 2492353                    /home/user/.gradle/caches/modules-2/files-2.1/org.jvnet.localizer/localizer/1.12/6d456886a035b2c3f758059da1f91a823eaa4a62/localizer-1.12.jar
7f5624fe0000-7f5624fe2000 r--s 00018000 08:01 2492404                    /home/user/.gradle/caches/modules-2/files-2.1/com.android.tools.lint/lint/24.0.0/e3d6e09a113af66fd2e5dc6e4d2321d7b0d82328/lint-24.0.0.jar
7f5624fe2000-7f5624fe6000 r--s 00031000 08:01 2492403                    /home/user/.gradle/caches/modules-2/files-2.1/com.android.tools.build/builder/1.0.0/528fdfb8a4d51ae4177e7d913e88767916a84758/builder-1.0.0.jar
7f5624fe6000-7f5624fe8000 r--s 00008000 08:01 2492352                    /home/user/.gradle/caches/modules-2/files-2.1/org.apache.httpcomponents/httpmime/4.3.3/e02368d7b56c0c376f227378a4f77de62864d020/httpmime-4.3.3.jar
7f5624fe8000-7f5624ff3000 r--s 00085000 08:01 2492351                    /home/user/.gradle/caches/modules-2/files-2.1/org.apache.httpcomponents/httpclient/4.3.3/18f4247ff4572a074444572cee34647c43e7c9c7/httpclient-4.3.3.jar
7f5624ff3000-7f5624ffd000 r--s 000a6000 08:01 2492350                    /home/user/.gradle/caches/modules-2/files-2.1/net.minecraftforge/forgeflower/1.0.342-SNAPSHOT/83b7d227aa011da5f140558240149ed26a0f5d76/forgeflower-1.0.342-SNAPSHOT.jar
7f5624ffd000-7f5624fff000 r--s 00001000 08:01 2492349                    /home/user/.gradle/caches/modules-2/files-2.1/com.github.tony19/named-regexp/0.2.3/370846bf3837952d981deb8f91e81da8c65b09e1/named-regexp-0.2.3.jar
7f5624fff000-7f5628000000 rw-p 00000000 00:00 0 
7f5628000000-7f5628021000 rw-p 00000000 00:00 0 
7f5628021000-7f562c000000 ---p 00000000 00:00 0 
7f562c000000-7f562c001000 r--s 00002000 08:01 2492405                    /home/user/.gradle/caches/modules-2/files-2.1/net.sf.proguard/proguard-gradle/5.1/672d43cbfde4765080e5bea19c51a2cc45dfc00/proguard-gradle-5.1.jar
7f562c001000-7f562c006000 r--s 0002a000 08:01 2492348                    /home/user/.gradle/caches/modules-2/files-2.1/com.google.code.gson/gson/2.2.4/a60a5e993c98c864010053cb901b7eab25306568/gson-2.2.4.jar
7f562c006000-7f562c008000 r--s 00008000 08:01 2492347                    /home/user/.gradle/caches/modules-2/files-2.1/com.nothome/javaxdelta/2.0.1/d4f5d077f1b15c6f67595015d69572303ad3f66d/javaxdelta-2.0.1.jar
7f562c008000-7f562c00a000 r--s 0000b000 08:01 2492346                    /home/user/.gradle/caches/modules-2/files-2.1/com.github.jponge/lzma-java/1.3/a25db9d4d385ccda4825ae1b47a7a61d86e595af/lzma-java-1.3.jar
7f562c00a000-7f562c035000 r--s 001fc000 08:01 2492341                    /home/user/.gradle/caches/modules-2/files-2.1/com.google.guava/guava/18.0/cce0823396aa693798f8882e64213b1772032b09/guava-18.0.jar
7f562c035000-7f562c0d9000 r--s 00b51000 08:01 2490445                    /home/user/.gradle/caches/modules-2/files-2.1/net.minecraftforge.gradle/ForgeGradle/2.3-SNAPSHOT/b3a925ff21e9916833a9e1ced0ad92f36e60a2fb/ForgeGradle-2.3-SNAPSHOT.jar
7f562c0d9000-7f562c2d9000 rw-p 00000000 00:00 0 
7f562c2d9000-7f562c4d9000 rw-p 00000000 00:00 0 
7f562c4d9000-7f562c4dc000 ---p 00000000 00:00 0 
7f562c4dc000-7f562c5da000 rw-p 00000000 00:00 0 
7f562c5da000-7f562c5dd000 ---p 00000000 00:00 0 
7f562c5dd000-7f562c813000 rw-p 00000000 00:00 0 
7f562c813000-7f562c822000 r--s 000ba000 08:01 2492345                    /home/user/.gradle/caches/modules-2/files-2.1/net.sf.trove4j/trove4j/2.1.0/c82f2749a460b95de4c9d2466b62f18c23c7c914/trove4j-2.1.0.jar
7f562c822000-7f562c823000 r--s 00011000 08:01 2492344                    /home/user/.gradle/caches/modules-2/files-2.1/com.github.abrarsyed.jastyle/jAstyle/1.3/42431e5834cfb184d60be4142e2806cf2d806ea/jAstyle-1.3.jar
7f562c823000-7f562c824000 r--s 0000c000 08:01 2492343                    /home/user/.gradle/caches/modules-2/files-2.1/com.cloudbees/diff4j/1.1/645329c0d4ebbea5f73758929c6e63bab9e77204/diff4j-1.1.jar
7f562c824000-7f562c825000 r--s 00004000 08:01 2492342                    /home/user/.gradle/caches/modules-2/files-2.1/net.sf.opencsv/opencsv/2.3/c23708cdb9e80a144db433e23344a788a1fd6599/opencsv-2.3.jar
7f562c825000-7f562c835000 r--s 00138000 08:01 2492402                    /home/user/.gradle/caches/modules-2/files-2.1/com.android.tools.build/gradle/1.0.0/79f4ed9b6582ecec4d7b35aecfa45fbc48dadb96/gradle-1.0.0.jar
7f562c835000-7f562c836000 r--p 00000000 00:00 0 
7f562c836000-7f562ca36000 rw-p 00000000 00:00 0 
7f562ca36000-7f562cc36000 rw-p 00000000 00:00 0 
7f562cc36000-7f562cc39000 ---p 00000000 00:00 0 
7f562cc39000-7f562cf37000 rw-p 00000000 00:00 0 
7f562cf37000-7f562d137000 rw-p 00000000 00:00 0 
7f562d137000-7f562d1b0000 r--s 010f9000 08:01 5019368                    /usr/lib/jvm/java-8-oracle/lib/tools.jar
7f562d1b0000-7f562d3b0000 rw-p 00000000 00:00 0 
7f562d3b0000-7f562d3b2000 r--s 00007000 08:01 6438867                    /home/user/.gradle/wrapper/dists/gradle-2.14-bin/76oc0mnc3ieqtsukq90mp0rxk/gradle-2.14/lib/plugins/gradle-tooling-api-builders-2.14.jar
7f562d3b2000-7f562d3b5000 r--s 00008000 08:01 6438460                    /home/user/.gradle/wrapper/dists/gradle-2.14-bin/76oc0mnc3ieqtsukq90mp0rxk/gradle-2.14/lib/plugins/gradle-testing-native-2.14.jar
7f562d3b5000-7f562d3b7000 r--s 00009000 08:01 6438939                    /home/user/.gradle/wrapper/dists/gradle-2.14-bin/76oc0mnc3ieqtsukq90mp0rxk/gradle-2.14/lib/plugins/hamcrest-core-1.3.jar
7f562d3b7000-7f562d3bd000 r--s 00033000 08:01 6438933                    /home/user/.gradle/wrapper/dists/gradle-2.14-bin/76oc0mnc3ieqtsukq90mp0rxk/gradle-2.14/lib/plugins/snakeyaml-1.6.jar
7f562d3bd000-7f562d3bf000 r--s 00006000 08:01 6438932                    /home/user/.gradle/wrapper/dists/gradle-2.14-bin/76oc0mnc3ieqtsukq90mp0rxk/gradle-2.14/lib/plugins/jcommander-1.12.jar
7f562d3bf000-7f562d3c4000 r--s 00040000 08:01 6438931                    /home/user/.gradle/wrapper/dists/gradle-2.14-bin/76oc0mnc3ieqtsukq90mp0rxk/gradle-2.14/lib/plugins/bsh-2.0b4.jar
7f562d3c4000-7f562d3cd000 r--s 00089000 08:01 6438890                    /home/user/.gradle/wrapper/dists/gradle-2.14-bin/76oc0mnc3ieqtsukq90mp0rxk/gradle-2.14/lib/plugins/testng-6.3.1.jar
7f562d3cd000-7f562d3d5000 r--s 00045000 08:01 6438889                    /home/user/.gradle/wrapper/dists/gradle-2.14-bin/76oc0mnc3ieqtsukq90mp0rxk/gradle-2.14/lib/plugins/junit-4.12.jar
7f562d3d5000-7f562d3db000 r--s 0002e000 08:01 6438461                    /home/user/.gradle/wrapper/dists/gradle-2.14-bin/76oc0mnc3ieqtsukq90mp0rxk/gradle-2.14/lib/plugins/gradle-testing-jvm-2.14.jar
7f562d3db000-7f562d3e0000 r--s 00015000 08:01 6438459                    /home/user/.gradle/wrapper/dists/gradle-2.14-bin/76oc0mnc3ieqtsukq90mp0rxk/gradle-2.14/lib/plugins/gradle-testing-base-2.14.jar
7f562d3e0000-7f562d3e1000 r--s 00002000 08:01 6438883                    /home/user/.gradle/wrapper/dists/gradle-2.14-bin/76oc0mnc3ieqtsukq90mp0rxk/gradle-2.14/lib/plugins/sonar-batch-bootstrapper-2.9.jar
7f562d3e1000-7f562d3e4000 r--s 00015000 08:01 6434260                    /home/user/.gradle/wrapper/dists/gradle-2.14-bin/76oc0mnc3ieqtsukq90mp0rxk/gradle-2.14/lib/plugins/gradle-sonar-2.14.jar
7f562d3e4000-7f562d3eb000 r--s 00038000 08:01 6438884                    /home/user/.gradle/wrapper/dists/gradle-2.14-bin/76oc0mnc3ieqtsukq90mp0rxk/gradle-2.14/lib/plugins/bcpg-jdk15on-1.51.jar
7f562d3eb000-7f562d3ed000 r--s 0000d000 08:01 6434262                    /home/user/.gradle/wrapper/dists/gradle-2.14-bin/76oc0mnc3ieqtsukq90mp0rxk/gradle-2.14/lib/plugins/gradle-signing-2.14.jar
7f562d3ed000-7f562d3f0000 r--s 00009000 08:01 6434259                    /home/user/.gradle/wrapper/dists/gradle-2.14-bin/76oc0mnc3ieqtsukq90mp0rxk/gradle-2.14/lib/plugins/gradle-scala-2.14.jar
7f562d3f0000-7f562d3f1000 r--s 00004000 08:01 6438865                    /home/user/.gradle/wrapper/dists/gradle-2.14-bin/76oc0mnc3ieqtsukq90mp0rxk/gradle-2.14/lib/plugins/gradle-resources-sftp-2.14.jar
7f562d3f1000-7f562d401000 r--s 00088000 08:01 6438900                    /home/user/.gradle/wrapper/dists/gradle-2.14-bin/76oc0mnc3ieqtsukq90mp0rxk/gradle-2.14/lib/plugins/joda-time-2.8.2.jar
7f562d401000-7f562d412000 r--s 000cf000 08:01 6438899                    /home/user/.gradle/wrapper/dists/gradle-2.14-bin/76oc0mnc3ieqtsukq90mp0rxk/gradle-2.14/lib/plugins/jackson-databind-2.3.2.jar
7f562d412000-7f562d414000 r--s 00007000 08:01 6438898                    /home/user/.gradle/wrapper/dists/gradle-2.14-bin/76oc0mnc3ieqtsukq90mp0rxk/gradle-2.14/lib/plugins/jackson-annotations-2.3.2.jar
7f562d414000-7f562d417000 r--s 0002e000 08:01 6438897                    /home/user/.gradle/wrapper/dists/gradle-2.14-bin/76oc0mnc3ieqtsukq90mp0rxk/gradle-2.14/lib/plugins/jackson-core-2.3.2.jar
7f562d417000-7f562d422000 r--s 0006b000 08:01 6438896                    /home/user/.gradle/wrapper/dists/gradle-2.14-bin/76oc0mnc3ieqtsukq90mp0rxk/gradle-2.14/lib/plugins/aws-java-sdk-core-1.9.19.jar
7f562d422000-7f562d428000 r--s 00036000 08:01 6438895                    /home/user/.gradle/wrapper/dists/gradle-2.14-bin/76oc0mnc3ieqtsukq90mp0rxk/gradle-2.14/lib/plugins/aws-java-sdk-kms-1.9.19.jar
7f562d428000-7f562d433000 r--s 00079000 08:01 6438894                    /home/user/.gradle/wrapper/dists/gradle-2.14-bin/76oc0mnc3ieqtsukq90mp0rxk/gradle-2.14/lib/plugins/aws-java-sdk-s3-1.9.19.jar
7f562d433000-7f562d434000 r--s 00003000 08:01 6438866                    /home/user/.gradle/wrapper/dists/gradle-2.14-bin/76oc0mnc3ieqtsukq90mp0rxk/gradle-2.14/lib/plugins/gradle-resources-s3-2.14.jar
7f562d434000-7f562d436000 r--s 00005000 08:01 6438888                    /home/user/.gradle/wrapper/dists/gradle-2.14-bin/76oc0mnc3ieqtsukq90mp0rxk/gradle-2.14/lib/plugins/jatl-0.2.2.jar
7f562d436000-7f562d438000 r--s 0000f000 08:01 6434273                    /home/user/.gradle/wrapper/dists/gradle-2.14-bin/76oc0mnc3ieqtsukq90mp0rxk/gradle-2.14/lib/plugins/gradle-reporting-2.14.jar
7f562d438000-7f562d43a000 r--s 00002000 08:01 6434275                    /home/user/.gradle/wrapper/dists/gradle-2.14-bin/76oc0mnc3ieqtsukq90mp0rxk/gradle-2.14/lib/plugins/gradle-publish-2.14.jar
7f562d43a000-7f562d43c000 r--s 00009000 08:01 6438870                    /home/user/.gradle/wrapper/dists/gradle-2.14-bin/76oc0mnc3ieqtsukq90mp0rxk/gradle-2.14/lib/plugins/commons-cli-1.2.jar
7f562d43c000-7f562d442000 r--s 00033000 08:01 6434248                    /home/user/.gradle/wrapper/dists/gradle-2.14-bin/76oc0mnc3ieqtsukq90mp0rxk/gradle-2.14/lib/plugins/gradle-plugins-2.14.jar
7f562d442000-7f562d444000 r--s 00007000 08:01 6438862                    /home/user/.gradle/wrapper/dists/gradle-2.14-bin/76oc0mnc3ieqtsukq90mp0rxk/gradle-2.14/lib/plugins/gradle-plugin-development-2.14.jar
7f562d444000-7f562d44a000 r--s 0002a000 08:01 6434290                    /home/user/.gradle/wrapper/dists/gradle-2.14-bin/76oc0mnc3ieqtsukq90mp0rxk/gradle-2.14/lib/plugins/gradle-platform-play-2.14.jar
7f562d44a000-7f562d457000 r--s 0004d000 08:01 6434289                    /home/user/.gradle/wrapper/dists/gradle-2.14-bin/76oc0mnc3ieqtsukq90mp0rxk/gradle-2.14/lib/plugins/gradle-platform-native-2.14.jar
7f562d457000-7f562d45b000 r--s 0001a000 08:01 6434282                    /home/user/.gradle/wrapper/dists/gradle-2.14-bin/76oc0mnc3ieqtsukq90mp0rxk/gradle-2.14/lib/plugins/gradle-platform-jvm-2.14.jar
7f562d45b000-7f562d462000 r--s 00029000 08:01 6434281                    /home/user/.gradle/wrapper/dists/gradle-2.14-bin/76oc0mnc3ieqtsukq90mp0rxk/gradle-2.14/lib/plugins/gradle-platform-base-2.14.jar
7f562d462000-7f562d483000 r--s 001c3000 08:01 6438878                    /home/user/.gradle/wrapper/dists/gradle-2.14-bin/76oc0mnc3ieqtsukq90mp0rxk/gradle-2.14/lib/plugins/bndlib-2.4.0.jar
7f562d483000-7f562d485000 r--s 00003000 08:01 6434253                    /home/user/.gradle/wrapper/dists/gradle-2.14-bin/76oc0mnc3ieqtsukq90mp0rxk/gradle-2.14/lib/plugins/gradle-osgi-2.14.jar
7f562d485000-7f562d488000 r--s 0000c000 08:01 6438881                    /home/user/.gradle/wrapper/dists/gradle-2.14-bin/76oc0mnc3ieqtsukq90mp0rxk/gradle-2.14/lib/plugins/pmaven-groovy-0.8-20100325.jar
7f562d488000-7f562d489000 r--s 00004000 08:01 6438880                    /home/user/.gradle/wrapper/dists/gradle-2.14-bin/76oc0mnc3ieqtsukq90mp0rxk/gradle-2.14/lib/plugins/pmaven-common-0.8-20100325.jar
7f562d489000-7f562d48f000 r--s 00022000 08:01 6434254                    /home/user/.gradle/wrapper/dists/gradle-2.14-bin/76oc0mnc3ieqtsukq90mp0rxk/gradle-2.14/lib/plugins/gradle-maven-2.14.jar
7f562d48f000-7f562d491000 r--s 0000a000 08:01 6434287                    /home/user/.gradle/wrapper/dists/gradle-2.14-bin/76oc0mnc3ieqtsukq90mp0rxk/gradle-2.14/lib/plugins/gradle-language-scala-2.14.jar
7f562d491000-7f562d497000 r--s 0001a000 08:01 6438457                    /home/user/.gradle/wrapper/dists/gradle-2.14-bin/76oc0mnc3ieqtsukq90mp0rxk/gradle-2.14/lib/plugins/gradle-language-native-2.14.jar
7f562d497000-7f562d499000 r--s 00008000 08:01 6434283                    /home/user/.gradle/wrapper/dists/gradle-2.14-bin/76oc0mnc3ieqtsukq90mp0rxk/gradle-2.14/lib/plugins/gradle-language-jvm-2.14.jar
7f562d499000-7f562d49f000 r--s 00024000 08:01 6434285                    /home/user/.gradle/wrapper/dists/gradle-2.14-bin/76oc0mnc3ieqtsukq90mp0rxk/gradle-2.14/lib/plugins/gradle-language-java-2.14.jar
7f562d49f000-7f562d4a1000 r--s 0000a000 08:01 6434286                    /home/user/.gradle/wrapper/dists/gradle-2.14-bin/76oc0mnc3ieqtsukq90mp0rxk/gradle-2.14/lib/plugins/gradle-language-groovy-2.14.jar
7f562d4a1000-7f562d4a4000 r--s 0001e000 08:01 6438906                    /home/user/.gradle/wrapper/dists/gradle-2.14-bin/76oc0mnc3ieqtsukq90mp0rxk/gradle-2.14/lib/plugins/jsp-api-2.1-6.1.14.jar
7f562d4a4000-7f562d4c7000 r--s 00344000 08:01 6438905                    /home/user/.gradle/wrapper/dists/gradle-2.14-bin/76oc0mnc3ieqtsukq90mp0rxk/gradle-2.14/lib/plugins/core-3.1.1.jar
7f562d4c7000-7f562d4c8000 r--s 00006000 08:01 6438904                    /home/user/.gradle/wrapper/dists/gradle-2.14-bin/76oc0mnc3ieqtsukq90mp0rxk/gradle-2.14/lib/plugins/jetty-naming-6.1.25.jar
7f562d4c8000-7f562d4c9000 r--s 00002000 08:01 6438877                    /home/user/.gradle/wrapper/dists/gradle-2.14-bin/76oc0mnc3ieqtsukq90mp0rxk/gradle-2.14/lib/plugins/geronimo-annotation_1.0_spec-1.0.jar
7f562d4c9000-7f562d4cb000 r--s 00002000 08:01 6438876                    /home/user/.gradle/wrapper/dists/gradle-2.14-bin/76oc0mnc3ieqtsukq90mp0rxk/gradle-2.14/lib/plugins/jetty-annotations-6.1.25.jar
7f562d4cb000-7f562d4dc000 r--s 000ea000 08:01 6438875                    /home/user/.gradle/wrapper/dists/gradle-2.14-bin/76oc0mnc3ieqtsukq90mp0rxk/gradle-2.14/lib/plugins/jsp-2.1-6.1.14.jar
7f562d4dc000-7f562d4de000 r--s 0000d000 08:01 6438874                    /home/user/.gradle/wrapper/dists/gradle-2.14-bin/76oc0mnc3ieqtsukq90mp0rxk/gradle-2.14/lib/plugins/jetty-plus-6.1.25.jar
7f562d4de000-7f562d4e0000 r--s 0001f000 08:01 6438873                    /home/user/.gradle/wrapper/dists/gradle-2.14-bin/76oc0mnc3ieqtsukq90mp0rxk/gradle-2.14/lib/plugins/servlet-api-2.5-20081211.jar
7f562d4e0000-7f562d4e4000 r--s 00028000 08:01 6438872                    /home/user/.gradle/wrapper/dists/gradle-2.14-bin/76oc0mnc3ieqtsukq90mp0rxk/gradle-2.14/lib/plugins/jetty-util-6.1.25.jar
7f562d4e4000-7f562d4eb000 r--s 0007d000 08:01 6438871                    /home/user/.gradle/wrapper/dists/gradle-2.14-bin/76oc0mnc3ieqtsukq90mp0rxk/gradle-2.14/lib/plugins/jetty-6.1.25.jar
7f562d4eb000-7f562d4ed000 r--s 00009000 08:01 6434251                    /home/user/.gradle/wrapper/dists/gradle-2.14-bin/76oc0mnc3ieqtsukq90mp0rxk/gradle-2.14/lib/plugins/gradle-jetty-2.14.jar
7f562d4ed000-7f562d4f4000 r--s 00035000 08:01 6438887                    /home/user/.gradle/wrapper/dists/gradle-2.14-bin/76oc0mnc3ieqtsukq90mp0rxk/gradle-2.14/lib/plugins/simple-4.1.21.jar
7f562d4f4000-7f562d500000 r--s 00100000 08:01 6438885                    /home/user/.gradle/wrapper/dists/gradle-2.14-bin/76oc0mnc3ieqtsukq90mp0rxk/gradle-2.14/lib/plugins/rhino-1.7R3.jar
7f562d500000-7f562d504000 r--s 00011000 08:01 6434267                    /home/user/.gradle/wrapper/dists/gradle-2.14-bin/76oc0mnc3ieqtsukq90mp0rxk/gradle-2.14/lib/plugins/gradle-javascript-2.14.jar
7f562d504000-7f562d506000 r--s 0000c000 08:01 6434279                    /home/user/.gradle/wrapper/dists/gradle-2.14-bin/76oc0mnc3ieqtsukq90mp0rxk/gradle-2.14/lib/plugins/gradle-jacoco-2.14.jar
7f562d506000-7f562d509000 r--s 0000e000 08:01 6434277                    /home/user/.gradle/wrapper/dists/gradle-2.14-bin/76oc0mnc3ieqtsukq90mp0rxk/gradle-2.14/lib/plugins/gradle-ivy-2.14.jar
7f562d509000-7f562d50a000 r--s 00002000 08:01 6434292                    /home/user/.gradle/wrapper/dists/gradle-2.14-bin/76oc0mnc3ieqtsukq90mp0rxk/gradle-2.14/lib/plugins/gradle-ide-play-2.14.jar
7f562d50a000-7f562d50f000 r--s 0002b000 08:01 6438458                    /home/user/.gradle/wrapper/dists/gradle-2.14-bin/76oc0mnc3ieqtsukq90mp0rxk/gradle-2.14/lib/plugins/gradle-ide-native-2.14.jar
7f562d50f000-7f562d51a000 r--s 00066000 08:01 6434256                    /home/user/.gradle/wrapper/dists/gradle-2.14-bin/76oc0mnc3ieqtsukq90mp0rxk/gradle-2.14/lib/plugins/gradle-ide-2.14.jar
7f562d51a000-7f562d51b000 r--s 00008000 08:01 6434264                    /home/user/.gradle/wrapper/dists/gradle-2.14-bin/76oc0mnc3ieqtsukq90mp0rxk/gradle-2.14/lib/plugins/gradle-ear-2.14.jar
7f562d51b000-7f562d521000 r--s 00032000 08:01 6434271                    /home/user/.gradle/wrapper/dists/gradle-2.14-bin/76oc0mnc3ieqtsukq90mp0rxk/gradle-2.14/lib/plugins/gradle-diagnostics-2.14.jar
7f562d521000-7f562d525000 r--s 00021000 08:01 6434250                    /home/user/.gradle/wrapper/dists/gradle-2.14-bin/76oc0mnc3ieqtsukq90mp0rxk/gradle-2.14/lib/plugins/gradle-code-quality-2.14.jar
7f562d525000-7f562d529000 r--s 0001f000 08:01 6434280                    /home/user/.gradle/wrapper/dists/gradle-2.14-bin/76oc0mnc3ieqtsukq90mp0rxk/gradle-2.14/lib/plugins/gradle-build-init-2.14.jar
7f562d529000-7f562d530000 r--s 0008e000 08:01 6434268                    /home/user/.gradle/wrapper/dists/gradle-2.14-bin/76oc0mnc3ieqtsukq90mp0rxk/gradle-2.14/lib/plugins/gradle-build-comparison-2.14.jar
7f562d530000-7f562d532000 r--s 00008000 08:01 6434252                    /home/user/.gradle/wrapper/dists/gradle-2.14-bin/76oc0mnc3ieqtsukq90mp0rxk/gradle-2.14/lib/plugins/gradle-antlr-2.14.jar
7f562d532000-7f562d534000 r--s 00004000 08:01 6434258                    /home/user/.gradle/wrapper/dists/gradle-2.14-bin/76oc0mnc3ieqtsukq90mp0rxk/gradle-2.14/lib/plugins/gradle-announce-2.14.jar
7f562d534000-7f562d54c000 r--s 00115000 08:01 6438936                    /home/user/.gradle/wrapper/dists/gradle-2.14-bin/76oc0mnc3ieqtsukq90mp0rxk/gradle-2.14/lib/plugins/xercesImpl-2.9.1.jar
7f562d54c000-7f562d554000 r--s 00028000 08:01 6438937                    /home/user/.gradle/wrapper/dists/gradle-2.14-bin/76oc0mnc3ieqtsukq90mp0rxk/gradle-2.14/lib/plugins/xml-apis-1.3.04.jar
7f562d554000-7f562d55a000 r--s 0005b000 08:01 6438935                    /home/user/.gradle/wrapper/dists/gradle-2.14-bin/76oc0mnc3ieqtsukq90mp0rxk/gradle-2.14/lib/plugins/jcifs-1.3.17.jar
7f562d55a000-7f562d561000 r--s 00049000 08:01 6438934                    /home/user/.gradle/wrapper/dists/gradle-2.14-bin/76oc0mnc3ieqtsukq90mp0rxk/gradle-2.14/lib/plugins/httpcore-4.4.4.jar
7f562d561000-7f562d567000 r--s 00033000 08:01 6438882                    /home/user/.gradle/wrapper/dists/gradle-2.14-bin/76oc0mnc3ieqtsukq90mp0rxk/gradle-2.14/lib/plugins/commons-codec-1.6.jar
7f562d567000-7f562d56a000 r--s 0001c000 08:01 6438892                    /home/user/.gradle/wrapper/dists/gradle-2.14-bin/76oc0mnc3ieqtsukq90mp0rxk/gradle-2.14/lib/plugins/nekohtml-1.9.14.jar
7f562d56a000-7f562d577000 r--s 000a4000 08:01 6438891                    /home/user/.gradle/wrapper/dists/gradle-2.14-bin/76oc0mnc3ieqtsukq90mp0rxk/gradle-2.14/lib/plugins/httpclient-4.4.1.jar
7f562d577000-7f562d579000 r--s 0000a000 08:01 6438864                    /home/user/.gradle/wrapper/dists/gradle-2.14-bin/76oc0mnc3ieqtsukq90mp0rxk/gradle-2.14/lib/plugins/gradle-resources-http-2.14.jar
7f562d579000-7f562d57d000 r--s 00014000 08:01 6438863                    /home/user/.gradle/wrapper/dists/gradle-2.14-bin/76oc0mnc3ieqtsukq90mp0rxk/gradle-2.14/lib/plugins/gradle-plugin-use-2.14.jar
7f562d57d000-7f562d57e000 r--s 00000000 08:01 6434190                    /home/user/.gradle/wrapper/dists/gradle-2.14-bin/76oc0mnc3ieqtsukq90mp0rxk/gradle-2.14/lib/gradle-installation-beacon-2.14.jar
7f562d57e000-7f562d57f000 r--s 00007000 08:01 6438930                    /home/user/.gradle/wrapper/dists/gradle-2.14-bin/76oc0mnc3ieqtsukq90mp0rxk/gradle-2.14/lib/plugins/wagon-http-shared4-2.4.jar
7f562d57f000-7f562d583000 r--s 00033000 08:01 6438929                    /home/user/.gradle/wrapper/dists/gradle-2.14-bin/76oc0mnc3ieqtsukq90mp0rxk/gradle-2.14/lib/plugins/plexus-utils-2.0.6.jar
7f562d583000-7f562d587000 r--s 00021000 08:01 6438928                    /home/user/.gradle/wrapper/dists/gradle-2.14-bin/76oc0mnc3ieqtsukq90mp0rxk/gradle-2.14/lib/plugins/maven-model-builder-3.0.4.jar
7f562d587000-7f562d588000 r--s 00002000 08:01 6438927                    /home/user/.gradle/wrapper/dists/gradle-2.14-bin/76oc0mnc3ieqtsukq90mp0rxk/gradle-2.14/lib/plugins/wagon-file-2.4.jar
7f562d588000-7f562d58a000 r--s 00002000 08:01 6438926                    /home/user/.gradle/wrapper/dists/gradle-2.14-bin/76oc0mnc3ieqtsukq90mp0rxk/gradle-2.14/lib/plugins/plexus-cipher-1.7.jar
7f562d58a000-7f562d58d000 r--s 00013000 08:01 6438925                    /home/user/.gradle/wrapper/dists/gradle-2.14-bin/76oc0mnc3ieqtsukq90mp0rxk/gradle-2.14/lib/plugins/aether-api-1.13.1.jar
7f562d58d000-7f562d58f000 r--s 0000a000 08:01 6438924                    /home/user/.gradle/wrapper/dists/gradle-2.14-bin/76oc0mnc3ieqtsukq90mp0rxk/gradle-2.14/lib/plugins/maven-settings-3.0.4.jar
7f562d58f000-7f562d591000 r--s 0000d000 08:01 6438923                    /home/user/.gradle/wrapper/dists/gradle-2.14-bin/76oc0mnc3ieqtsukq90mp0rxk/gradle-2.14/lib/plugins/plexus-interpolation-1.14.jar
7f562d591000-7f562d593000 r--s 0000b000 08:01 6438922                    /home/user/.gradle/wrapper/dists/gradle-2.14-bin/76oc0mnc3ieqtsukq90mp0rxk/gradle-2.14/lib/plugins/maven-artifact-3.0.4.jar
7f562d593000-7f562d59a000 r--s 0002e000 08:01 6438921                    /home/user/.gradle/wrapper/dists/gradle-2.14-bin/76oc0mnc3ieqtsukq90mp0rxk/gradle-2.14/lib/plugins/plexus-container-default-1.5.5.jar
7f562d59a000-7f562d59c000 r--s 0000b000 08:01 6438920                    /home/user/.gradle/wrapper/dists/gradle-2.14-bin/76oc0mnc3ieqtsukq90mp0rxk/gradle-2.14/lib/plugins/maven-plugin-api-3.0.4.jar
7f562d59c000-7f562d59e000 r--s 00000000 08:01 6438938                    /home/user/.gradle/wrapper/dists/gradle-2.14-bin/76oc0mnc3ieqtsukq90mp0rxk/gradle-2.14/lib/plugins/plexus-component-annotations-1.5.5.jar
7f562d59e000-7f562d5a4000 r--s 0003f000 08:01 6438919                    /home/user/.gradle/wrapper/dists/gradle-2.14-bin/76oc0mnc3ieqtsukq90mp0rxk/gradle-2.14/lib/plugins/maven-compat-3.0.4.jar
7f562d5a4000-7f562d5a7000 r--s 00008000 08:01 6438918                    /home/user/.gradle/wrapper/dists/gradle-2.14-bin/76oc0mnc3ieqtsukq90mp0rxk/gradle-2.14/lib/plugins/maven-settings-builder-3.0.4.jar
7f562d5a7000-7f562d5a8000 r--s 00002000 08:01 6438917                    /home/user/.gradle/wrapper/dists/gradle-2.14-bin/76oc0mnc3ieqtsukq90mp0rxk/gradle-2.14/lib/plugins/wagon-http-2.4.jar
7f562d5a8000-7f562d5aa000 r--s 00026000 08:01 6438916                    /home/user/.gradle/wrapper/dists/gradle-2.14-bin/76oc0mnc3ieqtsukq90mp0rxk/gradle-2.14/lib/plugins/maven-model-3.0.4.jar
7f562d5aa000-7f562d5ac000 r--s 00006000 08:01 6438915                    /home/user/.gradle/wrapper/dists/gradle-2.14-bin/76oc0mnc3ieqtsukq90mp0rxk/gradle-2.14/lib/plugins/aether-connector-wagon-1.13.1.jar
7f562d5ac000-7f562d5ae000 r--s 0000a000 08:01 6438914                    /home/user/.gradle/wrapper/dists/gradle-2.14-bin/76oc0mnc3ieqtsukq90mp0rxk/gradle-2.14/lib/plugins/plexus-classworlds-2.4.jar
7f562d5ae000-7f562d5b0000 r--s 00006000 08:01 6438913                    /home/user/.gradle/wrapper/dists/gradle-2.14-bin/76oc0mnc3ieqtsukq90mp0rxk/gradle-2.14/lib/plugins/maven-repository-metadata-3.0.4.jar
7f562d5b0000-7f562d5b2000 r--s 0000c000 08:01 6438912                    /home/user/.gradle/wrapper/dists/gradle-2.14-bin/76oc0mnc3ieqtsukq90mp0rxk/gradle-2.14/lib/plugins/maven-aether-provider-3.0.4.jar
7f562d5b2000-7f562d5b4000 r--s 0000b000 08:01 6438911                    /home/user/.gradle/wrapper/dists/gradle-2.14-bin/76oc0mnc3ieqtsukq90mp0rxk/gradle-2.14/lib/plugins/wagon-provider-api-2.4.jar
7f562d5b4000-7f562d5b5000 r--s 00003000 08:01 6438910                    /home/user/.gradle/wrapper/dists/gradle-2.14-bin/76oc0mnc3ieqtsukq90mp0rxk/gradle-2.14/lib/plugins/aether-spi-1.13.1.jar
7f562d5b5000-7f562d5b9000 r--s 0001c000 08:01 6438909                    /home/user/.gradle/wrapper/dists/gradle-2.14-bin/76oc0mnc3ieqtsukq90mp0rxk/gradle-2.14/lib/plugins/aether-util-1.13.1.jar
7f562d5b9000-7f562d5bc000 r--s 0001d000 08:01 6438908                    /home/user/.gradle/wrapper/dists/gradle-2.14-bin/76oc0mnc3ieqtsukq90mp0rxk/gradle-2.14/lib/plugins/aether-impl-1.13.1.jar
7f562d5bc000-7f562d5bd000 r--s 00006000 08:01 6438907                    /home/user/.gradle/wrapper/dists/gradle-2.14-bin/76oc0mnc3ieqtsukq90mp0rxk/gradle-2.14/lib/plugins/plexus-sec-dispatcher-1.3.jar
7f562d5bd000-7f562d5c2000 r--s 00040000 08:01 6438893                    /home/user/.gradle/wrapper/dists/gradle-2.14-bin/76oc0mnc3ieqtsukq90mp0rxk/gradle-2.14/lib/plugins/jsch-0.1.53.jar
7f562d5c2000-7f562d602000 r--s 00277000 08:01 6438903                    /home/user/.gradle/wrapper/dists/gradle-2.14-bin/76oc0mnc3ieqtsukq90mp0rxk/gradle-2.14/lib/plugins/bcprov-jdk15on-1.51.jar
7f562d602000-7f562d60e000 r--s 0007d000 08:01 6438879                    /home/user/.gradle/wrapper/dists/gradle-2.14-bin/76oc0mnc3ieqtsukq90mp0rxk/gradle-2.14/lib/plugins/maven-core-3.0.4.jar
7f562d60e000-7f562d617000 r-xp 00000000 08:01 5020828                    /usr/lib/jvm/java-8-oracle/jre/lib/amd64/libmanagement.so
7f562d617000-7f562d816000 ---p 00009000 08:01 5020828                    /usr/lib/jvm/java-8-oracle/jre/lib/amd64/libmanagement.so
7f562d816000-7f562d817000 rw-p 00008000 08:01 5020828                    /usr/lib/jvm/java-8-oracle/jre/lib/amd64/libmanagement.so
7f562d817000-7f562d82c000 r-xp 00000000 08:01 2493914                    /tmp/jna7759065770986419012.tmp
7f562d82c000-7f562d92b000 ---p 00015000 08:01 2493914                    /tmp/jna7759065770986419012.tmp
7f562d92b000-7f562d92d000 rw-p 00014000 08:01 2493914                    /tmp/jna7759065770986419012.tmp
7f562d92d000-7f562d952000 r-xp 00000000 08:01 4723430                    /lib/x86_64-linux-gnu/libtinfo.so.5.9
7f562d952000-7f562db51000 ---p 00025000 08:01 4723430                    /lib/x86_64-linux-gnu/libtinfo.so.5.9
7f562db51000-7f562db55000 r--p 00024000 08:01 4723430                    /lib/x86_64-linux-gnu/libtinfo.so.5.9
7f562db55000-7f562db56000 rw-p 00028000 08:01 4723430                    /lib/x86_64-linux-gnu/libtinfo.so.5.9
7f562db56000-7f562db77000 r-xp 00000000 08:01 4723342                    /lib/x86_64-linux-gnu/libncurses.so.5.9
7f562db77000-7f562dd76000 ---p 00021000 08:01 4723342                    /lib/x86_64-linux-gnu/libncurses.so.5.9
7f562dd76000-7f562dd77000 r--p 00020000 08:01 4723342                    /lib/x86_64-linux-gnu/libncurses.so.5.9
7f562dd77000-7f562dd78000 rw-p 00021000 08:01 4723342                    /lib/x86_64-linux-gnu/libncurses.so.5.9
7f562dd78000-7f562dd7b000 r-xp 00000000 08:01 6574662                    /home/user/.gradle/native/19/linux-amd64/libnative-platform-curses.so
7f562dd7b000-7f562df7b000 ---p 00003000 08:01 6574662                    /home/user/.gradle/native/19/linux-amd64/libnative-platform-curses.so
7f562df7b000-7f562df7c000 rw-p 00003000 08:01 6574662                    /home/user/.gradle/native/19/linux-amd64/libnative-platform-curses.so
7f562df7c000-7f562df92000 r-xp 00000000 08:01 4726873                    /lib/x86_64-linux-gnu/libgcc_s.so.1
7f562df92000-7f562e191000 ---p 00016000 08:01 4726873                    /lib/x86_64-linux-gnu/libgcc_s.so.1
7f562e191000-7f562e192000 r--p 00015000 08:01 4726873                    /lib/x86_64-linux-gnu/libgcc_s.so.1
7f562e192000-7f562e193000 rw-p 00016000 08:01 4726873                    /lib/x86_64-linux-gnu/libgcc_s.so.1
7f562e193000-7f562e30b000 r-xp 00000000 08:01 4983227                    /usr/lib/x86_64-linux-gnu/libstdc++.so.6.0.24
7f562e30b000-7f562e50a000 ---p 00178000 08:01 4983227                    /usr/lib/x86_64-linux-gnu/libstdc++.so.6.0.24
7f562e50a000-7f562e514000 r--p 00177000 08:01 4983227                    /usr/lib/x86_64-linux-gnu/libstdc++.so.6.0.24
7f562e514000-7f562e516000 rw-p 00181000 08:01 4983227                    /usr/lib/x86_64-linux-gnu/libstdc++.so.6.0.24
7f562e516000-7f562e519000 rw-p 00000000 00:00 0 
7f562e519000-7f562e51d000 r--s 0001d000 08:01 6438902                    /home/user/.gradle/wrapper/dists/gradle-2.14-bin/76oc0mnc3ieqtsukq90mp0rxk/gradle-2.14/lib/plugins/xbean-reflect-3.4.jar
7f562e51d000-7f562e522000 r--s 0002a000 08:01 6438886                    /home/user/.gradle/wrapper/dists/gradle-2.14-bin/76oc0mnc3ieqtsukq90mp0rxk/gradle-2.14/lib/plugins/gson-2.2.4.jar
7f562e522000-7f562e531000 r--s 000d9000 08:01 6438901                    /home/user/.gradle/wrapper/dists/gradle-2.14-bin/76oc0mnc3ieqtsukq90mp0rxk/gradle-2.14/lib/plugins/ivy-2.2.0.jar
7f562e531000-7f562e54d000 r--s 000d3000 08:01 6438868                    /home/user/.gradle/wrapper/dists/gradle-2.14-bin/76oc0mnc3ieqtsukq90mp0rxk/gradle-2.14/lib/plugins/gradle-dependency-management-2.14.jar
7f562e54d000-7f562e554000 r--s 00000000 08:01 5252219                    /usr/lib/x86_64-linux-gnu/gconv/gconv-modules.cache
7f562e554000-7f562e558000 r-xp 00000000 08:01 6574660                    /home/user/.gradle/native/19/linux-amd64/libnative-platform.so
7f562e558000-7f562e757000 ---p 00004000 08:01 6574660                    /home/user/.gradle/native/19/linux-amd64/libnative-platform.so
7f562e757000-7f562e758000 rw-p 00003000 08:01 6574660                    /home/user/.gradle/native/19/linux-amd64/libnative-platform.so
7f562e758000-7f562e75a000 r--s 00005000 08:01 6434189                    /home/user/.gradle/wrapper/dists/gradle-2.14-bin/76oc0mnc3ieqtsukq90mp0rxk/gradle-2.14/lib/gradle-wrapper-2.14.jar
7f562e75a000-7f562e768000 r--s 0004f000 08:01 6434196                    /home/user/.gradle/wrapper/dists/gradle-2.14-bin/76oc0mnc3ieqtsukq90mp0rxk/gradle-2.14/lib/gradle-tooling-api-2.14.jar
7f562e768000-7f562e76a000 r--s 00002000 08:01 6434221                    /home/user/.gradle/wrapper/dists/gradle-2.14-bin/76oc0mnc3ieqtsukq90mp0rxk/gradle-2.14/lib/gradle-open-api-2.14.jar
7f562e76a000-7f562e770000 r--s 00032000 08:01 6434223                    /home/user/.gradle/wrapper/dists/gradle-2.14-bin/76oc0mnc3ieqtsukq90mp0rxk/gradle-2.14/lib/jaxen-1.1.jar
7f562e770000-7f562e775000 r--s 00048000 08:01 6434222                    /home/user/.gradle/wrapper/dists/gradle-2.14-bin/76oc0mnc3ieqtsukq90mp0rxk/gradle-2.14/lib/dom4j-1.6.1.jar
7f562e775000-7f562e780000 r--s 00059000 08:01 6434195                    /home/user/.gradle/wrapper/dists/gradle-2.14-bin/76oc0mnc3ieqtsukq90mp0rxk/gradle-2.14/lib/gradle-ui-2.14.jar
7f562e780000-7f562e783000 r--s 0000b000 08:01 6434219                    /home/user/.gradle/wrapper/dists/gradle-2.14-bin/76oc0mnc3ieqtsukq90mp0rxk/gradle-2.14/lib/gradle-resources-2.14.jar
7f562e783000-7f562e785000 r--s 00003000 08:01 6434235                    /home/user/.gradle/wrapper/dists/gradle-2.14-bin/76oc0mnc3ieqtsukq90mp0rxk/gradle-2.14/lib/jcl-over-slf4j-1.7.10.jar
7f562e785000-7f562e786000 r--s 00005000 08:01 6434234                    /home/user/.gradle/wrapper/dists/gradle-2.14-bin/76oc0mnc3ieqtsukq90mp0rxk/gradle-2.14/lib/log4j-over-slf4j-1.7.10.jar
7f562e786000-7f562e788000 r--s 00000000 08:01 6434233                    /home/user/.gradle/wrapper/dists/gradle-2.14-bin/76oc0mnc3ieqtsukq90mp0rxk/gradle-2.14/lib/jul-to-slf4j-1.7.10.jar
7f562e788000-7f562e78d000 r--s 0001c000 08:01 6434217                    /home/user/.gradle/wrapper/dists/gradle-2.14-bin/76oc0mnc3ieqtsukq90mp0rxk/gradle-2.14/lib/gradle-logging-2.14.jar
7f562e78d000-7f562e78f000 r--s 00007000 08:01 6434246                    /home/user/.gradle/wrapper/dists/gradle-2.14-bin/76oc0mnc3ieqtsukq90mp0rxk/gradle-2.14/lib/objenesis-1.2.jar
7f562e78f000-7f562e791000 r--s 00000000 08:01 6434245                    /home/user/.gradle/wrapper/dists/gradle-2.14-bin/76oc0mnc3ieqtsukq90mp0rxk/gradle-2.14/lib/minlog-1.2.jar
7f562e791000-7f562e793000 r--s 0000f000 08:01 6434244                    /home/user/.gradle/wrapper/dists/gradle-2.14-bin/76oc0mnc3ieqtsukq90mp0rxk/gradle-2.14/lib/reflectasm-1.07-shaded.jar
7f562e793000-7f562e797000 r--s 00026000 08:01 6434232                    /home/user/.gradle/wrapper/dists/gradle-2.14-bin/76oc0mnc3ieqtsukq90mp0rxk/gradle-2.14/lib/kryo-2.20.jar
7f562e797000-7f562e79d000 r--s 00025000 08:01 6434215                    /home/user/.gradle/wrapper/dists/gradle-2.14-bin/76oc0mnc3ieqtsukq90mp0rxk/gradle-2.14/lib/gradle-messaging-2.14.jar
7f562e79d000-7f562e79e000 r--s 00003000 08:01 6434243                    /home/user/.gradle/wrapper/dists/gradle-2.14-bin/76oc0mnc3ieqtsukq90mp0rxk/gradle-2.14/lib/native-platform-freebsd-amd64-0.10.jar
7f562e79e000-7f562e79f000 r--s 00003000 08:01 6434242                    /home/user/.gradle/wrapper/dists/gradle-2.14-bin/76oc0mnc3ieqtsukq90mp0rxk/gradle-2.14/lib/native-platform-freebsd-i386-0.10.jar
7f562e79f000-7f562e7a0000 r--s 00005000 08:01 6434241                    /home/user/.gradle/wrapper/dists/gradle-2.14-bin/76oc0mnc3ieqtsukq90mp0rxk/gradle-2.14/lib/native-platform-windows-i386-0.10.jar
7f562e7a0000-7f562e7a1000 r--s 00005000 08:01 6434240                    /home/user/.gradle/wrapper/dists/gradle-2.14-bin/76oc0mnc3ieqtsukq90mp0rxk/gradle-2.14/lib/native-platform-windows-amd64-0.10.jar
7f562e7a1000-7f562e7a2000 r--s 00003000 08:01 6434239                    /home/user/.gradle/wrapper/dists/gradle-2.14-bin/76oc0mnc3ieqtsukq90mp0rxk/gradle-2.14/lib/native-platform-linux-i386-0.10.jar
7f562e7a2000-7f562e7a3000 r--s 00003000 08:01 6434238                    /home/user/.gradle/wrapper/dists/gradle-2.14-bin/76oc0mnc3ieqtsukq90mp0rxk/gradle-2.14/lib/native-platform-linux-amd64-0.10.jar
7f562e7a3000-7f562e7a4000 r--s 00002000 08:01 6434237                    /home/user/.gradle/wrapper/dists/gradle-2.14-bin/76oc0mnc3ieqtsukq90mp0rxk/gradle-2.14/lib/native-platform-osx-amd64-0.10.jar
7f562e7a4000-7f562e7a5000 r--s 00002000 08:01 6434236                    /home/user/.gradle/wrapper/dists/gradle-2.14-bin/76oc0mnc3ieqtsukq90mp0rxk/gradle-2.14/lib/native-platform-osx-i386-0.10.jar
7f562e7a5000-7f562e7a7000 r--s 00008000 08:01 6434229                    /home/user/.gradle/wrapper/dists/gradle-2.14-bin/76oc0mnc3ieqtsukq90mp0rxk/gradle-2.14/lib/jansi-1.2.1.jar
7f562e7a7000-7f562e7aa000 r--s 0000d000 08:01 6434227                    /home/user/.gradle/wrapper/dists/gradle-2.14-bin/76oc0mnc3ieqtsukq90mp0rxk/gradle-2.14/lib/native-platform-0.10.jar
7f562e7aa000-7f562e7ae000 r--s 000e4000 08:01 6434224                    /home/user/.gradle/wrapper/dists/gradle-2.14-bin/76oc0mnc3ieqtsukq90mp0rxk/gradle-2.14/lib/jna-3.2.7.jar
7f562e7ae000-7f562e7b0000 r--s 00009000 08:01 6434197                    /home/user/.gradle/wrapper/dists/gradle-2.14-bin/76oc0mnc3ieqtsukq90mp0rxk/gradle-2.14/lib/gradle-native-2.14.jar
7f562e7b0000-7f562e7b2000 r--s 00005000 08:01 6434194                    /home/user/.gradle/wrapper/dists/gradle-2.14-bin/76oc0mnc3ieqtsukq90mp0rxk/gradle-2.14/lib/gradle-cli-2.14.jar
7f562e7b2000-7f562e7b4000 r--s 00007000 08:01 6434205                    /home/user/.gradle/wrapper/dists/gradle-2.14-bin/76oc0mnc3ieqtsukq90mp0rxk/gradle-2.14/lib/gradle-model-groovy-2.14.jar
7f562e7b4000-7f562e7b5000 r--s 00006000 08:01 6434214                    /home/user/.gradle/wrapper/dists/gradle-2.14-bin/76oc0mnc3ieqtsukq90mp0rxk/gradle-2.14/lib/gradle-base-services-groovy-2.14.jar
7f562e7b5000-7f562e7c4000 r--s 00080000 08:01 6434203                    /home/user/.gradle/wrapper/dists/gradle-2.14-bin/76oc0mnc3ieqtsukq90mp0rxk/gradle-2.14/lib/gradle-model-core-2.14.jar
7f562e7c4000-7f562e7c5000 r--s 00002000 08:01 6434220                    /home/user/.gradle/wrapper/dists/gradle-2.14-bin/76oc0mnc3ieqtsukq90mp0rxk/gradle-2.14/lib/gradle-docs-2.14.jar
7f562e7c5000-7f562e7c6000 r--s 00000000 08:01 6434212                    /home/user/.gradle/wrapper/dists/gradle-2.14-bin/76oc0mnc3ieqtsukq90mp0rxk/gradle-2.14/lib/javax.inject-1.jar
7f562e7c6000-7f562e7c7000 r--s 00000000 08:01 6434211                    /home/user/.gradle/wrapper/dists/gradle-2.14-bin/76oc0mnc3ieqtsukq90mp0rxk/gradle-2.14/lib/jcip-annotations-1.0.jar
7f562e7c7000-7f562e7d4000 r--s 00083000 08:01 6434209                    /home/user/.gradle/wrapper/dists/gradle-2.14-bin/76oc0mnc3ieqtsukq90mp0rxk/gradle-2.14/lib/commons-collections-3.2.2.jar
7f562e7d4000-7f562e843000 r--s 0063e000 08:01 6434202                    /home/user/.gradle/wrapper/dists/gradle-2.14-bin/76oc0mnc3ieqtsukq90mp0rxk/gradle-2.14/lib/groovy-all-2.4.4.jar
7f562e843000-7f562e86b000 r--s 001cf000 08:01 6434199                    /home/user/.gradle/wrapper/dists/gradle-2.14-bin/76oc0mnc3ieqtsukq90mp0rxk/gradle-2.14/lib/guava-jdk5-17.0.jar
7f562e86b000-7f562e87c000 r-xp 00000000 08:01 5020823                    /usr/lib/jvm/java-8-oracle/jre/lib/amd64/libnio.so
7f562e87c000-7f562ea7b000 ---p 00011000 08:01 5020823                    /usr/lib/jvm/java-8-oracle/jre/lib/amd64/libnio.so
7f562ea7b000-7f562ea7c000 rw-p 00010000 08:01 5020823                    /usr/lib/jvm/java-8-oracle/jre/lib/amd64/libnio.so
7f562ea7c000-7f562ea92000 r-xp 00000000 08:01 5020820                    /usr/lib/jvm/java-8-oracle/jre/lib/amd64/libnet.so
7f562ea92000-7f562ec92000 ---p 00016000 08:01 5020820                    /usr/lib/jvm/java-8-oracle/jre/lib/amd64/libnet.so
7f562ec92000-7f562ec93000 rw-p 00016000 08:01 5020820                    /usr/lib/jvm/java-8-oracle/jre/lib/amd64/libnet.so
7f562ec93000-7f562ec94000 ---p 00000000 00:00 0 
7f562ec94000-7f562ed94000 rw-p 00000000 00:00 0 
7f562ed94000-7f562ed97000 ---p 00000000 00:00 0 
7f562ed97000-7f562ee95000 rw-p 00000000 00:00 0 
7f562ee95000-7f562ee98000 ---p 00000000 00:00 0 
7f562ee98000-7f562ef96000 rw-p 00000000 00:00 0 
7f562ef96000-7f562ef99000 ---p 00000000 00:00 0 
7f562ef99000-7f562f097000 rw-p 00000000 00:00 0 
7f562f097000-7f562f09a000 ---p 00000000 00:00 0 
7f562f09a000-7f562f198000 rw-p 00000000 00:00 0 
7f562f198000-7f562f19b000 ---p 00000000 00:00 0 
7f562f19b000-7f562f299000 rw-p 00000000 00:00 0 
7f562f299000-7f562f29c000 ---p 00000000 00:00 0 
7f562f29c000-7f562f39a000 rw-p 00000000 00:00 0 
7f562f39a000-7f562f7f8000 r--p 00000000 08:01 4982340                    /usr/lib/locale/locale-archive
7f562f7f8000-7f562f7fb000 ---p 00000000 00:00 0 
7f562f7fb000-7f562f8f9000 rw-p 00000000 00:00 0 
7f562f8f9000-7f562f8fc000 ---p 00000000 00:00 0 
7f562f8fc000-7f562f9fa000 rw-p 00000000 00:00 0 
7f562f9fa000-7f562f9fb000 ---p 00000000 00:00 0 
7f562f9fb000-7f5630000000 rw-p 00000000 00:00 0 
7f5630000000-7f5630021000 rw-p 00000000 00:00 0 
7f5630021000-7f5634000000 ---p 00000000 00:00 0 
7f5634000000-7f563401f000 r--s 001d1000 08:01 6434208                    /home/user/.gradle/wrapper/dists/gradle-2.14-bin/76oc0mnc3ieqtsukq90mp0rxk/gradle-2.14/lib/ant-1.9.6.jar
7f563401f000-7f5634055000 r--s 001bc000 08:01 6434193                    /home/user/.gradle/wrapper/dists/gradle-2.14-bin/76oc0mnc3ieqtsukq90mp0rxk/gradle-2.14/lib/gradle-core-2.14.jar
7f5634055000-7f56357e3000 rw-p 00000000 00:00 0 
7f56357e3000-7f56359bd000 r--s 03d68000 08:01 5020605                    /usr/lib/jvm/java-8-oracle/jre/lib/rt.jar
7f56359bd000-7f5636992000 rw-p 00000000 00:00 0 
7f5636992000-7f5636993000 ---p 00000000 00:00 0 
7f5636993000-7f5636a93000 rw-p 00000000 00:00 0 
7f5636a93000-7f5636a94000 ---p 00000000 00:00 0 
7f5636a94000-7f5636b94000 rw-p 00000000 00:00 0 
7f5636b94000-7f5636b95000 ---p 00000000 00:00 0 
7f5636b95000-7f5636c95000 rw-p 00000000 00:00 0 
7f5636c95000-7f5636c96000 ---p 00000000 00:00 0 
7f5636c96000-7f5636d96000 rw-p 00000000 00:00 0 
7f5636d96000-7f5636d97000 ---p 00000000 00:00 0 
7f5636d97000-7f5636e97000 rw-p 00000000 00:00 0 
7f5636e97000-7f5636e98000 ---p 00000000 00:00 0 
7f5636e98000-7f5636f98000 rw-p 00000000 00:00 0 
7f5636f98000-7f5636f99000 ---p 00000000 00:00 0 
7f5636f99000-7f56370d3000 rw-p 00000000 00:00 0 
7f56370d3000-7f56375d2000 ---p 00000000 00:00 0 
7f56375d2000-7f563760c000 rw-p 00000000 00:00 0 
7f563760c000-7f5637b0a000 ---p 00000000 00:00 0 
7f5637b0a000-7f5637b87000 rw-p 00000000 00:00 0 
7f5637b87000-7f5637da7000 ---p 00000000 00:00 0 
7f5637da7000-7f5637de5000 rw-p 00000000 00:00 0 
7f5637de5000-7f5638168000 ---p 00000000 00:00 0 
7f5638168000-7f5639098000 rwxp 00000000 00:00 0 
7f5639098000-7f5647168000 ---p 00000000 00:00 0 
7f5647168000-7f5647183000 r-xp 00000000 08:01 5020816                    /usr/lib/jvm/java-8-oracle/jre/lib/amd64/libzip.so
7f5647183000-7f5647383000 ---p 0001b000 08:01 5020816                    /usr/lib/jvm/java-8-oracle/jre/lib/amd64/libzip.so
7f5647383000-7f5647384000 rw-p 0001b000 08:01 5020816                    /usr/lib/jvm/java-8-oracle/jre/lib/amd64/libzip.so
7f5647384000-7f564738f000 r-xp 00000000 08:01 4727602                    /lib/x86_64-linux-gnu/libnss_files-2.26.so
7f564738f000-7f564758e000 ---p 0000b000 08:01 4727602                    /lib/x86_64-linux-gnu/libnss_files-2.26.so
7f564758e000-7f564758f000 r--p 0000a000 08:01 4727602                    /lib/x86_64-linux-gnu/libnss_files-2.26.so
7f564758f000-7f5647590000 rw-p 0000b000 08:01 4727602                    /lib/x86_64-linux-gnu/libnss_files-2.26.so
7f5647590000-7f5647596000 rw-p 00000000 00:00 0 
7f5647596000-7f56475a1000 r-xp 00000000 08:01 4727604                    /lib/x86_64-linux-gnu/libnss_nis-2.26.so
7f56475a1000-7f56477a0000 ---p 0000b000 08:01 4727604                    /lib/x86_64-linux-gnu/libnss_nis-2.26.so
7f56477a0000-7f56477a1000 r--p 0000a000 08:01 4727604                    /lib/x86_64-linux-gnu/libnss_nis-2.26.so
7f56477a1000-7f56477a2000 rw-p 0000b000 08:01 4727604                    /lib/x86_64-linux-gnu/libnss_nis-2.26.so
7f56477a2000-7f56477b9000 r-xp 00000000 08:01 4727599                    /lib/x86_64-linux-gnu/libnsl-2.26.so
7f56477b9000-7f56479b8000 ---p 00017000 08:01 4727599                    /lib/x86_64-linux-gnu/libnsl-2.26.so
7f56479b8000-7f56479b9000 r--p 00016000 08:01 4727599                    /lib/x86_64-linux-gnu/libnsl-2.26.so
7f56479b9000-7f56479ba000 rw-p 00017000 08:01 4727599                    /lib/x86_64-linux-gnu/libnsl-2.26.so
7f56479ba000-7f56479bc000 rw-p 00000000 00:00 0 
7f56479bc000-7f56479c4000 r-xp 00000000 08:01 4727600                    /lib/x86_64-linux-gnu/libnss_compat-2.26.so
7f56479c4000-7f5647bc3000 ---p 00008000 08:01 4727600                    /lib/x86_64-linux-gnu/libnss_compat-2.26.so
7f5647bc3000-7f5647bc4000 r--p 00007000 08:01 4727600                    /lib/x86_64-linux-gnu/libnss_compat-2.26.so
7f5647bc4000-7f5647bc5000 rw-p 00008000 08:01 4727600                    /lib/x86_64-linux-gnu/libnss_compat-2.26.so
7f5647bc5000-7f5647bf0000 r-xp 00000000 08:01 5020810                    /usr/lib/jvm/java-8-oracle/jre/lib/amd64/libjava.so
7f5647bf0000-7f5647def000 ---p 0002b000 08:01 5020810                    /usr/lib/jvm/java-8-oracle/jre/lib/amd64/libjava.so
7f5647def000-7f5647df1000 rw-p 0002a000 08:01 5020810                    /usr/lib/jvm/java-8-oracle/jre/lib/amd64/libjava.so
7f5647df1000-7f5647dfe000 r-xp 00000000 08:01 5020815                    /usr/lib/jvm/java-8-oracle/jre/lib/amd64/libverify.so
7f5647dfe000-7f5647ffe000 ---p 0000d000 08:01 5020815                    /usr/lib/jvm/java-8-oracle/jre/lib/amd64/libverify.so
7f5647ffe000-7f5648000000 rw-p 0000d000 08:01 5020815                    /usr/lib/jvm/java-8-oracle/jre/lib/amd64/libverify.so
7f5648000000-7f564a2c0000 rw-p 00000000 00:00 0 
7f564a2c0000-7f564c000000 ---p 00000000 00:00 0 
7f564c000000-7f564c004000 r--s 00027000 08:01 6434210                    /home/user/.gradle/wrapper/dists/gradle-2.14-bin/76oc0mnc3ieqtsukq90mp0rxk/gradle-2.14/lib/commons-io-2.2.jar
7f564c004000-7f564c009000 r--s 00038000 08:01 6434207                    /home/user/.gradle/wrapper/dists/gradle-2.14-bin/76oc0mnc3ieqtsukq90mp0rxk/gradle-2.14/lib/asm-all-5.1.jar
7f564c009000-7f564c00a000 r--s 00001000 08:01 6434201                    /home/user/.gradle/wrapper/dists/gradle-2.14-bin/76oc0mnc3ieqtsukq90mp0rxk/gradle-2.14/lib/gradle-process-services-2.14.jar
7f564c00a000-7f564c00f000 r--s 00041000 08:01 6434200                    /home/user/.gradle/wrapper/dists/gradle-2.14-bin/76oc0mnc3ieqtsukq90mp0rxk/gradle-2.14/lib/commons-lang-2.6.jar
7f564c00f000-7f564c017000 r--s 0003a000 08:01 6434191                    /home/user/.gradle/wrapper/dists/gradle-2.14-bin/76oc0mnc3ieqtsukq90mp0rxk/gradle-2.14/lib/gradle-base-services-2.14.jar
7f564c017000-7f564c08d000 rw-p 00000000 00:00 0 
7f564c08d000-7f564c08e000 ---p 00000000 00:00 0 
7f564c08e000-7f564c18e000 rw-p 00000000 00:00 0 
7f564c18e000-7f564c195000 r-xp 00000000 08:01 4727609                    /lib/x86_64-linux-gnu/librt-2.26.so
7f564c195000-7f564c394000 ---p 00007000 08:01 4727609                    /lib/x86_64-linux-gnu/librt-2.26.so
7f564c394000-7f564c395000 r--p 00006000 08:01 4727609                    /lib/x86_64-linux-gnu/librt-2.26.so
7f564c395000-7f564c396000 rw-p 00007000 08:01 4727609                    /lib/x86_64-linux-gnu/librt-2.26.so
7f564c396000-7f564c4eb000 r-xp 00000000 08:01 4727581                    /lib/x86_64-linux-gnu/libm-2.26.so
7f564c4eb000-7f564c6ea000 ---p 00155000 08:01 4727581                    /lib/x86_64-linux-gnu/libm-2.26.so
7f564c6ea000-7f564c6eb000 r--p 00154000 08:01 4727581                    /lib/x86_64-linux-gnu/libm-2.26.so
7f564c6eb000-7f564c6ec000 rw-p 00155000 08:01 4727581                    /lib/x86_64-linux-gnu/libm-2.26.so
7f564c6ec000-7f564d3c5000 r-xp 00000000 08:01 5020836                    /usr/lib/jvm/java-8-oracle/jre/lib/amd64/server/libjvm.so
7f564d3c5000-7f564d5c4000 ---p 00cd9000 08:01 5020836                    /usr/lib/jvm/java-8-oracle/jre/lib/amd64/server/libjvm.so
7f564d5c4000-7f564d69e000 rw-p 00cd8000 08:01 5020836                    /usr/lib/jvm/java-8-oracle/jre/lib/amd64/server/libjvm.so
7f564d69e000-7f564d6e9000 rw-p 00000000 00:00 0 
7f564d6e9000-7f564d8bf000 r-xp 00000000 08:01 4727471                    /lib/x86_64-linux-gnu/libc-2.26.so
7f564d8bf000-7f564dabf000 ---p 001d6000 08:01 4727471                    /lib/x86_64-linux-gnu/libc-2.26.so
7f564dabf000-7f564dac3000 r--p 001d6000 08:01 4727471                    /lib/x86_64-linux-gnu/libc-2.26.so
7f564dac3000-7f564dac5000 rw-p 001da000 08:01 4727471                    /lib/x86_64-linux-gnu/libc-2.26.so
7f564dac5000-7f564dac9000 rw-p 00000000 00:00 0 
7f564dac9000-7f564dacc000 r-xp 00000000 08:01 4727578                    /lib/x86_64-linux-gnu/libdl-2.26.so
7f564dacc000-7f564dccb000 ---p 00003000 08:01 4727578                    /lib/x86_64-linux-gnu/libdl-2.26.so
7f564dccb000-7f564dccc000 r--p 00002000 08:01 4727578                    /lib/x86_64-linux-gnu/libdl-2.26.so
7f564dccc000-7f564dccd000 rw-p 00003000 08:01 4727578                    /lib/x86_64-linux-gnu/libdl-2.26.so
7f564dccd000-7f564dce3000 r-xp 00000000 08:01 5020517                    /usr/lib/jvm/java-8-oracle/lib/amd64/jli/libjli.so
7f564dce3000-7f564dee2000 ---p 00016000 08:01 5020517                    /usr/lib/jvm/java-8-oracle/lib/amd64/jli/libjli.so
7f564dee2000-7f564dee3000 rw-p 00015000 08:01 5020517                    /usr/lib/jvm/java-8-oracle/lib/amd64/jli/libjli.so
7f564dee3000-7f564defd000 r-xp 00000000 08:01 4727607                    /lib/x86_64-linux-gnu/libpthread-2.26.so
7f564defd000-7f564e0fc000 ---p 0001a000 08:01 4727607                    /lib/x86_64-linux-gnu/libpthread-2.26.so
7f564e0fc000-7f564e0fd000 r--p 00019000 08:01 4727607                    /lib/x86_64-linux-gnu/libpthread-2.26.so
7f564e0fd000-7f564e0fe000 rw-p 0001a000 08:01 4727607                    /lib/x86_64-linux-gnu/libpthread-2.26.so
7f564e0fe000-7f564e102000 rw-p 00000000 00:00 0 
7f564e102000-7f564e129000 r-xp 00000000 08:01 4727448                    /lib/x86_64-linux-gnu/ld-2.26.so
7f564e129000-7f564e12a000 r--s 00000000 08:01 6434192                    /home/user/.gradle/wrapper/dists/gradle-2.14-bin/76oc0mnc3ieqtsukq90mp0rxk/gradle-2.14/lib/gradle-jvm-services-2.14.jar
7f564e12a000-7f564e135000 r--s 00051000 08:01 6434188                    /home/user/.gradle/wrapper/dists/gradle-2.14-bin/76oc0mnc3ieqtsukq90mp0rxk/gradle-2.14/lib/gradle-launcher-2.14.jar
7f564e135000-7f564e13f000 r--s 00116000 08:01 5020714                    /usr/lib/jvm/java-8-oracle/jre/lib/ext/localedata.jar
7f564e13f000-7f564e1e9000 rw-p 00000000 00:00 0 
7f564e1e9000-7f564e1ec000 ---p 00000000 00:00 0 
7f564e1ec000-7f564e2ee000 rw-p 00000000 00:00 0 
7f564e2ee000-7f564e2ef000 r--s 00007000 08:01 6434198                    /home/user/.gradle/wrapper/dists/gradle-2.14-bin/76oc0mnc3ieqtsukq90mp0rxk/gradle-2.14/lib/slf4j-api-1.7.10.jar
7f564e2ef000-7f564e2f0000 r--s 00004000 08:01 6434230                    /home/user/.gradle/wrapper/dists/gradle-2.14-bin/76oc0mnc3ieqtsukq90mp0rxk/gradle-2.14/lib/ant-launcher-1.9.6.jar
7f564e2f0000-7f564e2f5000 r--s 0009d000 08:01 5020610                    /usr/lib/jvm/java-8-oracle/jre/lib/jsse.jar
7f564e2f5000-7f564e2f7000 r--s 0000b000 08:21 525296                     /media/user/B0F86AB3F86A780C/Development/Husky-s-Minecraft-Additions/gradle/wrapper/gradle-wrapper.jar
7f564e2f7000-7f564e31f000 rw-p 00000000 00:00 0 
7f564e31f000-7f564e327000 rw-s 00000000 08:01 2493912                    /tmp/hsperfdata_user/3515
7f564e327000-7f564e328000 rw-p 00000000 00:00 0 
7f564e328000-7f564e329000 ---p 00000000 00:00 0 
7f564e329000-7f564e32a000 r--p 00027000 08:01 4727448                    /lib/x86_64-linux-gnu/ld-2.26.so
7f564e32a000-7f564e32b000 rw-p 00028000 08:01 4727448                    /lib/x86_64-linux-gnu/ld-2.26.so
7f564e32b000-7f564e32c000 rw-p 00000000 00:00 0 
7ffd692f6000-7ffd69318000 rw-p 00000000 00:00 0                          [stack]
7ffd693d7000-7ffd693da000 r--p 00000000 00:00 0                          [vvar]
7ffd693da000-7ffd693dc000 r-xp 00000000 00:00 0                          [vdso]
ffffffffff600000-ffffffffff601000 r-xp 00000000 00:00 0                  [vsyscall]

VM Arguments:
jvm_args: -Dorg.gradle.appname=gradlew 
java_command: org.gradle.wrapper.GradleWrapperMain build
java_class_path (initial): /media/user/B0F86AB3F86A780C/Development/Husky-s-Minecraft-Additions/gradle/wrapper/gradle-wrapper.jar
Launcher Type: SUN_STANDARD

Environment Variables:
JAVA_HOME=/usr/lib/jvm/java-8-oracle
PATH=/usr/local/sbin:/usr/local/bin:/usr/sbin:/usr/bin:/sbin:/bin:/usr/games:/usr/local/games:/snap/bin:/usr/lib/jvm/java-9-oracle/bin:/usr/lib/jvm/java-9-oracle/db/bin:/usr/lib/jvm/java-8-oracle/bin:/usr/lib/jvm/java-8-oracle/db/bin:/usr/lib/jvm/java-8-oracle/jre/bin
USERNAME=user
SHELL=/bin/bash
DISPLAY=:1

Signal Handlers:
SIGSEGV: [libjvm.so+0xad0890], sa_mask[0]=11111111011111111101111111111110, sa_flags=SA_RESTART|SA_SIGINFO
SIGBUS: [libjvm.so+0xad0890], sa_mask[0]=11111111011111111101111111111110, sa_flags=SA_RESTART|SA_SIGINFO
SIGFPE: [libjvm.so+0x928640], sa_mask[0]=11111111011111111101111111111110, sa_flags=SA_RESTART|SA_SIGINFO
SIGPIPE: [libjvm.so+0x928640], sa_mask[0]=11111111011111111101111111111110, sa_flags=SA_RESTART|SA_SIGINFO
SIGXFSZ: [libjvm.so+0x928640], sa_mask[0]=11111111011111111101111111111110, sa_flags=SA_RESTART|SA_SIGINFO
SIGILL: [libjvm.so+0x928640], sa_mask[0]=11111111011111111101111111111110, sa_flags=SA_RESTART|SA_SIGINFO
SIGUSR1: SIG_DFL, sa_mask[0]=00000000000000000000000000000000, sa_flags=none
SIGUSR2: [libjvm.so+0x929ea0], sa_mask[0]=00100000000000000000000000000000, sa_flags=SA_RESTART|SA_SIGINFO
SIGHUP: SIG_IGN, sa_mask[0]=00000000000000000000000000000000, sa_flags=none
SIGINT: [libjvm.so+0x92b2a0], sa_mask[0]=11111111011111111101111111111110, sa_flags=SA_RESTART|SA_SIGINFO
SIGTERM: [libjvm.so+0x92b2a0], sa_mask[0]=11111111011111111101111111111110, sa_flags=SA_RESTART|SA_SIGINFO
SIGQUIT: [libjvm.so+0x92b2a0], sa_mask[0]=11111111011111111101111111111110, sa_flags=SA_RESTART|SA_SIGINFO


---------------  S Y S T E M  ---------------

OS:DISTRIB_ID=Ubuntu
DISTRIB_RELEASE=17.10
DISTRIB_CODENAME=artful
DISTRIB_DESCRIPTION="Ubuntu 17.10"

uname:Linux 4.13.0-38-generic #43-Ubuntu SMP Wed Mar 14 15:20:44 UTC 2018 x86_64
libc:glibc 2.26 NPTL 2.26 
rlimit: STACK 8192k, CORE 0k, NPROC 63910, NOFILE 1048576, AS infinity
load average:102,56 54,92 80,26

/proc/meminfo:
MemTotal:       16422536 kB
MemFree:          133860 kB
MemAvailable:      27576 kB
Buffers:            1064 kB
Cached:           348808 kB
SwapCached:         1000 kB
Active:         13383596 kB
Inactive:        1237016 kB
Active(anon):   13369664 kB
Inactive(anon):  1215564 kB
Active(file):      13932 kB
Inactive(file):    21452 kB
Unevictable:          32 kB
Mlocked:              32 kB
SwapTotal:       2097148 kB
SwapFree:              0 kB
Dirty:                76 kB
Writeback:           100 kB
AnonPages:      14270676 kB
Mapped:           692780 kB
Shmem:            314052 kB
Slab:             297392 kB
SReclaimable:      86512 kB
SUnreclaim:       210880 kB
KernelStack:       44560 kB
PageTables:       248576 kB
NFS_Unstable:          0 kB
Bounce:                0 kB
WritebackTmp:          0 kB
CommitLimit:    10308416 kB
Committed_AS:   48167396 kB
VmallocTotal:   34359738367 kB
VmallocUsed:           0 kB
VmallocChunk:          0 kB
HardwareCorrupted:     0 kB
AnonHugePages:         0 kB
ShmemHugePages:        0 kB
ShmemPmdMapped:        0 kB
CmaTotal:              0 kB
CmaFree:               0 kB
HugePages_Total:       0
HugePages_Free:        0
HugePages_Rsvd:        0
HugePages_Surp:        0
Hugepagesize:       2048 kB
DirectMap4k:    16359872 kB
DirectMap2M:      415744 kB


CPU:total 8 (initial active 8) (4 cores per cpu, 2 threads per core) family 6 model 30 stepping 5, cmov, cx8, fxsr, mmx, sse, sse2, sse3, ssse3, sse4.1, sse4.2, popcnt, ht, tsc, tscinvbit

/proc/cpuinfo:
processor	: 0
vendor_id	: GenuineIntel
cpu family	: 6
model		: 30
model name	: Intel(R) Core(TM) i7 CPU         860  @ 2.80GHz
stepping	: 5
microcode	: 0x7
cpu MHz		: 2942.635
cache size	: 8192 KB
physical id	: 0
siblings	: 8
core id		: 0
cpu cores	: 4
apicid		: 0
initial apicid	: 0
fpu		: yes
fpu_exception	: yes
cpuid level	: 11
wp		: yes
flags		: fpu vme de pse tsc msr pae mce cx8 apic sep mtrr pge mca cmov pat pse36 clflush dts acpi mmx fxsr sse sse2 ss ht tm pbe syscall nx rdtscp lm constant_tsc arch_perfmon pebs bts rep_good nopl xtopology nonstop_tsc cpuid aperfmperf pni dtes64 monitor ds_cpl vmx smx est tm2 ssse3 cx16 xtpr pdcm sse4_1 sse4_2 popcnt lahf_lm pti retpoline tpr_shadow vnmi flexpriority ept vpid dtherm ida
bugs		: cpu_meltdown spectre_v1 spectre_v2
bogomips	: 5617.74
clflush size	: 64
cache_alignment	: 64
address sizes	: 36 bits physical, 48 bits virtual
power management:

processor	: 1
vendor_id	: GenuineIntel
cpu family	: 6
model		: 30
model name	: Intel(R) Core(TM) i7 CPU         860  @ 2.80GHz
stepping	: 5
microcode	: 0x7
cpu MHz		: 2942.626
cache size	: 8192 KB
physical id	: 0
siblings	: 8
core id		: 1
cpu cores	: 4
apicid		: 2
initial apicid	: 2
fpu		: yes
fpu_exception	: yes
cpuid level	: 11
wp		: yes
flags		: fpu vme de pse tsc msr pae mce cx8 apic sep mtrr pge mca cmov pat pse36 clflush dts acpi mmx fxsr sse sse2 ss ht tm pbe syscall nx rdtscp lm constant_tsc arch_perfmon pebs bts rep_good nopl xtopology nonstop_tsc cpuid aperfmperf pni dtes64 monitor ds_cpl vmx smx est tm2 ssse3 cx16 xtpr pdcm sse4_1 sse4_2 popcnt lahf_lm pti retpoline tpr_shadow vnmi flexpriority ept vpid dtherm ida
bugs		: cpu_meltdown spectre_v1 spectre_v2
bogomips	: 5617.74
clflush size	: 64
cache_alignment	: 64
address sizes	: 36 bits physical, 48 bits virtual
power management:

processor	: 2
vendor_id	: GenuineIntel
cpu family	: 6
model		: 30
model name	: Intel(R) Core(TM) i7 CPU         860  @ 2.80GHz
stepping	: 5
microcode	: 0x7
cpu MHz		: 2942.647
cache size	: 8192 KB
physical id	: 0
siblings	: 8
core id		: 2
cpu cores	: 4
apicid		: 4
initial apicid	: 4
fpu		: yes
fpu_exception	: yes
cpuid level	: 11
wp		: yes
flags		: fpu vme de pse tsc msr pae mce cx8 apic sep mtrr pge mca cmov pat pse36 clflush dts acpi mmx fxsr sse sse2 ss ht tm pbe syscall nx rdtscp lm constant_tsc arch_perfmon pebs bts rep_good nopl xtopology nonstop_tsc cpuid aperfmperf pni dtes64 monitor ds_cpl vmx smx est tm2 ssse3 cx16 xtpr pdcm sse4_1 sse4_2 popcnt lahf_lm pti retpoline tpr_shadow vnmi flexpriority ept vpid dtherm ida
bugs		: cpu_meltdown spectre_v1 spectre_v2
bogomips	: 5617.74
clflush size	: 64
cache_alignment	: 64
address sizes	: 36 bits physical, 48 bits virtual
power management:

processor	: 3
vendor_id	: GenuineIntel
cpu family	: 6
model		: 30
model name	: Intel(R) Core(TM) i7 CPU         860  @ 2.80GHz
stepping	: 5
microcode	: 0x7
cpu MHz		: 2942.636
cache size	: 8192 KB
physical id	: 0
siblings	: 8
core id		: 3
cpu cores	: 4
apicid		: 6
initial apicid	: 6
fpu		: yes
fpu_exception	: yes
cpuid level	: 11
wp		: yes
flags		: fpu vme de pse tsc msr pae mce cx8 apic sep mtrr pge mca cmov pat pse36 clflush dts acpi mmx fxsr sse sse2 ss ht tm pbe syscall nx rdtscp lm constant_tsc arch_perfmon pebs bts rep_good nopl xtopology nonstop_tsc cpuid aperfmperf pni dtes64 monitor ds_cpl vmx smx est tm2 ssse3 cx16 xtpr pdcm sse4_1 sse4_2 popcnt lahf_lm pti retpoline tpr_shadow vnmi flexpriority ept vpid dtherm ida
bugs		: cpu_meltdown spectre_v1 spectre_v2
bogomips	: 5617.74
clflush size	: 64
cache_alignment	: 64
address sizes	: 36 bits physical, 48 bits virtual
power management:

processor	: 4
vendor_id	: GenuineIntel
cpu family	: 6
model		: 30
model name	: Intel(R) Core(TM) i7 CPU         860  @ 2.80GHz
stepping	: 5
microcode	: 0x7
cpu MHz		: 2942.624
cache size	: 8192 KB
physical id	: 0
siblings	: 8
core id		: 0
cpu cores	: 4
apicid		: 1
initial apicid	: 1
fpu		: yes
fpu_exception	: yes
cpuid level	: 11
wp		: yes
flags		: fpu vme de pse tsc msr pae mce cx8 apic sep mtrr pge mca cmov pat pse36 clflush dts acpi mmx fxsr sse sse2 ss ht tm pbe syscall nx rdtscp lm constant_tsc arch_perfmon pebs bts rep_good nopl xtopology nonstop_tsc cpuid aperfmperf pni dtes64 monitor ds_cpl vmx smx est tm2 ssse3 cx16 xtpr pdcm sse4_1 sse4_2 popcnt lahf_lm pti retpoline tpr_shadow vnmi flexpriority ept vpid dtherm ida
bugs		: cpu_meltdown spectre_v1 spectre_v2
bogomips	: 5617.74
clflush size	: 64
cache_alignment	: 64
address sizes	: 36 bits physical, 48 bits virtual
power management:

processor	: 5
vendor_id	: GenuineIntel
cpu family	: 6
model		: 30
model name	: Intel(R) Core(TM) i7 CPU         860  @ 2.80GHz
stepping	: 5
microcode	: 0x7
cpu MHz		: 2942.612
cache size	: 8192 KB
physical id	: 0
siblings	: 8
core id		: 1
cpu cores	: 4
apicid		: 3
initial apicid	: 3
fpu		: yes
fpu_exception	: yes
cpuid level	: 11
wp		: yes
flags		: fpu vme de pse tsc msr pae mce cx8 apic sep mtrr pge mca cmov pat pse36 clflush dts acpi mmx fxsr sse sse2 ss ht tm pbe syscall nx rdtscp lm constant_tsc arch_perfmon pebs bts rep_good nopl xtopology nonstop_tsc cpuid aperfmperf pni dtes64 monitor ds_cpl vmx smx est tm2 ssse3 cx16 xtpr pdcm sse4_1 sse4_2 popcnt lahf_lm pti retpoline tpr_shadow vnmi flexpriority ept vpid dtherm ida
bugs		: cpu_meltdown spectre_v1 spectre_v2
bogomips	: 5617.74
clflush size	: 64
cache_alignment	: 64
address sizes	: 36 bits physical, 48 bits virtual
power management:

processor	: 6
vendor_id	: GenuineIntel
cpu family	: 6
model		: 30
model name	: Intel(R) Core(TM) i7 CPU         860  @ 2.80GHz
stepping	: 5
microcode	: 0x7
cpu MHz		: 2942.610
cache size	: 8192 KB
physical id	: 0
siblings	: 8
core id		: 2
cpu cores	: 4
apicid		: 5
initial apicid	: 5
fpu		: yes
fpu_exception	: yes
cpuid level	: 11
wp		: yes
flags		: fpu vme de pse tsc msr pae mce cx8 apic sep mtrr pge mca cmov pat pse36 clflush dts acpi mmx fxsr sse sse2 ss ht tm pbe syscall nx rdtscp lm constant_tsc arch_perfmon pebs bts rep_good nopl xtopology nonstop_tsc cpuid aperfmperf pni dtes64 monitor ds_cpl vmx smx est tm2 ssse3 cx16 xtpr pdcm sse4_1 sse4_2 popcnt lahf_lm pti retpoline tpr_shadow vnmi flexpriority ept vpid dtherm ida
bugs		: cpu_meltdown spectre_v1 spectre_v2
bogomips	: 5617.74
clflush size	: 64
cache_alignment	: 64
address sizes	: 36 bits physical, 48 bits virtual
power management:

processor	: 7
vendor_id	: GenuineIntel
cpu family	: 6
model		: 30
model name	: Intel(R) Core(TM) i7 CPU         860  @ 2.80GHz
stepping	: 5
microcode	: 0x7
cpu MHz		: 2942.632
cache size	: 8192 KB
physical id	: 0
siblings	: 8
core id		: 3
cpu cores	: 4
apicid		: 7
initial apicid	: 7
fpu		: yes
fpu_exception	: yes
cpuid level	: 11
wp		: yes
flags		: fpu vme de pse tsc msr pae mce cx8 apic sep mtrr pge mca cmov pat pse36 clflush dts acpi mmx fxsr sse sse2 ss ht tm pbe syscall nx rdtscp lm constant_tsc arch_perfmon pebs bts rep_good nopl xtopology nonstop_tsc cpuid aperfmperf pni dtes64 monitor ds_cpl vmx smx est tm2 ssse3 cx16 xtpr pdcm sse4_1 sse4_2 popcnt lahf_lm pti retpoline tpr_shadow vnmi flexpriority ept vpid dtherm ida
bugs		: cpu_meltdown spectre_v1 spectre_v2
bogomips	: 5617.74
clflush size	: 64
cache_alignment	: 64
address sizes	: 36 bits physical, 48 bits virtual
power management:



Memory: 4k page, physical 16422536k(136764k free), swap 2097148k(0k free)

vm_info: Java HotSpot(TM) 64-Bit Server VM (25.171-b11) for linux-amd64 JRE (1.8.0_171-b11), built on Mar 28 2018 17:07:08 by "java_re" with gcc 4.3.0 20080428 (Red Hat 4.3.0-8)

time: Sat Jun 30 19:08:15 2018
elapsed time: 130 seconds (0d 0h 2m 10s)

