#
# There is insufficient memory for the Java Runtime Environment to continue.
# Native memory allocation (mmap) failed to map 542113792 bytes for committing reserved memory.
# Possible reasons:
#   The system is out of physical RAM or swap space
#   In 32 bit mode, the process size limit was hit
# Possible solutions:
#   Reduce memory load on the system
#   Increase physical memory or swap space
#   Check if swap backing store is full
#   Use 64 bit Java on a 64 bit OS
#   Decrease Java heap size (-Xmx/-Xms)
#   Decrease number of Java threads
#   Decrease Java thread stack sizes (-Xss)
#   Set larger code cache with -XX:ReservedCodeCacheSize=
# This output file may be truncated or incomplete.
#
#  Out of Memory Error (os_linux.cpp:2643), pid=4497, tid=0x00007fd971f84700
#
# JRE version: OpenJDK Runtime Environment (8.0_162-b12) (build 1.8.0_162-8u162-b12-0ubuntu0.17.10.2-b12)
# Java VM: OpenJDK 64-Bit Server VM (25.162-b12 mixed mode linux-amd64 compressed oops)
# Failed to write core dump. Core dumps have been disabled. To enable core dumping, try "ulimit -c unlimited" before starting Java again
#

---------------  T H R E A D  ---------------

Current thread (0x00007fd990081000):  VMThread [stack: 0x00007fd971e84000,0x00007fd971f85000] [id=4510]

Stack: [0x00007fd971e84000,0x00007fd971f85000],  sp=0x00007fd971f83450,  free space=1021k
Native frames: (J=compiled Java code, j=interpreted, Vv=VM code, C=native code)
V  [libjvm.so+0xaaa652]
V  [libjvm.so+0x4d7b27]
V  [libjvm.so+0x8e5c30]
V  [libjvm.so+0x8e018e]
V  [libjvm.so+0x9609a6]
V  [libjvm.so+0x94f61a]
V  [libjvm.so+0x94f7e8]
V  [libjvm.so+0x9503f0]
V  [libjvm.so+0x95678c]
V  [libjvm.so+0x95e875]
V  [libjvm.so+0x90cee8]
V  [libjvm.so+0xaac312]
V  [libjvm.so+0xab0ef6]
V  [libjvm.so+0xaaf195]
V  [libjvm.so+0xaafb0d]
V  [libjvm.so+0xaafee7]
V  [libjvm.so+0x8e3082]

VM_Operation (0x00007fd96247c520): ParallelGCFailedAllocation, mode: safepoint, requested by thread 0x00007fd8f8b65000


---------------  P R O C E S S  ---------------

Java Threads: ( => current thread )
  0x00007fd8f8b6a800 JavaThread "Task worker Thread 7" [_thread_blocked, id=4548, stack(0x00007fd961f7b000,0x00007fd96207c000)]
  0x00007fd8f8b68800 JavaThread "Task worker Thread 6" [_thread_blocked, id=4547, stack(0x00007fd96207c000,0x00007fd96217d000)]
  0x00007fd8f8b67000 JavaThread "Task worker Thread 5" [_thread_blocked, id=4546, stack(0x00007fd96217d000,0x00007fd96227e000)]
  0x00007fd8f8b66000 JavaThread "Task worker Thread 4" [_thread_blocked, id=4545, stack(0x00007fd96227e000,0x00007fd96237f000)]
  0x00007fd8f8b65000 JavaThread "Task worker Thread 3" [_thread_blocked, id=4544, stack(0x00007fd96237f000,0x00007fd962480000)]
  0x00007fd8f8b64800 JavaThread "Task worker Thread 2" [_thread_blocked, id=4543, stack(0x00007fd962a80000,0x00007fd962b81000)]
  0x00007fd8f8b63800 JavaThread "Task worker" [_thread_blocked, id=4542, stack(0x00007fd962fad000,0x00007fd9630ae000)]
  0x00007fd8f8cdd800 JavaThread "File lock request listener" [_thread_in_native, id=4533, stack(0x00007fd9680bf000,0x00007fd9681c0000)]
  0x00007fd8f8009000 JavaThread "Stdin handler" [_thread_blocked, id=4529, stack(0x00007fd9689f9000,0x00007fd968afa000)]
  0x00007fd8f8015800 JavaThread "Asynchronous log dispatcher for org.gradle.launcher.daemon.server.DefaultDaemonConnection@5642e928" [_thread_blocked, id=4528, stack(0x00007fd968afa000,0x00007fd968bfb000)]
  0x00007fd90c00a000 JavaThread "Daemon worker" [_thread_blocked, id=4525, stack(0x00007fd968bfb000,0x00007fd968cfc000)]
  0x00007fd90c00e800 JavaThread "Cancel handler" [_thread_blocked, id=4524, stack(0x00007fd968cfc000,0x00007fd968dfd000)]
  0x00007fd90c004800 JavaThread "Handler for socket connection from /0:0:0:0:0:0:0:1:40813 to /0:0:0:0:0:0:0:1:48458" [_thread_in_native, id=4523, stack(0x00007fd968dfd000,0x00007fd968efe000)]
  0x00007fd914016000 JavaThread "Daemon" [_thread_blocked, id=4522, stack(0x00007fd968efe000,0x00007fd968fff000)]
  0x00007fd990c9b000 JavaThread "pool-1-thread-1" [_thread_blocked, id=4521, stack(0x00007fd97009c000,0x00007fd97019d000)]
  0x00007fd990c48800 JavaThread "Incoming local TCP Connector on port 40813" [_thread_in_native, id=4520, stack(0x00007fd9703a4000,0x00007fd9704a5000)]
  0x00007fd9900cd000 JavaThread "Service Thread" daemon [_thread_blocked, id=4518, stack(0x00007fd97121e000,0x00007fd97131f000)]
  0x00007fd9900c0000 JavaThread "C1 CompilerThread3" daemon [_thread_blocked, id=4517, stack(0x00007fd97131f000,0x00007fd971420000)]
  0x00007fd9900bb800 JavaThread "C2 CompilerThread2" daemon [_thread_blocked, id=4516, stack(0x00007fd971420000,0x00007fd971521000)]
  0x00007fd9900b9800 JavaThread "C2 CompilerThread1" daemon [_thread_blocked, id=4515, stack(0x00007fd971521000,0x00007fd971622000)]
  0x00007fd9900b6800 JavaThread "C2 CompilerThread0" daemon [_thread_blocked, id=4514, stack(0x00007fd971622000,0x00007fd971723000)]
  0x00007fd9900b4800 JavaThread "Signal Dispatcher" daemon [_thread_blocked, id=4513, stack(0x00007fd971723000,0x00007fd971824000)]
  0x00007fd99008d000 JavaThread "Finalizer" daemon [_thread_blocked, id=4512, stack(0x00007fd971c82000,0x00007fd971d83000)]
  0x00007fd990088800 JavaThread "Reference Handler" daemon [_thread_blocked, id=4511, stack(0x00007fd971d83000,0x00007fd971e84000)]
  0x00007fd99000b800 JavaThread "main" [_thread_blocked, id=4499, stack(0x00007fd9985ae000,0x00007fd9986af000)]

Other Threads:
=>0x00007fd990081000 VMThread [stack: 0x00007fd971e84000,0x00007fd971f85000] [id=4510]
  0x00007fd9900cf800 WatcherThread [stack: 0x00007fd97111d000,0x00007fd97121e000] [id=4519]

VM state:at safepoint (normal execution)

VM Mutex/Monitor currently owned by a thread:  ([mutex/lock_event])
[0x00007fd990007640] ExpandHeap_lock - owner thread: 0x00007fd990081000
[0x00007fd990007cc0] Threads_lock - owner thread: 0x00007fd990081000
[0x00007fd9900081c0] Heap_lock - owner thread: 0x00007fd8f8b65000

Heap:
 PSYoungGen      total 887296K, used 0K [0x000000076ab00000, 0x00000007c0000000, 0x00000007c0000000)
  eden space 465920K, 0% used [0x000000076ab00000,0x000000076ab00000,0x0000000787200000)
  from space 421376K, 0% used [0x00000007a6480000,0x00000007a6480000,0x00000007c0000000)
  to   space 465920K, 0% used [0x0000000787200000,0x0000000787200000,0x00000007a3900000)
 ParOldGen       total 1056768K, used 1044546K [0x00000006c0000000, 0x0000000700800000, 0x000000076ab00000)
  object space 1056768K, 98% used [0x00000006c0000000,0x00000006ffc10a70,0x0000000700800000)
 Metaspace       used 47789K, capacity 48756K, committed 49024K, reserved 1091584K
  class space    used 6211K, capacity 6494K, committed 6528K, reserved 1048576K

Card table byte_map: [0x00007fd9943d3000,0x00007fd994bd4000] byte_map_base: 0x00007fd990dd3000

Marking Bits: (ParMarkBitMap*) 0x00007fd99787a120
 Begin Bits: [0x00007fd974000000, 0x00007fd978000000)
 End Bits:   [0x00007fd978000000, 0x00007fd97c000000)

Polling page: 0x00007fd9986ea000

CodeCache: size=245760Kb used=30596Kb max_used=30607Kb free=215163Kb
 bounds [0x00007fd981000000, 0x00007fd982e10000, 0x00007fd990000000]
 total_blobs=8113 nmethods=7394 adapters=633
 compilation: enabled

Compilation events (10 events):
Event: 140,453 Thread 0x00007fd9900c0000 9511       1       org.jetbrains.java.decompiler.modules.decompiler.exps.NewExprent::getConstructor (5 bytes)
Event: 140,453 Thread 0x00007fd9900c0000 nmethod 9511 0x00007fd982df2110 code [0x00007fd982df2260, 0x00007fd982df2370]
Event: 140,453 Thread 0x00007fd9900c0000 9512       2       org.jetbrains.java.decompiler.modules.decompiler.SimplifyExprentsHelper::isConstructorInvocationRemote (246 bytes)
Event: 140,455 Thread 0x00007fd9900c0000 nmethod 9512 0x00007fd982df0bd0 code [0x00007fd982df0e00, 0x00007fd982df1668]
Event: 140,482 Thread 0x00007fd9900c0000 9515   !   2       sun.reflect.GeneratedConstructorAccessor51::newInstance (49 bytes)
Event: 140,482 Thread 0x00007fd9900c0000 nmethod 9515 0x00007fd982df8510 code [0x00007fd982df86c0, 0x00007fd982df8b18]
Event: 140,495 Thread 0x00007fd9900c0000 9516       2       org.jetbrains.java.decompiler.struct.gen.VarType::remap (23 bytes)
Event: 140,495 Thread 0x00007fd9900c0000 nmethod 9516 0x00007fd982df0790 code [0x00007fd982df0900, 0x00007fd982df0b18]
Event: 140,528 Thread 0x00007fd9900c0000 9517       2       org.jetbrains.java.decompiler.util.FastFixedSetFactory$FastFixedSet::setAllElements (61 bytes)
Event: 140,529 Thread 0x00007fd9900c0000 nmethod 9517 0x00007fd982df7b50 code [0x00007fd982df7d00, 0x00007fd982df80d8]

GC Heap History (10 events):
Event: 107,554 GC heap after
Heap after GC invocations=24 (full 3):
 PSYoungGen      total 985088K, used 173563K [0x000000076ab00000, 0x00000007c0000000, 0x00000007c0000000)
  eden space 811520K, 0% used [0x000000076ab00000,0x000000076ab00000,0x000000079c380000)
  from space 173568K, 99% used [0x000000079c380000,0x00000007a6cfeef8,0x00000007a6d00000)
  to   space 294400K, 0% used [0x00000007ae080000,0x00000007ae080000,0x00000007c0000000)
 ParOldGen       total 581632K, used 513885K [0x00000006c0000000, 0x00000006e3800000, 0x000000076ab00000)
  object space 581632K, 88% used [0x00000006c0000000,0x00000006df5d77b8,0x00000006e3800000)
 Metaspace       used 44909K, capacity 45680K, committed 45952K, reserved 1089536K
  class space    used 6006K, capacity 6246K, committed 6272K, reserved 1048576K
}
Event: 107,554 GC heap before
{Heap before GC invocations=25 (full 4):
 PSYoungGen      total 985088K, used 173563K [0x000000076ab00000, 0x00000007c0000000, 0x00000007c0000000)
  eden space 811520K, 0% used [0x000000076ab00000,0x000000076ab00000,0x000000079c380000)
  from space 173568K, 99% used [0x000000079c380000,0x00000007a6cfeef8,0x00000007a6d00000)
  to   space 294400K, 0% used [0x00000007ae080000,0x00000007ae080000,0x00000007c0000000)
 ParOldGen       total 581632K, used 513885K [0x00000006c0000000, 0x00000006e3800000, 0x000000076ab00000)
  object space 581632K, 88% used [0x00000006c0000000,0x00000006df5d77b8,0x00000006e3800000)
 Metaspace       used 44909K, capacity 45680K, committed 45952K, reserved 1089536K
  class space    used 6006K, capacity 6246K, committed 6272K, reserved 1048576K
Event: 108,755 GC heap after
Heap after GC invocations=25 (full 4):
 PSYoungGen      total 985088K, used 94575K [0x000000076ab00000, 0x00000007c0000000, 0x00000007c0000000)
  eden space 811520K, 0% used [0x000000076ab00000,0x000000076ab00000,0x000000079c380000)
  from space 173568K, 54% used [0x000000079c380000,0x00000007a1fdbc80,0x00000007a6d00000)
  to   space 294400K, 0% used [0x00000007ae080000,0x00000007ae080000,0x00000007c0000000)
 ParOldGen       total 1056768K, used 581561K [0x00000006c0000000, 0x0000000700800000, 0x000000076ab00000)
  object space 1056768K, 55% used [0x00000006c0000000,0x00000006e37ee488,0x0000000700800000)
 Metaspace       used 44909K, capacity 45680K, committed 45952K, reserved 1089536K
  class space    used 6006K, capacity 6246K, committed 6272K, reserved 1048576K
}
Event: 113,381 GC heap before
{Heap before GC invocations=26 (full 4):
 PSYoungGen      total 985088K, used 906095K [0x000000076ab00000, 0x00000007c0000000, 0x00000007c0000000)
  eden space 811520K, 100% used [0x000000076ab00000,0x000000079c380000,0x000000079c380000)
  from space 173568K, 54% used [0x000000079c380000,0x00000007a1fdbc80,0x00000007a6d00000)
  to   space 294400K, 0% used [0x00000007ae080000,0x00000007ae080000,0x00000007c0000000)
 ParOldGen       total 1056768K, used 581561K [0x00000006c0000000, 0x0000000700800000, 0x000000076ab00000)
  object space 1056768K, 55% used [0x00000006c0000000,0x00000006e37ee488,0x0000000700800000)
 Metaspace       used 44914K, capacity 45680K, committed 45952K, reserved 1089536K
  class space    used 6006K, capacity 6246K, committed 6272K, reserved 1048576K
Event: 114,303 GC heap after
Heap after GC invocations=26 (full 4):
 PSYoungGen      total 849408K, used 294394K [0x000000076ab00000, 0x00000007c0000000, 0x00000007c0000000)
  eden space 555008K, 0% used [0x000000076ab00000,0x000000076ab00000,0x000000078c900000)
  from space 294400K, 99% used [0x00000007ae080000,0x00000007bfffe930,0x00000007c0000000)
  to   space 421376K, 0% used [0x000000078c900000,0x000000078c900000,0x00000007a6480000)
 ParOldGen       total 1056768K, used 778148K [0x00000006c0000000, 0x0000000700800000, 0x000000076ab00000)
  object space 1056768K, 73% used [0x00000006c0000000,0x00000006ef7e9120,0x0000000700800000)
 Metaspace       used 44914K, capacity 45680K, committed 45952K, reserved 1089536K
  class space    used 6006K, capacity 6246K, committed 6272K, reserved 1048576K
}
Event: 137,743 GC heap before
{Heap before GC invocations=27 (full 4):
 PSYoungGen      total 849408K, used 849402K [0x000000076ab00000, 0x00000007c0000000, 0x00000007c0000000)
  eden space 555008K, 100% used [0x000000076ab00000,0x000000078c900000,0x000000078c900000)
  from space 294400K, 99% used [0x00000007ae080000,0x00000007bfffe930,0x00000007c0000000)
  to   space 421376K, 0% used [0x000000078c900000,0x000000078c900000,0x00000007a6480000)
 ParOldGen       total 1056768K, used 778148K [0x00000006c0000000, 0x0000000700800000, 0x000000076ab00000)
  object space 1056768K, 73% used [0x00000006c0000000,0x00000006ef7e9120,0x0000000700800000)
 Metaspace       used 47328K, capacity 48228K, committed 48512K, reserved 1091584K
  class space    used 6202K, capacity 6482K, committed 6528K, reserved 1048576K
Event: 138,027 GC heap after
Heap after GC invocations=27 (full 4):
 PSYoungGen      total 976384K, used 421352K [0x000000076ab00000, 0x00000007c0000000, 0x00000007c0000000)
  eden space 555008K, 0% used [0x000000076ab00000,0x000000076ab00000,0x000000078c900000)
  from space 421376K, 99% used [0x000000078c900000,0x00000007a647a3f8,0x00000007a6480000)
  to   space 421376K, 0% used [0x00000007a6480000,0x00000007a6480000,0x00000007c0000000)
 ParOldGen       total 1056768K, used 814608K [0x00000006c0000000, 0x0000000700800000, 0x000000076ab00000)
  object space 1056768K, 77% used [0x00000006c0000000,0x00000006f1b84360,0x0000000700800000)
 Metaspace       used 47328K, capacity 48228K, committed 48512K, reserved 1091584K
  class space    used 6202K, capacity 6482K, committed 6528K, reserved 1048576K
}
Event: 140,533 GC heap before
{Heap before GC invocations=28 (full 4):
 PSYoungGen      total 976384K, used 976360K [0x000000076ab00000, 0x00000007c0000000, 0x00000007c0000000)
  eden space 555008K, 100% used [0x000000076ab00000,0x000000078c900000,0x000000078c900000)
  from space 421376K, 99% used [0x000000078c900000,0x00000007a647a3f8,0x00000007a6480000)
  to   space 421376K, 0% used [0x00000007a6480000,0x00000007a6480000,0x00000007c0000000)
 ParOldGen       total 1056768K, used 814608K [0x00000006c0000000, 0x0000000700800000, 0x000000076ab00000)
  object space 1056768K, 77% used [0x00000006c0000000,0x00000006f1b84360,0x0000000700800000)
 Metaspace       used 47789K, capacity 48756K, committed 49024K, reserved 1091584K
  class space    used 6211K, capacity 6494K, committed 6528K, reserved 1048576K
Event: 142,326 GC heap after
Heap after GC invocations=28 (full 4):
 PSYoungGen      total 887296K, used 330305K [0x000000076ab00000, 0x00000007c0000000, 0x00000007c0000000)
  eden space 465920K, 0% used [0x000000076ab00000,0x000000076ab00000,0x0000000787200000)
  from space 421376K, 78% used [0x00000007a6480000,0x00000007ba710660,0x00000007c0000000)
  to   space 465920K, 0% used [0x0000000787200000,0x0000000787200000,0x00000007a3900000)
 ParOldGen       total 1056768K, used 906189K [0x00000006c0000000, 0x0000000700800000, 0x000000076ab00000)
  object space 1056768K, 85% used [0x00000006c0000000,0x00000006f74f34a0,0x0000000700800000)
 Metaspace       used 47789K, capacity 48756K, committed 49024K, reserved 1091584K
  class space    used 6211K, capacity 6494K, committed 6528K, reserved 1048576K
}
Event: 142,326 GC heap before
{Heap before GC invocations=29 (full 5):
 PSYoungGen      total 887296K, used 330305K [0x000000076ab00000, 0x00000007c0000000, 0x00000007c0000000)
  eden space 465920K, 0% used [0x000000076ab00000,0x000000076ab00000,0x0000000787200000)
  from space 421376K, 78% used [0x00000007a6480000,0x00000007ba710660,0x00000007c0000000)
  to   space 465920K, 0% used [0x0000000787200000,0x0000000787200000,0x00000007a3900000)
 ParOldGen       total 1056768K, used 906189K [0x00000006c0000000, 0x0000000700800000, 0x000000076ab00000)
  object space 1056768K, 85% used [0x00000006c0000000,0x00000006f74f34a0,0x0000000700800000)
 Metaspace       used 47789K, capacity 48756K, committed 49024K, reserved 1091584K
  class space    used 6211K, capacity 6494K, committed 6528K, reserved 1048576K

Deoptimization events (10 events):
Event: 138,792 Thread 0x00007fd8f8b65000 Uncommon trap: reason=class_check action=maybe_recompile pc=0x00007fd982b635a4 method=java.util.stream.ReferencePipeline.forEachWithCancel(Ljava/util/Spliterator;Ljava/util/stream/Sink;)V @ 1
Event: 138,851 Thread 0x00007fd8f8b65000 Uncommon trap: reason=class_check action=maybe_recompile pc=0x00007fd982b4904c method=java.util.stream.ReferencePipeline.forEachWithCancel(Ljava/util/Spliterator;Ljava/util/stream/Sink;)V @ 1
Event: 139,003 Thread 0x00007fd8f8b65000 Uncommon trap: reason=unstable_if action=reinterpret pc=0x00007fd98291eb40 method=org.jetbrains.java.decompiler.util.FastSparseSetFactory$FastSparseSet.getCardinality()I @ 27
Event: 139,366 Thread 0x00007fd8f8b65000 Uncommon trap: reason=class_check action=maybe_recompile pc=0x00007fd982bf7ecc method=org.jetbrains.java.decompiler.modules.decompiler.sforms.SSAUConstructorSparseEx.processExprent(Lorg/jetbrains/java/decompiler/modules/decompiler/exps/Exprent;[Lorg/jetbr
Event: 139,366 Thread 0x00007fd8f8b65000 Uncommon trap: reason=unstable_if action=reinterpret pc=0x00007fd982bfbf34 method=org.jetbrains.java.decompiler.modules.decompiler.sforms.SSAUConstructorSparseEx.processExprent(Lorg/jetbrains/java/decompiler/modules/decompiler/exps/Exprent;[Lorg/jetbrains
Event: 139,504 Thread 0x00007fd8f8b65000 Uncommon trap: reason=unstable_if action=reinterpret pc=0x00007fd982cbd0f8 method=org.jetbrains.java.decompiler.modules.decompiler.StackVarsProcessor.iterateExprent(Ljava/util/List;ILorg/jetbrains/java/decompiler/modules/decompiler/exps/Exprent;Ljava/util
Event: 139,510 Thread 0x00007fd8f8b65000 Uncommon trap: reason=unstable_if action=reinterpret pc=0x00007fd982c9559c method=org.jetbrains.java.decompiler.modules.decompiler.sforms.FlattenStatementsHelper.flattenStatement()V @ 823
Event: 140,348 Thread 0x00007fd8f8b65000 Uncommon trap: reason=unstable_if action=reinterpret pc=0x00007fd982d2c1f0 method=org.jetbrains.java.decompiler.modules.decompiler.exps.VarExprent.getVarType()Lorg/jetbrains/java/decompiler/struct/gen/VarType; @ 80
Event: 140,349 Thread 0x00007fd8f8b65000 Uncommon trap: reason=unstable_if action=reinterpret pc=0x00007fd982cb07dc method=org.jetbrains.java.decompiler.struct.gen.VarType.isStrictSuperset(Lorg/jetbrains/java/decompiler/struct/gen/VarType;)Z @ 8
Event: 140,453 Thread 0x00007fd8f8b65000 Uncommon trap: reason=unstable_if action=reinterpret pc=0x00007fd982d34b00 method=org.jetbrains.java.decompiler.modules.decompiler.SimplifyExprentsHelper.isConstructorInvocationRemote(Ljava/util/List;I)Z @ 119

Classes redefined (0 events):
No events

Internal exceptions (10 events):
Event: 93,170 Thread 0x00007fd8f8b65000 Implicit null exception at 0x00007fd9826b3cb0 to 0x00007fd9826b5891
Event: 93,233 Thread 0x00007fd8f8b65000 Implicit null exception at 0x00007fd9826f9eb2 to 0x00007fd9826fbc89
Event: 101,106 Thread 0x00007fd8f8b65000 Implicit null exception at 0x00007fd981817069 to 0x00007fd98181b7bd
Event: 118,877 Thread 0x00007fd8f8b65000 Implicit null exception at 0x00007fd9818b11c8 to 0x00007fd9818b1271
Event: 136,567 Thread 0x00007fd8f8b65000 Exception <a 'java/lang/NoSuchMethodError': java.lang.Object.lambda$comparingInt$7b0bb60$1(Ljava/util/function/ToIntFunction;Ljava/lang/Object;Ljava/lang/Object;)I> (0x00000007832b0140) thrown at [/build/openjdk-8-tOoOp2/openjdk-8-8u162-b12/src/hotspot/sr
Event: 136,649 Thread 0x00007fd8f8b65000 Exception <a 'java/lang/NoSuchMethodError': java.lang.Object.lambda$comparing$77a9974f$1(Ljava/util/function/Function;Ljava/lang/Object;Ljava/lang/Object;)I> (0x0000000783741070) thrown at [/build/openjdk-8-tOoOp2/openjdk-8-8u162-b12/src/hotspot/src/share
Event: 136,726 Thread 0x00007fd8f8b65000 Exception <a 'java/lang/NoSuchMethodError': java.lang.Object.lambda$comparingByValue$1065357e$1(Ljava/util/Map$Entry;Ljava/util/Map$Entry;)I> (0x0000000783d75758) thrown at [/build/openjdk-8-tOoOp2/openjdk-8-8u162-b12/src/hotspot/src/share/vm/interpreter/
Event: 136,726 Thread 0x00007fd8f8b65000 Exception <a 'java/lang/NoSuchMethodError': java.lang.Object.lambda$comparingByKey$bbdbfea9$1(Ljava/util/Map$Entry;Ljava/util/Map$Entry;)I> (0x0000000783d799e8) thrown at [/build/openjdk-8-tOoOp2/openjdk-8-8u162-b12/src/hotspot/src/share/vm/interpreter/li
Event: 136,727 Thread 0x00007fd8f8b65000 Exception <a 'java/lang/NoSuchMethodError': java.lang.Object.lambda$thenComparing$36697e65$1(Ljava/util/Comparator;Ljava/lang/Object;Ljava/lang/Object;)I> (0x0000000783d81708) thrown at [/build/openjdk-8-tOoOp2/openjdk-8-8u162-b12/src/hotspot/src/share/vm
Event: 136,982 Thread 0x00007fd8f8b65000 Implicit null exception at 0x00007fd9824c14d9 to 0x00007fd9824c18c5

Events (10 events):
Event: 140,348 Thread 0x00007fd8f8b65000 Uncommon trap: trap_request=0xffffff65 fr.pc=0x00007fd982d2c1f0
Event: 140,348 Thread 0x00007fd8f8b65000 DEOPT PACKING pc=0x00007fd982d2c1f0 sp=0x00007fd96247c500
Event: 140,348 Thread 0x00007fd8f8b65000 DEOPT UNPACKING pc=0x00007fd98104547a sp=0x00007fd96247c4c8 mode 2
Event: 140,349 Thread 0x00007fd8f8b65000 Uncommon trap: trap_request=0xffffff65 fr.pc=0x00007fd982cb07dc
Event: 140,349 Thread 0x00007fd8f8b65000 DEOPT PACKING pc=0x00007fd982cb07dc sp=0x00007fd96247bde0
Event: 140,349 Thread 0x00007fd8f8b65000 DEOPT UNPACKING pc=0x00007fd98104547a sp=0x00007fd96247bd80 mode 2
Event: 140,452 Thread 0x00007fd8f8b65000 Uncommon trap: trap_request=0xffffff65 fr.pc=0x00007fd982d34b00
Event: 140,453 Thread 0x00007fd8f8b65000 DEOPT PACKING pc=0x00007fd982d34b00 sp=0x00007fd96247c810
Event: 140,453 Thread 0x00007fd8f8b65000 DEOPT UNPACKING pc=0x00007fd98104547a sp=0x00007fd96247c7f0 mode 2
Event: 140,533 Executing VM operation: ParallelGCFailedAllocation


Dynamic libraries:
6c0000000-700800000 rw-p 00000000 00:00 0 
720d00000-76ab00000 ---p 00000000 00:00 0 
76ab00000-7c0000000 rw-p 00000000 00:00 0 
7c0000000-7c0660000 rw-p 00000000 00:00 0 
7c0660000-800000000 ---p 00000000 00:00 0 
5626360d3000-5626360d4000 r-xp 00000000 08:01 4983321                    /usr/lib/jvm/java-8-openjdk-amd64/jre/bin/java
5626362d3000-5626362d4000 r--p 00000000 08:01 4983321                    /usr/lib/jvm/java-8-openjdk-amd64/jre/bin/java
5626362d4000-5626362d5000 rw-p 00001000 08:01 4983321                    /usr/lib/jvm/java-8-openjdk-amd64/jre/bin/java
562636ce4000-562636d05000 rw-p 00000000 00:00 0                          [heap]
7fd8c8000000-7fd8c8021000 rw-p 00000000 00:00 0 
7fd8c8021000-7fd8cc000000 ---p 00000000 00:00 0 
7fd8d0000000-7fd8d0021000 rw-p 00000000 00:00 0 
7fd8d0021000-7fd8d4000000 ---p 00000000 00:00 0 
7fd8d4000000-7fd8d4021000 rw-p 00000000 00:00 0 
7fd8d4021000-7fd8d8000000 ---p 00000000 00:00 0 
7fd8d8000000-7fd8d80b5000 rw-p 00000000 00:00 0 
7fd8d80b5000-7fd8dc000000 ---p 00000000 00:00 0 
7fd8dc000000-7fd8dc021000 rw-p 00000000 00:00 0 
7fd8dc021000-7fd8e0000000 ---p 00000000 00:00 0 
7fd8e0000000-7fd8e0052000 rw-p 00000000 00:00 0 
7fd8e0052000-7fd8e4000000 ---p 00000000 00:00 0 
7fd8e4000000-7fd8e42d7000 rw-p 00000000 00:00 0 
7fd8e42d7000-7fd8e8000000 ---p 00000000 00:00 0 
7fd8e8000000-7fd8e8021000 rw-p 00000000 00:00 0 
7fd8e8021000-7fd8ec000000 ---p 00000000 00:00 0 
7fd8ec000000-7fd8ec241000 rw-p 00000000 00:00 0 
7fd8ec241000-7fd8f0000000 ---p 00000000 00:00 0 
7fd8f0000000-7fd8f0021000 rw-p 00000000 00:00 0 
7fd8f0021000-7fd8f4000000 ---p 00000000 00:00 0 
7fd8f4000000-7fd8f4021000 rw-p 00000000 00:00 0 
7fd8f4021000-7fd8f8000000 ---p 00000000 00:00 0 
7fd8f8000000-7fd8f9365000 rw-p 00000000 00:00 0 
7fd8f9365000-7fd8fc000000 ---p 00000000 00:00 0 
7fd8fc000000-7fd8fc021000 rw-p 00000000 00:00 0 
7fd8fc021000-7fd900000000 ---p 00000000 00:00 0 
7fd900000000-7fd900021000 rw-p 00000000 00:00 0 
7fd900021000-7fd904000000 ---p 00000000 00:00 0 
7fd904000000-7fd904021000 rw-p 00000000 00:00 0 
7fd904021000-7fd908000000 ---p 00000000 00:00 0 
7fd908000000-7fd908021000 rw-p 00000000 00:00 0 
7fd908021000-7fd90c000000 ---p 00000000 00:00 0 
7fd90c000000-7fd90c021000 rw-p 00000000 00:00 0 
7fd90c021000-7fd910000000 ---p 00000000 00:00 0 
7fd910000000-7fd910021000 rw-p 00000000 00:00 0 
7fd910021000-7fd914000000 ---p 00000000 00:00 0 
7fd914000000-7fd914074000 rw-p 00000000 00:00 0 
7fd914074000-7fd918000000 ---p 00000000 00:00 0 
7fd918000000-7fd919687000 rw-p 00000000 00:00 0 
7fd919687000-7fd91c000000 ---p 00000000 00:00 0 
7fd91c000000-7fd91c021000 rw-p 00000000 00:00 0 
7fd91c021000-7fd920000000 ---p 00000000 00:00 0 
7fd920000000-7fd9221d9000 rw-p 00000000 00:00 0 
7fd9221d9000-7fd924000000 ---p 00000000 00:00 0 
7fd924000000-7fd92602d000 rw-p 00000000 00:00 0 
7fd92602d000-7fd928000000 ---p 00000000 00:00 0 
7fd928000000-7fd928021000 rw-p 00000000 00:00 0 
7fd928021000-7fd92c000000 ---p 00000000 00:00 0 
7fd92c000000-7fd92f0b9000 rw-p 00000000 00:00 0 
7fd92f0b9000-7fd930000000 ---p 00000000 00:00 0 
7fd930000000-7fd930021000 rw-p 00000000 00:00 0 
7fd930021000-7fd934000000 ---p 00000000 00:00 0 
7fd934000000-7fd934021000 rw-p 00000000 00:00 0 
7fd934021000-7fd938000000 ---p 00000000 00:00 0 
7fd938000000-7fd93803d000 rw-p 00000000 00:00 0 
7fd93803d000-7fd93c000000 ---p 00000000 00:00 0 
7fd93f800000-7fd940000000 rw-p 00000000 00:00 0 
7fd940000000-7fd940021000 rw-p 00000000 00:00 0 
7fd940021000-7fd944000000 ---p 00000000 00:00 0 
7fd944000000-7fd944021000 rw-p 00000000 00:00 0 
7fd944021000-7fd948000000 ---p 00000000 00:00 0 
7fd94c000000-7fd94c021000 rw-p 00000000 00:00 0 
7fd94c021000-7fd950000000 ---p 00000000 00:00 0 
7fd954000000-7fd954021000 rw-p 00000000 00:00 0 
7fd954021000-7fd958000000 ---p 00000000 00:00 0 
7fd95c000000-7fd95c021000 rw-p 00000000 00:00 0 
7fd95c021000-7fd960000000 ---p 00000000 00:00 0 
7fd96167a000-7fd9617fa000 rw-p 00000000 00:00 0 
7fd9617fa000-7fd96187a000 ---p 00000000 00:00 0 
7fd96187a000-7fd961a7a000 rw-p 00000000 00:00 0 
7fd961a7a000-7fd961a7d000 ---p 00000000 00:00 0 
7fd961a7d000-7fd961d7b000 rw-p 00000000 00:00 0 
7fd961d7b000-7fd961f7b000 rw-p 00000000 00:00 0 
7fd961f7b000-7fd961f7e000 ---p 00000000 00:00 0 
7fd961f7e000-7fd96207c000 rw-p 00000000 00:00 0 
7fd96207c000-7fd96207f000 ---p 00000000 00:00 0 
7fd96207f000-7fd96217d000 rw-p 00000000 00:00 0 
7fd96217d000-7fd962180000 ---p 00000000 00:00 0 
7fd962180000-7fd96227e000 rw-p 00000000 00:00 0 
7fd96227e000-7fd962281000 ---p 00000000 00:00 0 
7fd962281000-7fd96237f000 rw-p 00000000 00:00 0 
7fd96237f000-7fd962382000 ---p 00000000 00:00 0 
7fd962382000-7fd962680000 rw-p 00000000 00:00 0 
7fd962680000-7fd962880000 rw-p 00000000 00:00 0 
7fd962880000-7fd962a80000 rw-p 00000000 00:00 0 
7fd962a80000-7fd962a83000 ---p 00000000 00:00 0 
7fd962a83000-7fd962d81000 rw-p 00000000 00:00 0 
7fd962d81000-7fd962da9000 r-xp 00000000 08:01 4990923                    /usr/lib/jvm/java-8-openjdk-amd64/jre/lib/amd64/libsunec.so
7fd962da9000-7fd962fa8000 ---p 00028000 08:01 4990923                    /usr/lib/jvm/java-8-openjdk-amd64/jre/lib/amd64/libsunec.so
7fd962fa8000-7fd962fac000 r--p 00027000 08:01 4990923                    /usr/lib/jvm/java-8-openjdk-amd64/jre/lib/amd64/libsunec.so
7fd962fac000-7fd962fad000 rw-p 0002b000 08:01 4990923                    /usr/lib/jvm/java-8-openjdk-amd64/jre/lib/amd64/libsunec.so
7fd962fad000-7fd962fb0000 ---p 00000000 00:00 0 
7fd962fb0000-7fd9630ae000 rw-p 00000000 00:00 0 
7fd9630ae000-7fd9630c4000 r-xp 00000000 08:01 4727608                    /lib/x86_64-linux-gnu/libresolv-2.26.so
7fd9630c4000-7fd9632c4000 ---p 00016000 08:01 4727608                    /lib/x86_64-linux-gnu/libresolv-2.26.so
7fd9632c4000-7fd9632c5000 r--p 00016000 08:01 4727608                    /lib/x86_64-linux-gnu/libresolv-2.26.so
7fd9632c5000-7fd9632c6000 rw-p 00017000 08:01 4727608                    /lib/x86_64-linux-gnu/libresolv-2.26.so
7fd9632c6000-7fd9632c8000 rw-p 00000000 00:00 0 
7fd9632c8000-7fd9632cd000 r-xp 00000000 08:01 4727601                    /lib/x86_64-linux-gnu/libnss_dns-2.26.so
7fd9632cd000-7fd9634cd000 ---p 00005000 08:01 4727601                    /lib/x86_64-linux-gnu/libnss_dns-2.26.so
7fd9634cd000-7fd9634ce000 r--p 00005000 08:01 4727601                    /lib/x86_64-linux-gnu/libnss_dns-2.26.so
7fd9634ce000-7fd9634cf000 rw-p 00006000 08:01 4727601                    /lib/x86_64-linux-gnu/libnss_dns-2.26.so
7fd9634cf000-7fd9634d1000 r-xp 00000000 08:01 4723365                    /lib/x86_64-linux-gnu/libnss_mdns4_minimal.so.2
7fd9634d1000-7fd9636d0000 ---p 00002000 08:01 4723365                    /lib/x86_64-linux-gnu/libnss_mdns4_minimal.so.2
7fd9636d0000-7fd9636d1000 r--p 00001000 08:01 4723365                    /lib/x86_64-linux-gnu/libnss_mdns4_minimal.so.2
7fd9636d1000-7fd9636d2000 rw-p 00002000 08:01 4723365                    /lib/x86_64-linux-gnu/libnss_mdns4_minimal.so.2
7fd9636e7000-7fd9636f6000 r--p 00000000 08:01 5392656                    /usr/share/locale-langpack/nb/LC_MESSAGES/libc.mo
7fd9636f6000-7fd963709000 r--s 00346000 08:01 4995289                    /usr/lib/jvm/java-8-openjdk-amd64/jre/lib/resources.jar
7fd963709000-7fd96370c000 r--s 00015000 08:01 4995283                    /usr/lib/jvm/java-8-openjdk-amd64/jre/lib/jce.jar
7fd96370c000-7fd96390c000 rw-p 00000000 00:00 0 
7fd96390c000-7fd96390e000 r--s 00004000 08:01 2492427                    /home/user/.gradle/caches/modules-2/files-2.1/org.ow2.asm/asm-tree/4.0/67bd266cd17adcee486b76952ece4cc85fe248b8/asm-tree-4.0.jar
7fd96390e000-7fd963917000 r--s 000a7000 08:01 2492426                    /home/user/.gradle/caches/modules-2/files-2.1/com.android.tools.external.lombok/lombok-ast/0.2.2/57e560b535ceaa14fb6f15422d74594acd6c5b64/lombok-ast-0.2.2.jar
7fd963917000-7fd963919000 r--s 0000a000 08:01 2492425                    /home/user/.gradle/caches/modules-2/files-2.1/org.ow2.asm/asm/4.0/659add6efc75a4715d738e73f07505246edf4d66/asm-4.0.jar
7fd963919000-7fd96391a000 r--s 00004000 08:01 2492424                    /home/user/.gradle/caches/modules-2/files-2.1/org.ow2.asm/asm-analysis/4.0/1c45d52b6f6c638db13cf3ac12adeb56b254cdd7/asm-analysis-4.0.jar
7fd96391a000-7fd96391d000 r--s 00029000 08:01 2492423                    /home/user/.gradle/caches/modules-2/files-2.1/com.android.tools.lint/lint-api/24.0.0/f7b3b232bc6a2a48a48dd3aedb80113c82d6acba/lint-api-24.0.0.jar
7fd96391d000-7fd963924000 r--s 00053000 08:01 2492422                    /home/user/.gradle/caches/modules-2/files-2.1/org.apache.commons/commons-compress/1.8.1/a698750c16740fd5b3871425f4cb3bbaa87f529d/commons-compress-1.8.1.jar
7fd963924000-7fd963925000 r--s 00005000 08:01 2492421                    /home/user/.gradle/caches/modules-2/files-2.1/com.android.tools/dvlib/24.0.0/ae24752eb30a9154f5a3d822b64d28d709b9c30b/dvlib-24.0.0.jar
7fd963925000-7fd963935000 r--s 000d3000 08:01 2492418                    /home/user/.gradle/caches/modules-2/files-2.1/net.sf.proguard/proguard-base/5.1/dc606dd778fe4685be16d5a171782ccfe0ef5637/proguard-base-5.1.jar
7fd963935000-7fd963944000 r--s 001a9000 08:01 2492417                    /home/user/.gradle/caches/modules-2/files-2.1/org.eclipse.jdt.core.compiler/ecj/4.2.2/d9fd79499c664bccaf24dbe04be417de6c6af64a/ecj-4.2.2.jar
7fd963944000-7fd963949000 r--s 0008c000 08:01 2492416                    /home/user/.gradle/caches/modules-2/files-2.1/com.android.tools.lint/lint-checks/24.0.0/9cb8d9c675a7716ac6f4d20df0ef0aba0e4519f5/lint-checks-24.0.0.jar
7fd963949000-7fd963b49000 rw-p 00000000 00:00 0 
7fd963b49000-7fd963d49000 rw-p 00000000 00:00 0 
7fd963d49000-7fd963d4c000 r--s 00011000 08:01 2492420                    /home/user/.gradle/caches/modules-2/files-2.1/com.android.tools.layoutlib/layoutlib-api/24.0.0/a43d5bf045da108875a860767c453078b0d77795/layoutlib-api-24.0.0.jar
7fd963d4c000-7fd963d4d000 r--s 0000a000 08:01 2492419                    /home/user/.gradle/caches/modules-2/files-2.1/net.sf.kxml/kxml2/2.3.0/ccbc77a5fd907ef863c29f3596c6f54ffa4e9442/kxml2-2.3.0.jar
7fd963d4d000-7fd963d5b000 r--s 00081000 08:01 2492415                    /home/user/.gradle/caches/modules-2/files-2.1/org.bouncycastle/bcpkix-jdk15on/1.48/28b7614b908a47844bb27e3c94b45b6893656265/bcpkix-jdk15on-1.48.jar
7fd963d5b000-7fd963d65000 r--s 000a8000 08:01 2492414                    /home/user/.gradle/caches/modules-2/files-2.1/com.android.tools/sdklib/24.0.0/df228874ac1c933b64492bdbe2d9bab5ab434166/sdklib-24.0.0.jar
7fd963d65000-7fd963d67000 r--s 00003000 08:01 2492413                    /home/user/.gradle/caches/modules-2/files-2.1/com.android.tools.build/builder-model/1.0.0/2a3969a9082b47a4855395de918682eee946285a/builder-model-1.0.0.jar
7fd963d67000-7fd963d6a000 r--s 00029000 08:01 2492412                    /home/user/.gradle/caches/modules-2/files-2.1/com.android.tools.build/manifest-merger/24.0.0/d0193672ed299817e4be2ba1caeeda4924b0e447/manifest-merger-24.0.0.jar
7fd963d6a000-7fd963d6f000 r--s 00042000 08:01 2492411                    /home/user/.gradle/caches/modules-2/files-2.1/com.android.tools.ddms/ddmlib/24.0.0/25b4cd0c917c47ce599008f4431ecffa0a57b51a/ddmlib-24.0.0.jar
7fd963d6f000-7fd963d70000 r--s 00000000 08:01 2492410                    /home/user/.gradle/caches/modules-2/files-2.1/com.android.tools.build/builder-test-api/1.0.0/2d6ea74b74f8d928e468ff623825d22a5d8a1649/builder-test-api-1.0.0.jar
7fd963d70000-7fd963d72000 r--s 00014000 08:01 2492409                    /home/user/.gradle/caches/modules-2/files-2.1/com.android.tools/common/24.0.0/271771234c82097345fb73c9571c403e22f62faf/common-24.0.0.jar
7fd963d72000-7fd963d74000 r--s 00002000 08:01 2492408                    /home/user/.gradle/caches/modules-2/files-2.1/com.squareup/javawriter/2.5.0/81241ff7078ef14f42ea2a8995fa09c096256e6b/javawriter-2.5.0.jar
7fd963d74000-7fd963da7000 r--s 00203000 08:01 2492407                    /home/user/.gradle/caches/modules-2/files-2.1/org.bouncycastle/bcprov-jdk15on/1.48/960dea7c9181ba0b17e8bab0c06a43f0a5f04e65/bcprov-jdk15on-1.48.jar
7fd963da7000-7fd963dac000 r--s 00047000 08:01 2492406                    /home/user/.gradle/caches/modules-2/files-2.1/com.android.tools/sdk-common/24.0.0/ebb1e063b8c370a88a38bf46036dce3892fe6c01/sdk-common-24.0.0.jar
7fd963dac000-7fd963db2000 r--s 00033000 08:01 2492358                    /home/user/.gradle/caches/modules-2/files-2.1/commons-codec/commons-codec/1.6/b7f0fc8f61ecadeb3695f0b9464755eee44374d4/commons-codec-1.6.jar
7fd963db2000-7fd963db4000 r--s 0000e000 08:01 2492357                    /home/user/.gradle/caches/modules-2/files-2.1/commons-logging/commons-logging/1.1.3/f6f66e966c70a83ffbdb6f17a0919eaf7c8aca7f/commons-logging-1.1.3.jar
7fd963db4000-7fd963dba000 r--s 0003f000 08:01 2492356                    /home/user/.gradle/caches/modules-2/files-2.1/org.apache.httpcomponents/httpcore/4.3.2/31fbbff1ddbf98f3aa7377c94d33b0447c646b6e/httpcore-4.3.2.jar
7fd963dba000-7fd963dc2000 r--s 00051000 08:01 2492355                    /home/user/.gradle/caches/modules-2/files-2.1/trove/trove/1.0.2/112b40581ab9a4d3de4636d49985a7f686d181c8/trove-1.0.2.jar
7fd963dc2000-7fd963dc5000 r--s 00018000 08:01 2492354                    /home/user/.gradle/caches/modules-2/files-2.1/commons-io/commons-io/1.4/a8762d07e76cfde2395257a5da47ba7c1dbd3dce/commons-io-1.4.jar
7fd963dc5000-7fd963dc6000 r--s 00001000 08:01 2492353                    /home/user/.gradle/caches/modules-2/files-2.1/org.jvnet.localizer/localizer/1.12/6d456886a035b2c3f758059da1f91a823eaa4a62/localizer-1.12.jar
7fd963dc6000-7fd963dca000 r--s 00031000 08:01 2492403                    /home/user/.gradle/caches/modules-2/files-2.1/com.android.tools.build/builder/1.0.0/528fdfb8a4d51ae4177e7d913e88767916a84758/builder-1.0.0.jar
7fd963dca000-7fd963dd5000 r--s 00085000 08:01 2492351                    /home/user/.gradle/caches/modules-2/files-2.1/org.apache.httpcomponents/httpclient/4.3.3/18f4247ff4572a074444572cee34647c43e7c9c7/httpclient-4.3.3.jar
7fd963dd5000-7fd963e00000 r--s 001fc000 08:01 2492341                    /home/user/.gradle/caches/modules-2/files-2.1/com.google.guava/guava/18.0/cce0823396aa693798f8882e64213b1772032b09/guava-18.0.jar
7fd963e00000-7fd964000000 rw-p 00000000 00:00 0 
7fd964000000-7fd964021000 rw-p 00000000 00:00 0 
7fd964021000-7fd968000000 ---p 00000000 00:00 0 
7fd968000000-7fd968002000 r--s 00018000 08:01 2492404                    /home/user/.gradle/caches/modules-2/files-2.1/com.android.tools.lint/lint/24.0.0/e3d6e09a113af66fd2e5dc6e4d2321d7b0d82328/lint-24.0.0.jar
7fd968002000-7fd96800c000 r--s 000a6000 08:01 2492350                    /home/user/.gradle/caches/modules-2/files-2.1/net.minecraftforge/forgeflower/1.0.342-SNAPSHOT/83b7d227aa011da5f140558240149ed26a0f5d76/forgeflower-1.0.342-SNAPSHOT.jar
7fd96800c000-7fd96801b000 r--s 000ba000 08:01 2492345                    /home/user/.gradle/caches/modules-2/files-2.1/net.sf.trove4j/trove4j/2.1.0/c82f2749a460b95de4c9d2466b62f18c23c7c914/trove4j-2.1.0.jar
7fd96801b000-7fd9680bf000 r--s 00b51000 08:01 2494927                    /home/user/.gradle/caches/modules-2/files-2.1/net.minecraftforge.gradle/ForgeGradle/2.3-SNAPSHOT/36eebb6a5c406796a105da1e17f8db149c8979ee/ForgeGradle-2.3-SNAPSHOT.jar
7fd9680bf000-7fd9680c2000 ---p 00000000 00:00 0 
7fd9680c2000-7fd9681c0000 rw-p 00000000 00:00 0 
7fd9681c0000-7fd9681c3000 ---p 00000000 00:00 0 
7fd9681c3000-7fd9683f9000 rw-p 00000000 00:00 0 
7fd9683f9000-7fd9685f9000 rw-p 00000000 00:00 0 
7fd9685f9000-7fd9687f9000 rw-p 00000000 00:00 0 
7fd9687f9000-7fd9689f9000 rw-p 00000000 00:00 0 
7fd9689f9000-7fd9689fc000 ---p 00000000 00:00 0 
7fd9689fc000-7fd968afa000 rw-p 00000000 00:00 0 
7fd968afa000-7fd968afd000 ---p 00000000 00:00 0 
7fd968afd000-7fd968bfb000 rw-p 00000000 00:00 0 
7fd968bfb000-7fd968bfe000 ---p 00000000 00:00 0 
7fd968bfe000-7fd968cfc000 rw-p 00000000 00:00 0 
7fd968cfc000-7fd968cff000 ---p 00000000 00:00 0 
7fd968cff000-7fd968dfd000 rw-p 00000000 00:00 0 
7fd968dfd000-7fd968e00000 ---p 00000000 00:00 0 
7fd968e00000-7fd968efe000 rw-p 00000000 00:00 0 
7fd968efe000-7fd968f01000 ---p 00000000 00:00 0 
7fd968f01000-7fd96c000000 rw-p 00000000 00:00 0 
7fd96c000000-7fd96c021000 rw-p 00000000 00:00 0 
7fd96c021000-7fd970000000 ---p 00000000 00:00 0 
7fd970000000-7fd970001000 r--s 00002000 08:01 2492405                    /home/user/.gradle/caches/modules-2/files-2.1/net.sf.proguard/proguard-gradle/5.1/672d43cbfde4765080e5bea19c51a2cc45dfc00/proguard-gradle-5.1.jar
7fd970001000-7fd970003000 r--s 00008000 08:01 2492352                    /home/user/.gradle/caches/modules-2/files-2.1/org.apache.httpcomponents/httpmime/4.3.3/e02368d7b56c0c376f227378a4f77de62864d020/httpmime-4.3.3.jar
7fd970003000-7fd970005000 r--s 00001000 08:01 2492349                    /home/user/.gradle/caches/modules-2/files-2.1/com.github.tony19/named-regexp/0.2.3/370846bf3837952d981deb8f91e81da8c65b09e1/named-regexp-0.2.3.jar
7fd970005000-7fd97000a000 r--s 0002a000 08:01 2492348                    /home/user/.gradle/caches/modules-2/files-2.1/com.google.code.gson/gson/2.2.4/a60a5e993c98c864010053cb901b7eab25306568/gson-2.2.4.jar
7fd97000a000-7fd97000c000 r--s 00008000 08:01 2492347                    /home/user/.gradle/caches/modules-2/files-2.1/com.nothome/javaxdelta/2.0.1/d4f5d077f1b15c6f67595015d69572303ad3f66d/javaxdelta-2.0.1.jar
7fd97000c000-7fd97000e000 r--s 0000b000 08:01 2492346                    /home/user/.gradle/caches/modules-2/files-2.1/com.github.jponge/lzma-java/1.3/a25db9d4d385ccda4825ae1b47a7a61d86e595af/lzma-java-1.3.jar
7fd97000e000-7fd97000f000 r--s 00011000 08:01 2492344                    /home/user/.gradle/caches/modules-2/files-2.1/com.github.abrarsyed.jastyle/jAstyle/1.3/42431e5834cfb184d60be4142e2806cf2d806ea/jAstyle-1.3.jar
7fd97000f000-7fd970010000 r--s 0000c000 08:01 2492343                    /home/user/.gradle/caches/modules-2/files-2.1/com.cloudbees/diff4j/1.1/645329c0d4ebbea5f73758929c6e63bab9e77204/diff4j-1.1.jar
7fd970010000-7fd970011000 r--s 00004000 08:01 2492342                    /home/user/.gradle/caches/modules-2/files-2.1/net.sf.opencsv/opencsv/2.3/c23708cdb9e80a144db433e23344a788a1fd6599/opencsv-2.3.jar
7fd970011000-7fd970021000 r--s 00138000 08:01 2492402                    /home/user/.gradle/caches/modules-2/files-2.1/com.android.tools.build/gradle/1.0.0/79f4ed9b6582ecec4d7b35aecfa45fbc48dadb96/gradle-1.0.0.jar
7fd970021000-7fd970022000 r--p 00000000 00:00 0 
7fd970022000-7fd97009c000 r--s 010ff000 08:01 4990518                    /usr/lib/jvm/java-8-openjdk-amd64/lib/tools.jar
7fd97009c000-7fd97009f000 ---p 00000000 00:00 0 
7fd97009f000-7fd97019d000 rw-p 00000000 00:00 0 
7fd97019d000-7fd9701a4000 r--s 00000000 08:01 5252219                    /usr/lib/x86_64-linux-gnu/gconv/gconv-modules.cache
7fd9701a4000-7fd9703a4000 rw-p 00000000 00:00 0 
7fd9703a4000-7fd9703a7000 ---p 00000000 00:00 0 
7fd9703a7000-7fd9704a5000 rw-p 00000000 00:00 0 
7fd9704a5000-7fd9704ae000 r-xp 00000000 08:01 4990916                    /usr/lib/jvm/java-8-openjdk-amd64/jre/lib/amd64/libmanagement.so
7fd9704ae000-7fd9706ad000 ---p 00009000 08:01 4990916                    /usr/lib/jvm/java-8-openjdk-amd64/jre/lib/amd64/libmanagement.so
7fd9706ad000-7fd9706ae000 r--p 00008000 08:01 4990916                    /usr/lib/jvm/java-8-openjdk-amd64/jre/lib/amd64/libmanagement.so
7fd9706ae000-7fd9706af000 rw-p 00009000 08:01 4990916                    /usr/lib/jvm/java-8-openjdk-amd64/jre/lib/amd64/libmanagement.so
7fd9706af000-7fd9706b4000 r--s 0009d000 08:01 4995285                    /usr/lib/jvm/java-8-openjdk-amd64/jre/lib/jsse.jar
7fd9706b4000-7fd9706b6000 r--s 00007000 08:01 6438867                    /home/user/.gradle/wrapper/dists/gradle-2.14-bin/76oc0mnc3ieqtsukq90mp0rxk/gradle-2.14/lib/plugins/gradle-tooling-api-builders-2.14.jar
7fd9706b6000-7fd9706b9000 r--s 00008000 08:01 6438460                    /home/user/.gradle/wrapper/dists/gradle-2.14-bin/76oc0mnc3ieqtsukq90mp0rxk/gradle-2.14/lib/plugins/gradle-testing-native-2.14.jar
7fd9706b9000-7fd9706bb000 r--s 00009000 08:01 6438939                    /home/user/.gradle/wrapper/dists/gradle-2.14-bin/76oc0mnc3ieqtsukq90mp0rxk/gradle-2.14/lib/plugins/hamcrest-core-1.3.jar
7fd9706bb000-7fd9706c1000 r--s 00033000 08:01 6438933                    /home/user/.gradle/wrapper/dists/gradle-2.14-bin/76oc0mnc3ieqtsukq90mp0rxk/gradle-2.14/lib/plugins/snakeyaml-1.6.jar
7fd9706c1000-7fd9706c3000 r--s 00006000 08:01 6438932                    /home/user/.gradle/wrapper/dists/gradle-2.14-bin/76oc0mnc3ieqtsukq90mp0rxk/gradle-2.14/lib/plugins/jcommander-1.12.jar
7fd9706c3000-7fd9706c8000 r--s 00040000 08:01 6438931                    /home/user/.gradle/wrapper/dists/gradle-2.14-bin/76oc0mnc3ieqtsukq90mp0rxk/gradle-2.14/lib/plugins/bsh-2.0b4.jar
7fd9706c8000-7fd9706d1000 r--s 00089000 08:01 6438890                    /home/user/.gradle/wrapper/dists/gradle-2.14-bin/76oc0mnc3ieqtsukq90mp0rxk/gradle-2.14/lib/plugins/testng-6.3.1.jar
7fd9706d1000-7fd9706d9000 r--s 00045000 08:01 6438889                    /home/user/.gradle/wrapper/dists/gradle-2.14-bin/76oc0mnc3ieqtsukq90mp0rxk/gradle-2.14/lib/plugins/junit-4.12.jar
7fd9706d9000-7fd9706df000 r--s 0002e000 08:01 6438461                    /home/user/.gradle/wrapper/dists/gradle-2.14-bin/76oc0mnc3ieqtsukq90mp0rxk/gradle-2.14/lib/plugins/gradle-testing-jvm-2.14.jar
7fd9706df000-7fd9706e4000 r--s 00015000 08:01 6438459                    /home/user/.gradle/wrapper/dists/gradle-2.14-bin/76oc0mnc3ieqtsukq90mp0rxk/gradle-2.14/lib/plugins/gradle-testing-base-2.14.jar
7fd9706e4000-7fd9706e5000 r--s 00002000 08:01 6438883                    /home/user/.gradle/wrapper/dists/gradle-2.14-bin/76oc0mnc3ieqtsukq90mp0rxk/gradle-2.14/lib/plugins/sonar-batch-bootstrapper-2.9.jar
7fd9706e5000-7fd9706e8000 r--s 00015000 08:01 6434260                    /home/user/.gradle/wrapper/dists/gradle-2.14-bin/76oc0mnc3ieqtsukq90mp0rxk/gradle-2.14/lib/plugins/gradle-sonar-2.14.jar
7fd9706e8000-7fd9706ef000 r--s 00038000 08:01 6438884                    /home/user/.gradle/wrapper/dists/gradle-2.14-bin/76oc0mnc3ieqtsukq90mp0rxk/gradle-2.14/lib/plugins/bcpg-jdk15on-1.51.jar
7fd9706ef000-7fd9706f1000 r--s 0000d000 08:01 6434262                    /home/user/.gradle/wrapper/dists/gradle-2.14-bin/76oc0mnc3ieqtsukq90mp0rxk/gradle-2.14/lib/plugins/gradle-signing-2.14.jar
7fd9706f1000-7fd9706f4000 r--s 00009000 08:01 6434259                    /home/user/.gradle/wrapper/dists/gradle-2.14-bin/76oc0mnc3ieqtsukq90mp0rxk/gradle-2.14/lib/plugins/gradle-scala-2.14.jar
7fd9706f4000-7fd9706f5000 r--s 00004000 08:01 6438865                    /home/user/.gradle/wrapper/dists/gradle-2.14-bin/76oc0mnc3ieqtsukq90mp0rxk/gradle-2.14/lib/plugins/gradle-resources-sftp-2.14.jar
7fd9706f5000-7fd970705000 r--s 00088000 08:01 6438900                    /home/user/.gradle/wrapper/dists/gradle-2.14-bin/76oc0mnc3ieqtsukq90mp0rxk/gradle-2.14/lib/plugins/joda-time-2.8.2.jar
7fd970705000-7fd970716000 r--s 000cf000 08:01 6438899                    /home/user/.gradle/wrapper/dists/gradle-2.14-bin/76oc0mnc3ieqtsukq90mp0rxk/gradle-2.14/lib/plugins/jackson-databind-2.3.2.jar
7fd970716000-7fd970718000 r--s 00007000 08:01 6438898                    /home/user/.gradle/wrapper/dists/gradle-2.14-bin/76oc0mnc3ieqtsukq90mp0rxk/gradle-2.14/lib/plugins/jackson-annotations-2.3.2.jar
7fd970718000-7fd97071b000 r--s 0002e000 08:01 6438897                    /home/user/.gradle/wrapper/dists/gradle-2.14-bin/76oc0mnc3ieqtsukq90mp0rxk/gradle-2.14/lib/plugins/jackson-core-2.3.2.jar
7fd97071b000-7fd970726000 r--s 0006b000 08:01 6438896                    /home/user/.gradle/wrapper/dists/gradle-2.14-bin/76oc0mnc3ieqtsukq90mp0rxk/gradle-2.14/lib/plugins/aws-java-sdk-core-1.9.19.jar
7fd970726000-7fd97072c000 r--s 00036000 08:01 6438895                    /home/user/.gradle/wrapper/dists/gradle-2.14-bin/76oc0mnc3ieqtsukq90mp0rxk/gradle-2.14/lib/plugins/aws-java-sdk-kms-1.9.19.jar
7fd97072c000-7fd970737000 r--s 00079000 08:01 6438894                    /home/user/.gradle/wrapper/dists/gradle-2.14-bin/76oc0mnc3ieqtsukq90mp0rxk/gradle-2.14/lib/plugins/aws-java-sdk-s3-1.9.19.jar
7fd970737000-7fd970738000 r--s 00003000 08:01 6438866                    /home/user/.gradle/wrapper/dists/gradle-2.14-bin/76oc0mnc3ieqtsukq90mp0rxk/gradle-2.14/lib/plugins/gradle-resources-s3-2.14.jar
7fd970738000-7fd97073a000 r--s 00005000 08:01 6438888                    /home/user/.gradle/wrapper/dists/gradle-2.14-bin/76oc0mnc3ieqtsukq90mp0rxk/gradle-2.14/lib/plugins/jatl-0.2.2.jar
7fd97073a000-7fd97073c000 r--s 0000f000 08:01 6434273                    /home/user/.gradle/wrapper/dists/gradle-2.14-bin/76oc0mnc3ieqtsukq90mp0rxk/gradle-2.14/lib/plugins/gradle-reporting-2.14.jar
7fd97073c000-7fd97073e000 r--s 00002000 08:01 6434275                    /home/user/.gradle/wrapper/dists/gradle-2.14-bin/76oc0mnc3ieqtsukq90mp0rxk/gradle-2.14/lib/plugins/gradle-publish-2.14.jar
7fd97073e000-7fd970740000 r--s 00009000 08:01 6438870                    /home/user/.gradle/wrapper/dists/gradle-2.14-bin/76oc0mnc3ieqtsukq90mp0rxk/gradle-2.14/lib/plugins/commons-cli-1.2.jar
7fd970740000-7fd970746000 r--s 00033000 08:01 6434248                    /home/user/.gradle/wrapper/dists/gradle-2.14-bin/76oc0mnc3ieqtsukq90mp0rxk/gradle-2.14/lib/plugins/gradle-plugins-2.14.jar
7fd970746000-7fd970748000 r--s 00007000 08:01 6438862                    /home/user/.gradle/wrapper/dists/gradle-2.14-bin/76oc0mnc3ieqtsukq90mp0rxk/gradle-2.14/lib/plugins/gradle-plugin-development-2.14.jar
7fd970748000-7fd97074e000 r--s 0002a000 08:01 6434290                    /home/user/.gradle/wrapper/dists/gradle-2.14-bin/76oc0mnc3ieqtsukq90mp0rxk/gradle-2.14/lib/plugins/gradle-platform-play-2.14.jar
7fd97074e000-7fd97075b000 r--s 0004d000 08:01 6434289                    /home/user/.gradle/wrapper/dists/gradle-2.14-bin/76oc0mnc3ieqtsukq90mp0rxk/gradle-2.14/lib/plugins/gradle-platform-native-2.14.jar
7fd97075b000-7fd97075f000 r--s 0001a000 08:01 6434282                    /home/user/.gradle/wrapper/dists/gradle-2.14-bin/76oc0mnc3ieqtsukq90mp0rxk/gradle-2.14/lib/plugins/gradle-platform-jvm-2.14.jar
7fd97075f000-7fd970766000 r--s 00029000 08:01 6434281                    /home/user/.gradle/wrapper/dists/gradle-2.14-bin/76oc0mnc3ieqtsukq90mp0rxk/gradle-2.14/lib/plugins/gradle-platform-base-2.14.jar
7fd970766000-7fd970787000 r--s 001c3000 08:01 6438878                    /home/user/.gradle/wrapper/dists/gradle-2.14-bin/76oc0mnc3ieqtsukq90mp0rxk/gradle-2.14/lib/plugins/bndlib-2.4.0.jar
7fd970787000-7fd970789000 r--s 00003000 08:01 6434253                    /home/user/.gradle/wrapper/dists/gradle-2.14-bin/76oc0mnc3ieqtsukq90mp0rxk/gradle-2.14/lib/plugins/gradle-osgi-2.14.jar
7fd970789000-7fd97078c000 r--s 0000c000 08:01 6438881                    /home/user/.gradle/wrapper/dists/gradle-2.14-bin/76oc0mnc3ieqtsukq90mp0rxk/gradle-2.14/lib/plugins/pmaven-groovy-0.8-20100325.jar
7fd97078c000-7fd97078d000 r--s 00004000 08:01 6438880                    /home/user/.gradle/wrapper/dists/gradle-2.14-bin/76oc0mnc3ieqtsukq90mp0rxk/gradle-2.14/lib/plugins/pmaven-common-0.8-20100325.jar
7fd97078d000-7fd970793000 r--s 00022000 08:01 6434254                    /home/user/.gradle/wrapper/dists/gradle-2.14-bin/76oc0mnc3ieqtsukq90mp0rxk/gradle-2.14/lib/plugins/gradle-maven-2.14.jar
7fd970793000-7fd970795000 r--s 0000a000 08:01 6434287                    /home/user/.gradle/wrapper/dists/gradle-2.14-bin/76oc0mnc3ieqtsukq90mp0rxk/gradle-2.14/lib/plugins/gradle-language-scala-2.14.jar
7fd970795000-7fd97079b000 r--s 0001a000 08:01 6438457                    /home/user/.gradle/wrapper/dists/gradle-2.14-bin/76oc0mnc3ieqtsukq90mp0rxk/gradle-2.14/lib/plugins/gradle-language-native-2.14.jar
7fd97079b000-7fd97079d000 r--s 00008000 08:01 6434283                    /home/user/.gradle/wrapper/dists/gradle-2.14-bin/76oc0mnc3ieqtsukq90mp0rxk/gradle-2.14/lib/plugins/gradle-language-jvm-2.14.jar
7fd97079d000-7fd9707a3000 r--s 00024000 08:01 6434285                    /home/user/.gradle/wrapper/dists/gradle-2.14-bin/76oc0mnc3ieqtsukq90mp0rxk/gradle-2.14/lib/plugins/gradle-language-java-2.14.jar
7fd9707a3000-7fd9707a5000 r--s 0000a000 08:01 6434286                    /home/user/.gradle/wrapper/dists/gradle-2.14-bin/76oc0mnc3ieqtsukq90mp0rxk/gradle-2.14/lib/plugins/gradle-language-groovy-2.14.jar
7fd9707a5000-7fd9707a8000 r--s 0001e000 08:01 6438906                    /home/user/.gradle/wrapper/dists/gradle-2.14-bin/76oc0mnc3ieqtsukq90mp0rxk/gradle-2.14/lib/plugins/jsp-api-2.1-6.1.14.jar
7fd9707a8000-7fd9707cb000 r--s 00344000 08:01 6438905                    /home/user/.gradle/wrapper/dists/gradle-2.14-bin/76oc0mnc3ieqtsukq90mp0rxk/gradle-2.14/lib/plugins/core-3.1.1.jar
7fd9707cb000-7fd9707cc000 r--s 00006000 08:01 6438904                    /home/user/.gradle/wrapper/dists/gradle-2.14-bin/76oc0mnc3ieqtsukq90mp0rxk/gradle-2.14/lib/plugins/jetty-naming-6.1.25.jar
7fd9707cc000-7fd9707cd000 r--s 00002000 08:01 6438877                    /home/user/.gradle/wrapper/dists/gradle-2.14-bin/76oc0mnc3ieqtsukq90mp0rxk/gradle-2.14/lib/plugins/geronimo-annotation_1.0_spec-1.0.jar
7fd9707cd000-7fd9707cf000 r--s 00002000 08:01 6438876                    /home/user/.gradle/wrapper/dists/gradle-2.14-bin/76oc0mnc3ieqtsukq90mp0rxk/gradle-2.14/lib/plugins/jetty-annotations-6.1.25.jar
7fd9707cf000-7fd9707e0000 r--s 000ea000 08:01 6438875                    /home/user/.gradle/wrapper/dists/gradle-2.14-bin/76oc0mnc3ieqtsukq90mp0rxk/gradle-2.14/lib/plugins/jsp-2.1-6.1.14.jar
7fd9707e0000-7fd9707e2000 r--s 0000d000 08:01 6438874                    /home/user/.gradle/wrapper/dists/gradle-2.14-bin/76oc0mnc3ieqtsukq90mp0rxk/gradle-2.14/lib/plugins/jetty-plus-6.1.25.jar
7fd9707e2000-7fd9707e4000 r--s 0001f000 08:01 6438873                    /home/user/.gradle/wrapper/dists/gradle-2.14-bin/76oc0mnc3ieqtsukq90mp0rxk/gradle-2.14/lib/plugins/servlet-api-2.5-20081211.jar
7fd9707e4000-7fd9707e8000 r--s 00028000 08:01 6438872                    /home/user/.gradle/wrapper/dists/gradle-2.14-bin/76oc0mnc3ieqtsukq90mp0rxk/gradle-2.14/lib/plugins/jetty-util-6.1.25.jar
7fd9707e8000-7fd9707ef000 r--s 0007d000 08:01 6438871                    /home/user/.gradle/wrapper/dists/gradle-2.14-bin/76oc0mnc3ieqtsukq90mp0rxk/gradle-2.14/lib/plugins/jetty-6.1.25.jar
7fd9707ef000-7fd9707f1000 r--s 00009000 08:01 6434251                    /home/user/.gradle/wrapper/dists/gradle-2.14-bin/76oc0mnc3ieqtsukq90mp0rxk/gradle-2.14/lib/plugins/gradle-jetty-2.14.jar
7fd9707f1000-7fd9707f8000 r--s 00035000 08:01 6438887                    /home/user/.gradle/wrapper/dists/gradle-2.14-bin/76oc0mnc3ieqtsukq90mp0rxk/gradle-2.14/lib/plugins/simple-4.1.21.jar
7fd9707f8000-7fd970804000 r--s 00100000 08:01 6438885                    /home/user/.gradle/wrapper/dists/gradle-2.14-bin/76oc0mnc3ieqtsukq90mp0rxk/gradle-2.14/lib/plugins/rhino-1.7R3.jar
7fd970804000-7fd970808000 r--s 00011000 08:01 6434267                    /home/user/.gradle/wrapper/dists/gradle-2.14-bin/76oc0mnc3ieqtsukq90mp0rxk/gradle-2.14/lib/plugins/gradle-javascript-2.14.jar
7fd970808000-7fd97080a000 r--s 0000c000 08:01 6434279                    /home/user/.gradle/wrapper/dists/gradle-2.14-bin/76oc0mnc3ieqtsukq90mp0rxk/gradle-2.14/lib/plugins/gradle-jacoco-2.14.jar
7fd97080a000-7fd97080d000 r--s 0000e000 08:01 6434277                    /home/user/.gradle/wrapper/dists/gradle-2.14-bin/76oc0mnc3ieqtsukq90mp0rxk/gradle-2.14/lib/plugins/gradle-ivy-2.14.jar
7fd97080d000-7fd97080e000 r--s 00002000 08:01 6434292                    /home/user/.gradle/wrapper/dists/gradle-2.14-bin/76oc0mnc3ieqtsukq90mp0rxk/gradle-2.14/lib/plugins/gradle-ide-play-2.14.jar
7fd97080e000-7fd970813000 r--s 0002b000 08:01 6438458                    /home/user/.gradle/wrapper/dists/gradle-2.14-bin/76oc0mnc3ieqtsukq90mp0rxk/gradle-2.14/lib/plugins/gradle-ide-native-2.14.jar
7fd970813000-7fd97081e000 r--s 00066000 08:01 6434256                    /home/user/.gradle/wrapper/dists/gradle-2.14-bin/76oc0mnc3ieqtsukq90mp0rxk/gradle-2.14/lib/plugins/gradle-ide-2.14.jar
7fd97081e000-7fd97081f000 r--s 00008000 08:01 6434264                    /home/user/.gradle/wrapper/dists/gradle-2.14-bin/76oc0mnc3ieqtsukq90mp0rxk/gradle-2.14/lib/plugins/gradle-ear-2.14.jar
7fd97081f000-7fd970825000 r--s 00032000 08:01 6434271                    /home/user/.gradle/wrapper/dists/gradle-2.14-bin/76oc0mnc3ieqtsukq90mp0rxk/gradle-2.14/lib/plugins/gradle-diagnostics-2.14.jar
7fd970825000-7fd970829000 r--s 00021000 08:01 6434250                    /home/user/.gradle/wrapper/dists/gradle-2.14-bin/76oc0mnc3ieqtsukq90mp0rxk/gradle-2.14/lib/plugins/gradle-code-quality-2.14.jar
7fd970829000-7fd97082d000 r--s 0001f000 08:01 6434280                    /home/user/.gradle/wrapper/dists/gradle-2.14-bin/76oc0mnc3ieqtsukq90mp0rxk/gradle-2.14/lib/plugins/gradle-build-init-2.14.jar
7fd97082d000-7fd970834000 r--s 0008e000 08:01 6434268                    /home/user/.gradle/wrapper/dists/gradle-2.14-bin/76oc0mnc3ieqtsukq90mp0rxk/gradle-2.14/lib/plugins/gradle-build-comparison-2.14.jar
7fd970834000-7fd970836000 r--s 00008000 08:01 6434252                    /home/user/.gradle/wrapper/dists/gradle-2.14-bin/76oc0mnc3ieqtsukq90mp0rxk/gradle-2.14/lib/plugins/gradle-antlr-2.14.jar
7fd970836000-7fd970838000 r--s 00004000 08:01 6434258                    /home/user/.gradle/wrapper/dists/gradle-2.14-bin/76oc0mnc3ieqtsukq90mp0rxk/gradle-2.14/lib/plugins/gradle-announce-2.14.jar
7fd970838000-7fd970850000 r--s 00115000 08:01 6438936                    /home/user/.gradle/wrapper/dists/gradle-2.14-bin/76oc0mnc3ieqtsukq90mp0rxk/gradle-2.14/lib/plugins/xercesImpl-2.9.1.jar
7fd970850000-7fd970858000 r--s 00028000 08:01 6438937                    /home/user/.gradle/wrapper/dists/gradle-2.14-bin/76oc0mnc3ieqtsukq90mp0rxk/gradle-2.14/lib/plugins/xml-apis-1.3.04.jar
7fd970858000-7fd97085e000 r--s 0005b000 08:01 6438935                    /home/user/.gradle/wrapper/dists/gradle-2.14-bin/76oc0mnc3ieqtsukq90mp0rxk/gradle-2.14/lib/plugins/jcifs-1.3.17.jar
7fd97085e000-7fd970865000 r--s 00049000 08:01 6438934                    /home/user/.gradle/wrapper/dists/gradle-2.14-bin/76oc0mnc3ieqtsukq90mp0rxk/gradle-2.14/lib/plugins/httpcore-4.4.4.jar
7fd970865000-7fd97086b000 r--s 00033000 08:01 6438882                    /home/user/.gradle/wrapper/dists/gradle-2.14-bin/76oc0mnc3ieqtsukq90mp0rxk/gradle-2.14/lib/plugins/commons-codec-1.6.jar
7fd97086b000-7fd97086e000 r--s 0001c000 08:01 6438892                    /home/user/.gradle/wrapper/dists/gradle-2.14-bin/76oc0mnc3ieqtsukq90mp0rxk/gradle-2.14/lib/plugins/nekohtml-1.9.14.jar
7fd97086e000-7fd97087b000 r--s 000a4000 08:01 6438891                    /home/user/.gradle/wrapper/dists/gradle-2.14-bin/76oc0mnc3ieqtsukq90mp0rxk/gradle-2.14/lib/plugins/httpclient-4.4.1.jar
7fd97087b000-7fd97087d000 r--s 0000a000 08:01 6438864                    /home/user/.gradle/wrapper/dists/gradle-2.14-bin/76oc0mnc3ieqtsukq90mp0rxk/gradle-2.14/lib/plugins/gradle-resources-http-2.14.jar
7fd97087d000-7fd970881000 r--s 00014000 08:01 6438863                    /home/user/.gradle/wrapper/dists/gradle-2.14-bin/76oc0mnc3ieqtsukq90mp0rxk/gradle-2.14/lib/plugins/gradle-plugin-use-2.14.jar
7fd970881000-7fd970882000 r--s 00000000 08:01 6434190                    /home/user/.gradle/wrapper/dists/gradle-2.14-bin/76oc0mnc3ieqtsukq90mp0rxk/gradle-2.14/lib/gradle-installation-beacon-2.14.jar
7fd970882000-7fd970883000 r--s 00007000 08:01 6438930                    /home/user/.gradle/wrapper/dists/gradle-2.14-bin/76oc0mnc3ieqtsukq90mp0rxk/gradle-2.14/lib/plugins/wagon-http-shared4-2.4.jar
7fd970883000-7fd970887000 r--s 00033000 08:01 6438929                    /home/user/.gradle/wrapper/dists/gradle-2.14-bin/76oc0mnc3ieqtsukq90mp0rxk/gradle-2.14/lib/plugins/plexus-utils-2.0.6.jar
7fd970887000-7fd97088b000 r--s 00021000 08:01 6438928                    /home/user/.gradle/wrapper/dists/gradle-2.14-bin/76oc0mnc3ieqtsukq90mp0rxk/gradle-2.14/lib/plugins/maven-model-builder-3.0.4.jar
7fd97088b000-7fd97088c000 r--s 00002000 08:01 6438927                    /home/user/.gradle/wrapper/dists/gradle-2.14-bin/76oc0mnc3ieqtsukq90mp0rxk/gradle-2.14/lib/plugins/wagon-file-2.4.jar
7fd97088c000-7fd97088e000 r--s 00002000 08:01 6438926                    /home/user/.gradle/wrapper/dists/gradle-2.14-bin/76oc0mnc3ieqtsukq90mp0rxk/gradle-2.14/lib/plugins/plexus-cipher-1.7.jar
7fd97088e000-7fd970891000 r--s 00013000 08:01 6438925                    /home/user/.gradle/wrapper/dists/gradle-2.14-bin/76oc0mnc3ieqtsukq90mp0rxk/gradle-2.14/lib/plugins/aether-api-1.13.1.jar
7fd970891000-7fd970893000 r--s 0000a000 08:01 6438924                    /home/user/.gradle/wrapper/dists/gradle-2.14-bin/76oc0mnc3ieqtsukq90mp0rxk/gradle-2.14/lib/plugins/maven-settings-3.0.4.jar
7fd970893000-7fd970895000 r--s 0000d000 08:01 6438923                    /home/user/.gradle/wrapper/dists/gradle-2.14-bin/76oc0mnc3ieqtsukq90mp0rxk/gradle-2.14/lib/plugins/plexus-interpolation-1.14.jar
7fd970895000-7fd970897000 r--s 0000b000 08:01 6438922                    /home/user/.gradle/wrapper/dists/gradle-2.14-bin/76oc0mnc3ieqtsukq90mp0rxk/gradle-2.14/lib/plugins/maven-artifact-3.0.4.jar
7fd970897000-7fd97089e000 r--s 0002e000 08:01 6438921                    /home/user/.gradle/wrapper/dists/gradle-2.14-bin/76oc0mnc3ieqtsukq90mp0rxk/gradle-2.14/lib/plugins/plexus-container-default-1.5.5.jar
7fd97089e000-7fd9708a0000 r--s 0000b000 08:01 6438920                    /home/user/.gradle/wrapper/dists/gradle-2.14-bin/76oc0mnc3ieqtsukq90mp0rxk/gradle-2.14/lib/plugins/maven-plugin-api-3.0.4.jar
7fd9708a0000-7fd9708a2000 r--s 00000000 08:01 6438938                    /home/user/.gradle/wrapper/dists/gradle-2.14-bin/76oc0mnc3ieqtsukq90mp0rxk/gradle-2.14/lib/plugins/plexus-component-annotations-1.5.5.jar
7fd9708a2000-7fd9708a8000 r--s 0003f000 08:01 6438919                    /home/user/.gradle/wrapper/dists/gradle-2.14-bin/76oc0mnc3ieqtsukq90mp0rxk/gradle-2.14/lib/plugins/maven-compat-3.0.4.jar
7fd9708a8000-7fd9708ab000 r--s 00008000 08:01 6438918                    /home/user/.gradle/wrapper/dists/gradle-2.14-bin/76oc0mnc3ieqtsukq90mp0rxk/gradle-2.14/lib/plugins/maven-settings-builder-3.0.4.jar
7fd9708ab000-7fd9708ac000 r--s 00002000 08:01 6438917                    /home/user/.gradle/wrapper/dists/gradle-2.14-bin/76oc0mnc3ieqtsukq90mp0rxk/gradle-2.14/lib/plugins/wagon-http-2.4.jar
7fd9708ac000-7fd9708ae000 r--s 00026000 08:01 6438916                    /home/user/.gradle/wrapper/dists/gradle-2.14-bin/76oc0mnc3ieqtsukq90mp0rxk/gradle-2.14/lib/plugins/maven-model-3.0.4.jar
7fd9708ae000-7fd9708b0000 r--s 00006000 08:01 6438915                    /home/user/.gradle/wrapper/dists/gradle-2.14-bin/76oc0mnc3ieqtsukq90mp0rxk/gradle-2.14/lib/plugins/aether-connector-wagon-1.13.1.jar
7fd9708b0000-7fd9708b2000 r--s 0000a000 08:01 6438914                    /home/user/.gradle/wrapper/dists/gradle-2.14-bin/76oc0mnc3ieqtsukq90mp0rxk/gradle-2.14/lib/plugins/plexus-classworlds-2.4.jar
7fd9708b2000-7fd9708b4000 r--s 00006000 08:01 6438913                    /home/user/.gradle/wrapper/dists/gradle-2.14-bin/76oc0mnc3ieqtsukq90mp0rxk/gradle-2.14/lib/plugins/maven-repository-metadata-3.0.4.jar
7fd9708b4000-7fd9708b6000 r--s 0000c000 08:01 6438912                    /home/user/.gradle/wrapper/dists/gradle-2.14-bin/76oc0mnc3ieqtsukq90mp0rxk/gradle-2.14/lib/plugins/maven-aether-provider-3.0.4.jar
7fd9708b6000-7fd9708b8000 r--s 0000b000 08:01 6438911                    /home/user/.gradle/wrapper/dists/gradle-2.14-bin/76oc0mnc3ieqtsukq90mp0rxk/gradle-2.14/lib/plugins/wagon-provider-api-2.4.jar
7fd9708b8000-7fd9708b9000 r--s 00003000 08:01 6438910                    /home/user/.gradle/wrapper/dists/gradle-2.14-bin/76oc0mnc3ieqtsukq90mp0rxk/gradle-2.14/lib/plugins/aether-spi-1.13.1.jar
7fd9708b9000-7fd9708bd000 r--s 0001c000 08:01 6438909                    /home/user/.gradle/wrapper/dists/gradle-2.14-bin/76oc0mnc3ieqtsukq90mp0rxk/gradle-2.14/lib/plugins/aether-util-1.13.1.jar
7fd9708bd000-7fd9708c0000 r--s 0001d000 08:01 6438908                    /home/user/.gradle/wrapper/dists/gradle-2.14-bin/76oc0mnc3ieqtsukq90mp0rxk/gradle-2.14/lib/plugins/aether-impl-1.13.1.jar
7fd9708c0000-7fd9708c1000 r--s 00006000 08:01 6438907                    /home/user/.gradle/wrapper/dists/gradle-2.14-bin/76oc0mnc3ieqtsukq90mp0rxk/gradle-2.14/lib/plugins/plexus-sec-dispatcher-1.3.jar
7fd9708c1000-7fd9708c6000 r--s 00040000 08:01 6438893                    /home/user/.gradle/wrapper/dists/gradle-2.14-bin/76oc0mnc3ieqtsukq90mp0rxk/gradle-2.14/lib/plugins/jsch-0.1.53.jar
7fd9708c6000-7fd970906000 r--s 00277000 08:01 6438903                    /home/user/.gradle/wrapper/dists/gradle-2.14-bin/76oc0mnc3ieqtsukq90mp0rxk/gradle-2.14/lib/plugins/bcprov-jdk15on-1.51.jar
7fd970906000-7fd97090a000 r--s 0001d000 08:01 6438902                    /home/user/.gradle/wrapper/dists/gradle-2.14-bin/76oc0mnc3ieqtsukq90mp0rxk/gradle-2.14/lib/plugins/xbean-reflect-3.4.jar
7fd97090a000-7fd970916000 r--s 0007d000 08:01 6438879                    /home/user/.gradle/wrapper/dists/gradle-2.14-bin/76oc0mnc3ieqtsukq90mp0rxk/gradle-2.14/lib/plugins/maven-core-3.0.4.jar
7fd970916000-7fd97091b000 r--s 0002a000 08:01 6438886                    /home/user/.gradle/wrapper/dists/gradle-2.14-bin/76oc0mnc3ieqtsukq90mp0rxk/gradle-2.14/lib/plugins/gson-2.2.4.jar
7fd97091b000-7fd97092a000 r--s 000d9000 08:01 6438901                    /home/user/.gradle/wrapper/dists/gradle-2.14-bin/76oc0mnc3ieqtsukq90mp0rxk/gradle-2.14/lib/plugins/ivy-2.2.0.jar
7fd97092a000-7fd970946000 r--s 000d3000 08:01 6438868                    /home/user/.gradle/wrapper/dists/gradle-2.14-bin/76oc0mnc3ieqtsukq90mp0rxk/gradle-2.14/lib/plugins/gradle-dependency-management-2.14.jar
7fd970946000-7fd97094a000 r-xp 00000000 08:01 6574660                    /home/user/.gradle/native/19/linux-amd64/libnative-platform.so
7fd97094a000-7fd970b49000 ---p 00004000 08:01 6574660                    /home/user/.gradle/native/19/linux-amd64/libnative-platform.so
7fd970b49000-7fd970b4a000 rw-p 00003000 08:01 6574660                    /home/user/.gradle/native/19/linux-amd64/libnative-platform.so
7fd970b4a000-7fd970b5b000 r-xp 00000000 08:01 4990919                    /usr/lib/jvm/java-8-openjdk-amd64/jre/lib/amd64/libnio.so
7fd970b5b000-7fd970d5b000 ---p 00011000 08:01 4990919                    /usr/lib/jvm/java-8-openjdk-amd64/jre/lib/amd64/libnio.so
7fd970d5b000-7fd970d5c000 r--p 00011000 08:01 4990919                    /usr/lib/jvm/java-8-openjdk-amd64/jre/lib/amd64/libnio.so
7fd970d5c000-7fd970d5d000 rw-p 00012000 08:01 4990919                    /usr/lib/jvm/java-8-openjdk-amd64/jre/lib/amd64/libnio.so
7fd970d5d000-7fd970d73000 r-xp 00000000 08:01 4990918                    /usr/lib/jvm/java-8-openjdk-amd64/jre/lib/amd64/libnet.so
7fd970d73000-7fd970f73000 ---p 00016000 08:01 4990918                    /usr/lib/jvm/java-8-openjdk-amd64/jre/lib/amd64/libnet.so
7fd970f73000-7fd970f74000 r--p 00016000 08:01 4990918                    /usr/lib/jvm/java-8-openjdk-amd64/jre/lib/amd64/libnet.so
7fd970f74000-7fd970f75000 rw-p 00017000 08:01 4990918                    /usr/lib/jvm/java-8-openjdk-amd64/jre/lib/amd64/libnet.so
7fd970f75000-7fd970f77000 r--s 00005000 08:01 6434189                    /home/user/.gradle/wrapper/dists/gradle-2.14-bin/76oc0mnc3ieqtsukq90mp0rxk/gradle-2.14/lib/gradle-wrapper-2.14.jar
7fd970f77000-7fd970f85000 r--s 0004f000 08:01 6434196                    /home/user/.gradle/wrapper/dists/gradle-2.14-bin/76oc0mnc3ieqtsukq90mp0rxk/gradle-2.14/lib/gradle-tooling-api-2.14.jar
7fd970f85000-7fd970f87000 r--s 00002000 08:01 6434221                    /home/user/.gradle/wrapper/dists/gradle-2.14-bin/76oc0mnc3ieqtsukq90mp0rxk/gradle-2.14/lib/gradle-open-api-2.14.jar
7fd970f87000-7fd970f8d000 r--s 00032000 08:01 6434223                    /home/user/.gradle/wrapper/dists/gradle-2.14-bin/76oc0mnc3ieqtsukq90mp0rxk/gradle-2.14/lib/jaxen-1.1.jar
7fd970f8d000-7fd970f92000 r--s 00048000 08:01 6434222                    /home/user/.gradle/wrapper/dists/gradle-2.14-bin/76oc0mnc3ieqtsukq90mp0rxk/gradle-2.14/lib/dom4j-1.6.1.jar
7fd970f92000-7fd970f9d000 r--s 00059000 08:01 6434195                    /home/user/.gradle/wrapper/dists/gradle-2.14-bin/76oc0mnc3ieqtsukq90mp0rxk/gradle-2.14/lib/gradle-ui-2.14.jar
7fd970f9d000-7fd970fa0000 r--s 0000b000 08:01 6434219                    /home/user/.gradle/wrapper/dists/gradle-2.14-bin/76oc0mnc3ieqtsukq90mp0rxk/gradle-2.14/lib/gradle-resources-2.14.jar
7fd970fa0000-7fd970fa2000 r--s 00003000 08:01 6434235                    /home/user/.gradle/wrapper/dists/gradle-2.14-bin/76oc0mnc3ieqtsukq90mp0rxk/gradle-2.14/lib/jcl-over-slf4j-1.7.10.jar
7fd970fa2000-7fd970fa3000 r--s 00005000 08:01 6434234                    /home/user/.gradle/wrapper/dists/gradle-2.14-bin/76oc0mnc3ieqtsukq90mp0rxk/gradle-2.14/lib/log4j-over-slf4j-1.7.10.jar
7fd970fa3000-7fd970fa5000 r--s 00000000 08:01 6434233                    /home/user/.gradle/wrapper/dists/gradle-2.14-bin/76oc0mnc3ieqtsukq90mp0rxk/gradle-2.14/lib/jul-to-slf4j-1.7.10.jar
7fd970fa5000-7fd970faa000 r--s 0001c000 08:01 6434217                    /home/user/.gradle/wrapper/dists/gradle-2.14-bin/76oc0mnc3ieqtsukq90mp0rxk/gradle-2.14/lib/gradle-logging-2.14.jar
7fd970faa000-7fd970fac000 r--s 00007000 08:01 6434246                    /home/user/.gradle/wrapper/dists/gradle-2.14-bin/76oc0mnc3ieqtsukq90mp0rxk/gradle-2.14/lib/objenesis-1.2.jar
7fd970fac000-7fd970fae000 r--s 00000000 08:01 6434245                    /home/user/.gradle/wrapper/dists/gradle-2.14-bin/76oc0mnc3ieqtsukq90mp0rxk/gradle-2.14/lib/minlog-1.2.jar
7fd970fae000-7fd970fb0000 r--s 0000f000 08:01 6434244                    /home/user/.gradle/wrapper/dists/gradle-2.14-bin/76oc0mnc3ieqtsukq90mp0rxk/gradle-2.14/lib/reflectasm-1.07-shaded.jar
7fd970fb0000-7fd970fb4000 r--s 00026000 08:01 6434232                    /home/user/.gradle/wrapper/dists/gradle-2.14-bin/76oc0mnc3ieqtsukq90mp0rxk/gradle-2.14/lib/kryo-2.20.jar
7fd970fb4000-7fd970fba000 r--s 00025000 08:01 6434215                    /home/user/.gradle/wrapper/dists/gradle-2.14-bin/76oc0mnc3ieqtsukq90mp0rxk/gradle-2.14/lib/gradle-messaging-2.14.jar
7fd970fba000-7fd970fbb000 r--s 00003000 08:01 6434243                    /home/user/.gradle/wrapper/dists/gradle-2.14-bin/76oc0mnc3ieqtsukq90mp0rxk/gradle-2.14/lib/native-platform-freebsd-amd64-0.10.jar
7fd970fbb000-7fd970fbc000 r--s 00003000 08:01 6434242                    /home/user/.gradle/wrapper/dists/gradle-2.14-bin/76oc0mnc3ieqtsukq90mp0rxk/gradle-2.14/lib/native-platform-freebsd-i386-0.10.jar
7fd970fbc000-7fd970fbd000 r--s 00005000 08:01 6434241                    /home/user/.gradle/wrapper/dists/gradle-2.14-bin/76oc0mnc3ieqtsukq90mp0rxk/gradle-2.14/lib/native-platform-windows-i386-0.10.jar
7fd970fbd000-7fd970fbe000 r--s 00005000 08:01 6434240                    /home/user/.gradle/wrapper/dists/gradle-2.14-bin/76oc0mnc3ieqtsukq90mp0rxk/gradle-2.14/lib/native-platform-windows-amd64-0.10.jar
7fd970fbe000-7fd970fbf000 r--s 00003000 08:01 6434239                    /home/user/.gradle/wrapper/dists/gradle-2.14-bin/76oc0mnc3ieqtsukq90mp0rxk/gradle-2.14/lib/native-platform-linux-i386-0.10.jar
7fd970fbf000-7fd970fc0000 r--s 00003000 08:01 6434238                    /home/user/.gradle/wrapper/dists/gradle-2.14-bin/76oc0mnc3ieqtsukq90mp0rxk/gradle-2.14/lib/native-platform-linux-amd64-0.10.jar
7fd970fc0000-7fd970fc1000 r--s 00002000 08:01 6434237                    /home/user/.gradle/wrapper/dists/gradle-2.14-bin/76oc0mnc3ieqtsukq90mp0rxk/gradle-2.14/lib/native-platform-osx-amd64-0.10.jar
7fd970fc1000-7fd970fc2000 r--s 00002000 08:01 6434236                    /home/user/.gradle/wrapper/dists/gradle-2.14-bin/76oc0mnc3ieqtsukq90mp0rxk/gradle-2.14/lib/native-platform-osx-i386-0.10.jar
7fd970fc2000-7fd970fc4000 r--s 00008000 08:01 6434229                    /home/user/.gradle/wrapper/dists/gradle-2.14-bin/76oc0mnc3ieqtsukq90mp0rxk/gradle-2.14/lib/jansi-1.2.1.jar
7fd970fc4000-7fd970fc7000 r--s 0000d000 08:01 6434227                    /home/user/.gradle/wrapper/dists/gradle-2.14-bin/76oc0mnc3ieqtsukq90mp0rxk/gradle-2.14/lib/native-platform-0.10.jar
7fd970fc7000-7fd970fcb000 r--s 000e4000 08:01 6434224                    /home/user/.gradle/wrapper/dists/gradle-2.14-bin/76oc0mnc3ieqtsukq90mp0rxk/gradle-2.14/lib/jna-3.2.7.jar
7fd970fcb000-7fd970fcd000 r--s 00009000 08:01 6434197                    /home/user/.gradle/wrapper/dists/gradle-2.14-bin/76oc0mnc3ieqtsukq90mp0rxk/gradle-2.14/lib/gradle-native-2.14.jar
7fd970fcd000-7fd970fcf000 r--s 00005000 08:01 6434194                    /home/user/.gradle/wrapper/dists/gradle-2.14-bin/76oc0mnc3ieqtsukq90mp0rxk/gradle-2.14/lib/gradle-cli-2.14.jar
7fd970fcf000-7fd970fd1000 r--s 00007000 08:01 6434205                    /home/user/.gradle/wrapper/dists/gradle-2.14-bin/76oc0mnc3ieqtsukq90mp0rxk/gradle-2.14/lib/gradle-model-groovy-2.14.jar
7fd970fd1000-7fd970fd2000 r--s 00006000 08:01 6434214                    /home/user/.gradle/wrapper/dists/gradle-2.14-bin/76oc0mnc3ieqtsukq90mp0rxk/gradle-2.14/lib/gradle-base-services-groovy-2.14.jar
7fd970fd2000-7fd970fe1000 r--s 00080000 08:01 6434203                    /home/user/.gradle/wrapper/dists/gradle-2.14-bin/76oc0mnc3ieqtsukq90mp0rxk/gradle-2.14/lib/gradle-model-core-2.14.jar
7fd970fe1000-7fd970fe2000 r--s 00002000 08:01 6434220                    /home/user/.gradle/wrapper/dists/gradle-2.14-bin/76oc0mnc3ieqtsukq90mp0rxk/gradle-2.14/lib/gradle-docs-2.14.jar
7fd970fe2000-7fd970fe3000 r--s 00000000 08:01 6434212                    /home/user/.gradle/wrapper/dists/gradle-2.14-bin/76oc0mnc3ieqtsukq90mp0rxk/gradle-2.14/lib/javax.inject-1.jar
7fd970fe3000-7fd970fe4000 r--s 00000000 08:01 6434211                    /home/user/.gradle/wrapper/dists/gradle-2.14-bin/76oc0mnc3ieqtsukq90mp0rxk/gradle-2.14/lib/jcip-annotations-1.0.jar
7fd970fe4000-7fd970fe8000 r--s 00027000 08:01 6434210                    /home/user/.gradle/wrapper/dists/gradle-2.14-bin/76oc0mnc3ieqtsukq90mp0rxk/gradle-2.14/lib/commons-io-2.2.jar
7fd970fe8000-7fd970ff5000 r--s 00083000 08:01 6434209                    /home/user/.gradle/wrapper/dists/gradle-2.14-bin/76oc0mnc3ieqtsukq90mp0rxk/gradle-2.14/lib/commons-collections-3.2.2.jar
7fd970ff5000-7fd970ffa000 r--s 00038000 08:01 6434207                    /home/user/.gradle/wrapper/dists/gradle-2.14-bin/76oc0mnc3ieqtsukq90mp0rxk/gradle-2.14/lib/asm-all-5.1.jar
7fd970ffa000-7fd971069000 r--s 0063e000 08:01 6434202                    /home/user/.gradle/wrapper/dists/gradle-2.14-bin/76oc0mnc3ieqtsukq90mp0rxk/gradle-2.14/lib/groovy-all-2.4.4.jar
7fd971069000-7fd97106a000 r--s 00001000 08:01 6434201                    /home/user/.gradle/wrapper/dists/gradle-2.14-bin/76oc0mnc3ieqtsukq90mp0rxk/gradle-2.14/lib/gradle-process-services-2.14.jar
7fd97106a000-7fd971092000 r--s 001cf000 08:01 6434199                    /home/user/.gradle/wrapper/dists/gradle-2.14-bin/76oc0mnc3ieqtsukq90mp0rxk/gradle-2.14/lib/guava-jdk5-17.0.jar
7fd971092000-7fd9710b1000 r--s 001d1000 08:01 6434208                    /home/user/.gradle/wrapper/dists/gradle-2.14-bin/76oc0mnc3ieqtsukq90mp0rxk/gradle-2.14/lib/ant-1.9.6.jar
7fd9710b1000-7fd9710e7000 r--s 001bc000 08:01 6434193                    /home/user/.gradle/wrapper/dists/gradle-2.14-bin/76oc0mnc3ieqtsukq90mp0rxk/gradle-2.14/lib/gradle-core-2.14.jar
7fd9710e7000-7fd971102000 r--s 001d6000 08:01 4995269                    /usr/lib/jvm/java-8-openjdk-amd64/jre/lib/ext/nashorn.jar
7fd971102000-7fd97111d000 r--s 00394000 08:01 4995259                    /usr/lib/jvm/java-8-openjdk-amd64/jre/lib/ext/cldrdata.jar
7fd97111d000-7fd97111e000 ---p 00000000 00:00 0 
7fd97111e000-7fd97121e000 rw-p 00000000 00:00 0 
7fd97121e000-7fd971221000 ---p 00000000 00:00 0 
7fd971221000-7fd97131f000 rw-p 00000000 00:00 0 
7fd97131f000-7fd971322000 ---p 00000000 00:00 0 
7fd971322000-7fd971420000 rw-p 00000000 00:00 0 
7fd971420000-7fd971423000 ---p 00000000 00:00 0 
7fd971423000-7fd971521000 rw-p 00000000 00:00 0 
7fd971521000-7fd971524000 ---p 00000000 00:00 0 
7fd971524000-7fd971622000 rw-p 00000000 00:00 0 
7fd971622000-7fd971625000 ---p 00000000 00:00 0 
7fd971625000-7fd971723000 rw-p 00000000 00:00 0 
7fd971723000-7fd971726000 ---p 00000000 00:00 0 
7fd971726000-7fd971824000 rw-p 00000000 00:00 0 
7fd971824000-7fd971c82000 r--p 00000000 08:01 4982340                    /usr/lib/locale/locale-archive
7fd971c82000-7fd971c85000 ---p 00000000 00:00 0 
7fd971c85000-7fd971d83000 rw-p 00000000 00:00 0 
7fd971d83000-7fd971d86000 ---p 00000000 00:00 0 
7fd971d86000-7fd971e84000 rw-p 00000000 00:00 0 
7fd971e84000-7fd971e85000 ---p 00000000 00:00 0 
7fd971e85000-7fd97c000000 rw-p 00000000 00:00 0 
7fd97c000000-7fd97c021000 rw-p 00000000 00:00 0 
7fd97c021000-7fd980000000 ---p 00000000 00:00 0 
7fd980000000-7fd980001000 r--s 00000000 08:01 6434192                    /home/user/.gradle/wrapper/dists/gradle-2.14-bin/76oc0mnc3ieqtsukq90mp0rxk/gradle-2.14/lib/gradle-jvm-services-2.14.jar
7fd980001000-7fd980006000 r--s 00041000 08:01 6434200                    /home/user/.gradle/wrapper/dists/gradle-2.14-bin/76oc0mnc3ieqtsukq90mp0rxk/gradle-2.14/lib/commons-lang-2.6.jar
7fd980006000-7fd98000e000 r--s 0003a000 08:01 6434191                    /home/user/.gradle/wrapper/dists/gradle-2.14-bin/76oc0mnc3ieqtsukq90mp0rxk/gradle-2.14/lib/gradle-base-services-2.14.jar
7fd98000e000-7fd9803d7000 rw-p 00000000 00:00 0 
7fd9803d7000-7fd9805a5000 r--s 03c2c000 08:01 4995290                    /usr/lib/jvm/java-8-openjdk-amd64/jre/lib/rt.jar
7fd9805a5000-7fd9805a6000 ---p 00000000 00:00 0 
7fd9805a6000-7fd9806a6000 rw-p 00000000 00:00 0 
7fd9806a6000-7fd9806a7000 ---p 00000000 00:00 0 
7fd9806a7000-7fd9807a7000 rw-p 00000000 00:00 0 
7fd9807a7000-7fd9807a8000 ---p 00000000 00:00 0 
7fd9807a8000-7fd9808a8000 rw-p 00000000 00:00 0 
7fd9808a8000-7fd9808a9000 ---p 00000000 00:00 0 
7fd9808a9000-7fd9809a9000 rw-p 00000000 00:00 0 
7fd9809a9000-7fd9809aa000 ---p 00000000 00:00 0 
7fd9809aa000-7fd980cae000 rw-p 00000000 00:00 0 
7fd980cae000-7fd981000000 ---p 00000000 00:00 0 
7fd981000000-7fd982e10000 rwxp 00000000 00:00 0 
7fd982e10000-7fd990000000 ---p 00000000 00:00 0 
7fd990000000-7fd990ca3000 rw-p 00000000 00:00 0 
7fd990ca3000-7fd994000000 ---p 00000000 00:00 0 
7fd994000000-7fd994001000 r--s 00007000 08:01 6434198                    /home/user/.gradle/wrapper/dists/gradle-2.14-bin/76oc0mnc3ieqtsukq90mp0rxk/gradle-2.14/lib/slf4j-api-1.7.10.jar
7fd994001000-7fd99400c000 r--s 00051000 08:01 6434188                    /home/user/.gradle/wrapper/dists/gradle-2.14-bin/76oc0mnc3ieqtsukq90mp0rxk/gradle-2.14/lib/gradle-launcher-2.14.jar
7fd99400c000-7fd9940d0000 rw-p 00000000 00:00 0 
7fd9940d0000-7fd9940d1000 ---p 00000000 00:00 0 
7fd9940d1000-7fd9941d1000 rw-p 00000000 00:00 0 
7fd9941d1000-7fd9941d2000 ---p 00000000 00:00 0 
7fd9941d2000-7fd9942d2000 rw-p 00000000 00:00 0 
7fd9942d2000-7fd9942d3000 ---p 00000000 00:00 0 
7fd9942d3000-7fd9945d7000 rw-p 00000000 00:00 0 
7fd9945d7000-7fd994928000 ---p 00000000 00:00 0 
7fd994928000-7fd994bd3000 rw-p 00000000 00:00 0 
7fd994bd3000-7fd994c4d000 rw-p 00000000 00:00 0 
7fd994c4d000-7fd994f94000 ---p 00000000 00:00 0 
7fd994f94000-7fd994f9c000 r-xp 00000000 08:01 4990926                    /usr/lib/jvm/java-8-openjdk-amd64/jre/lib/amd64/libzip.so
7fd994f9c000-7fd99519b000 ---p 00008000 08:01 4990926                    /usr/lib/jvm/java-8-openjdk-amd64/jre/lib/amd64/libzip.so
7fd99519b000-7fd99519c000 r--p 00007000 08:01 4990926                    /usr/lib/jvm/java-8-openjdk-amd64/jre/lib/amd64/libzip.so
7fd99519c000-7fd99519d000 rw-p 00008000 08:01 4990926                    /usr/lib/jvm/java-8-openjdk-amd64/jre/lib/amd64/libzip.so
7fd99519d000-7fd9951a8000 r-xp 00000000 08:01 4727602                    /lib/x86_64-linux-gnu/libnss_files-2.26.so
7fd9951a8000-7fd9953a7000 ---p 0000b000 08:01 4727602                    /lib/x86_64-linux-gnu/libnss_files-2.26.so
7fd9953a7000-7fd9953a8000 r--p 0000a000 08:01 4727602                    /lib/x86_64-linux-gnu/libnss_files-2.26.so
7fd9953a8000-7fd9953a9000 rw-p 0000b000 08:01 4727602                    /lib/x86_64-linux-gnu/libnss_files-2.26.so
7fd9953a9000-7fd9953af000 rw-p 00000000 00:00 0 
7fd9953af000-7fd9953ba000 r-xp 00000000 08:01 4727604                    /lib/x86_64-linux-gnu/libnss_nis-2.26.so
7fd9953ba000-7fd9955b9000 ---p 0000b000 08:01 4727604                    /lib/x86_64-linux-gnu/libnss_nis-2.26.so
7fd9955b9000-7fd9955ba000 r--p 0000a000 08:01 4727604                    /lib/x86_64-linux-gnu/libnss_nis-2.26.so
7fd9955ba000-7fd9955bb000 rw-p 0000b000 08:01 4727604                    /lib/x86_64-linux-gnu/libnss_nis-2.26.so
7fd9955bb000-7fd9955d2000 r-xp 00000000 08:01 4727599                    /lib/x86_64-linux-gnu/libnsl-2.26.so
7fd9955d2000-7fd9957d1000 ---p 00017000 08:01 4727599                    /lib/x86_64-linux-gnu/libnsl-2.26.so
7fd9957d1000-7fd9957d2000 r--p 00016000 08:01 4727599                    /lib/x86_64-linux-gnu/libnsl-2.26.so
7fd9957d2000-7fd9957d3000 rw-p 00017000 08:01 4727599                    /lib/x86_64-linux-gnu/libnsl-2.26.so
7fd9957d3000-7fd9957d5000 rw-p 00000000 00:00 0 
7fd9957d5000-7fd9957dd000 r-xp 00000000 08:01 4727600                    /lib/x86_64-linux-gnu/libnss_compat-2.26.so
7fd9957dd000-7fd9959dc000 ---p 00008000 08:01 4727600                    /lib/x86_64-linux-gnu/libnss_compat-2.26.so
7fd9959dc000-7fd9959dd000 r--p 00007000 08:01 4727600                    /lib/x86_64-linux-gnu/libnss_compat-2.26.so
7fd9959dd000-7fd9959de000 rw-p 00008000 08:01 4727600                    /lib/x86_64-linux-gnu/libnss_compat-2.26.so
7fd9959de000-7fd995a0c000 r-xp 00000000 08:01 4990907                    /usr/lib/jvm/java-8-openjdk-amd64/jre/lib/amd64/libjava.so
7fd995a0c000-7fd995c0b000 ---p 0002e000 08:01 4990907                    /usr/lib/jvm/java-8-openjdk-amd64/jre/lib/amd64/libjava.so
7fd995c0b000-7fd995c0c000 r--p 0002d000 08:01 4990907                    /usr/lib/jvm/java-8-openjdk-amd64/jre/lib/amd64/libjava.so
7fd995c0c000-7fd995c0e000 rw-p 0002e000 08:01 4990907                    /usr/lib/jvm/java-8-openjdk-amd64/jre/lib/amd64/libjava.so
7fd995c0e000-7fd995c1e000 r-xp 00000000 08:01 4990925                    /usr/lib/jvm/java-8-openjdk-amd64/jre/lib/amd64/libverify.so
7fd995c1e000-7fd995e1d000 ---p 00010000 08:01 4990925                    /usr/lib/jvm/java-8-openjdk-amd64/jre/lib/amd64/libverify.so
7fd995e1d000-7fd995e1f000 r--p 0000f000 08:01 4990925                    /usr/lib/jvm/java-8-openjdk-amd64/jre/lib/amd64/libverify.so
7fd995e1f000-7fd995e20000 rw-p 00011000 08:01 4990925                    /usr/lib/jvm/java-8-openjdk-amd64/jre/lib/amd64/libverify.so
7fd995e20000-7fd995e27000 r-xp 00000000 08:01 4727609                    /lib/x86_64-linux-gnu/librt-2.26.so
7fd995e27000-7fd996026000 ---p 00007000 08:01 4727609                    /lib/x86_64-linux-gnu/librt-2.26.so
7fd996026000-7fd996027000 r--p 00006000 08:01 4727609                    /lib/x86_64-linux-gnu/librt-2.26.so
7fd996027000-7fd996028000 rw-p 00007000 08:01 4727609                    /lib/x86_64-linux-gnu/librt-2.26.so
7fd996028000-7fd99603e000 r-xp 00000000 08:01 4726873                    /lib/x86_64-linux-gnu/libgcc_s.so.1
7fd99603e000-7fd99623d000 ---p 00016000 08:01 4726873                    /lib/x86_64-linux-gnu/libgcc_s.so.1
7fd99623d000-7fd99623e000 r--p 00015000 08:01 4726873                    /lib/x86_64-linux-gnu/libgcc_s.so.1
7fd99623e000-7fd99623f000 rw-p 00016000 08:01 4726873                    /lib/x86_64-linux-gnu/libgcc_s.so.1
7fd99623f000-7fd996394000 r-xp 00000000 08:01 4727581                    /lib/x86_64-linux-gnu/libm-2.26.so
7fd996394000-7fd996593000 ---p 00155000 08:01 4727581                    /lib/x86_64-linux-gnu/libm-2.26.so
7fd996593000-7fd996594000 r--p 00154000 08:01 4727581                    /lib/x86_64-linux-gnu/libm-2.26.so
7fd996594000-7fd996595000 rw-p 00155000 08:01 4727581                    /lib/x86_64-linux-gnu/libm-2.26.so
7fd996595000-7fd99670d000 r-xp 00000000 08:01 4983227                    /usr/lib/x86_64-linux-gnu/libstdc++.so.6.0.24
7fd99670d000-7fd99690c000 ---p 00178000 08:01 4983227                    /usr/lib/x86_64-linux-gnu/libstdc++.so.6.0.24
7fd99690c000-7fd996916000 r--p 00177000 08:01 4983227                    /usr/lib/x86_64-linux-gnu/libstdc++.so.6.0.24
7fd996916000-7fd996918000 rw-p 00181000 08:01 4983227                    /usr/lib/x86_64-linux-gnu/libstdc++.so.6.0.24
7fd996918000-7fd99691b000 rw-p 00000000 00:00 0 
7fd99691b000-7fd9975ab000 r-xp 00000000 08:01 4990928                    /usr/lib/jvm/java-8-openjdk-amd64/jre/lib/amd64/server/libjvm.so
7fd9975ab000-7fd9977ab000 ---p 00c90000 08:01 4990928                    /usr/lib/jvm/java-8-openjdk-amd64/jre/lib/amd64/server/libjvm.so
7fd9977ab000-7fd99783e000 r--p 00c90000 08:01 4990928                    /usr/lib/jvm/java-8-openjdk-amd64/jre/lib/amd64/server/libjvm.so
7fd99783e000-7fd997866000 rw-p 00d23000 08:01 4990928                    /usr/lib/jvm/java-8-openjdk-amd64/jre/lib/amd64/server/libjvm.so
7fd997866000-7fd997897000 rw-p 00000000 00:00 0 
7fd997897000-7fd9978b1000 r-xp 00000000 08:01 4727607                    /lib/x86_64-linux-gnu/libpthread-2.26.so
7fd9978b1000-7fd997ab0000 ---p 0001a000 08:01 4727607                    /lib/x86_64-linux-gnu/libpthread-2.26.so
7fd997ab0000-7fd997ab1000 r--p 00019000 08:01 4727607                    /lib/x86_64-linux-gnu/libpthread-2.26.so
7fd997ab1000-7fd997ab2000 rw-p 0001a000 08:01 4727607                    /lib/x86_64-linux-gnu/libpthread-2.26.so
7fd997ab2000-7fd997ab6000 rw-p 00000000 00:00 0 
7fd997ab6000-7fd997ab9000 r-xp 00000000 08:01 4727578                    /lib/x86_64-linux-gnu/libdl-2.26.so
7fd997ab9000-7fd997cb8000 ---p 00003000 08:01 4727578                    /lib/x86_64-linux-gnu/libdl-2.26.so
7fd997cb8000-7fd997cb9000 r--p 00002000 08:01 4727578                    /lib/x86_64-linux-gnu/libdl-2.26.so
7fd997cb9000-7fd997cba000 rw-p 00003000 08:01 4727578                    /lib/x86_64-linux-gnu/libdl-2.26.so
7fd997cba000-7fd997cd6000 r-xp 00000000 08:01 4723444                    /lib/x86_64-linux-gnu/libz.so.1.2.11
7fd997cd6000-7fd997ed5000 ---p 0001c000 08:01 4723444                    /lib/x86_64-linux-gnu/libz.so.1.2.11
7fd997ed5000-7fd997ed6000 r--p 0001b000 08:01 4723444                    /lib/x86_64-linux-gnu/libz.so.1.2.11
7fd997ed6000-7fd997ed7000 rw-p 0001c000 08:01 4723444                    /lib/x86_64-linux-gnu/libz.so.1.2.11
7fd997ed7000-7fd9980ad000 r-xp 00000000 08:01 4727471                    /lib/x86_64-linux-gnu/libc-2.26.so
7fd9980ad000-7fd9982ad000 ---p 001d6000 08:01 4727471                    /lib/x86_64-linux-gnu/libc-2.26.so
7fd9982ad000-7fd9982b1000 r--p 001d6000 08:01 4727471                    /lib/x86_64-linux-gnu/libc-2.26.so
7fd9982b1000-7fd9982b3000 rw-p 001da000 08:01 4727471                    /lib/x86_64-linux-gnu/libc-2.26.so
7fd9982b3000-7fd9982b7000 rw-p 00000000 00:00 0 
7fd9982b7000-7fd9982c5000 r-xp 00000000 08:01 4990891                    /usr/lib/jvm/java-8-openjdk-amd64/jre/lib/amd64/jli/libjli.so
7fd9982c5000-7fd9984c4000 ---p 0000e000 08:01 4990891                    /usr/lib/jvm/java-8-openjdk-amd64/jre/lib/amd64/jli/libjli.so
7fd9984c4000-7fd9984c5000 r--p 0000d000 08:01 4990891                    /usr/lib/jvm/java-8-openjdk-amd64/jre/lib/amd64/jli/libjli.so
7fd9984c5000-7fd9984c6000 rw-p 0000e000 08:01 4990891                    /usr/lib/jvm/java-8-openjdk-amd64/jre/lib/amd64/jli/libjli.so
7fd9984c6000-7fd9984ed000 r-xp 00000000 08:01 4727448                    /lib/x86_64-linux-gnu/ld-2.26.so
7fd9984ed000-7fd9984ee000 r--s 00004000 08:01 6434230                    /home/user/.gradle/wrapper/dists/gradle-2.14-bin/76oc0mnc3ieqtsukq90mp0rxk/gradle-2.14/lib/ant-launcher-1.9.6.jar
7fd9984ee000-7fd9984f3000 r--s 0003b000 08:01 4995271                    /usr/lib/jvm/java-8-openjdk-amd64/jre/lib/ext/sunjce_provider.jar
7fd9984f3000-7fd9984f6000 r--s 00038000 08:01 4995272                    /usr/lib/jvm/java-8-openjdk-amd64/jre/lib/ext/sunpkcs11.jar
7fd9984f6000-7fd9984f7000 r--s 00010000 08:01 4995273                    /usr/lib/jvm/java-8-openjdk-amd64/jre/lib/ext/zipfs.jar
7fd9984f7000-7fd9984f9000 r--s 00008000 08:01 4995270                    /usr/lib/jvm/java-8-openjdk-amd64/jre/lib/ext/sunec.jar
7fd9984f9000-7fd998503000 r--s 00116000 08:01 4995268                    /usr/lib/jvm/java-8-openjdk-amd64/jre/lib/ext/localedata.jar
7fd998503000-7fd9985ae000 rw-p 00000000 00:00 0 
7fd9985ae000-7fd9985b1000 ---p 00000000 00:00 0 
7fd9985b1000-7fd9986b1000 rw-p 00000000 00:00 0 
7fd9986b1000-7fd9986b3000 r--s 00007000 08:01 5380712                    /usr/share/java/java-atk-wrapper.jar
7fd9986b3000-7fd9986b4000 r--s 0000a000 08:01 4995267                    /usr/lib/jvm/java-8-openjdk-amd64/jre/lib/ext/jaccess.jar
7fd9986b4000-7fd9986b6000 r--s 00001000 08:01 4995260                    /usr/lib/jvm/java-8-openjdk-amd64/jre/lib/ext/dnsns.jar
7fd9986b6000-7fd9986b9000 r--s 0000f000 08:01 4995266                    /usr/lib/jvm/java-8-openjdk-amd64/jre/lib/ext/icedtea-sound.jar
7fd9986b9000-7fd9986e1000 rw-p 00000000 00:00 0 
7fd9986e1000-7fd9986e9000 rw-s 00000000 08:01 2495236                    /tmp/hsperfdata_user/4497
7fd9986e9000-7fd9986ea000 rw-p 00000000 00:00 0 
7fd9986ea000-7fd9986eb000 ---p 00000000 00:00 0 
7fd9986eb000-7fd9986ed000 rw-p 00000000 00:00 0 
7fd9986ed000-7fd9986ee000 r--p 00027000 08:01 4727448                    /lib/x86_64-linux-gnu/ld-2.26.so
7fd9986ee000-7fd9986ef000 rw-p 00028000 08:01 4727448                    /lib/x86_64-linux-gnu/ld-2.26.so
7fd9986ef000-7fd9986f0000 rw-p 00000000 00:00 0 
7ffc92306000-7ffc92328000 rw-p 00000000 00:00 0                          [stack]
7ffc923fb000-7ffc923fe000 r--p 00000000 00:00 0                          [vvar]
7ffc923fe000-7ffc92400000 r-xp 00000000 00:00 0                          [vdso]
ffffffffff600000-ffffffffff601000 r-xp 00000000 00:00 0                  [vsyscall]

VM Arguments:
jvm_args: -XX:+HeapDumpOnOutOfMemoryError -Xmx4096m -Dfile.encoding=UTF-8 -Duser.country=NO -Duser.language=nb -Duser.variant 
java_command: org.gradle.launcher.daemon.bootstrap.GradleDaemon 2.14
java_class_path (initial): /home/user/.gradle/wrapper/dists/gradle-2.14-bin/76oc0mnc3ieqtsukq90mp0rxk/gradle-2.14/lib/gradle-launcher-2.14.jar
Launcher Type: SUN_STANDARD

Environment Variables:
JAVA_HOME=/usr/lib/jvm/java-8-openjdk-amd64/
PATH=/usr/lib/jvm/java-8-openjdk-amd64//bin:/usr/local/sbin:/usr/local/bin:/usr/sbin:/usr/bin:/sbin:/bin:/usr/games:/usr/local/games:/snap/bin:/usr/lib/jvm/java-9-oracle/bin:/usr/lib/jvm/java-9-oracle/db/bin
USERNAME=user
SHELL=/bin/bash
DISPLAY=:1

Signal Handlers:
SIGSEGV: [libjvm.so+0xaaafa0], sa_mask[0]=11111111011111111101111111111110, sa_flags=SA_RESTART|SA_SIGINFO
SIGBUS: [libjvm.so+0xaaafa0], sa_mask[0]=11111111011111111101111111111110, sa_flags=SA_RESTART|SA_SIGINFO
SIGFPE: [libjvm.so+0x8e12c0], sa_mask[0]=11111111011111111101111111111110, sa_flags=SA_RESTART|SA_SIGINFO
SIGPIPE: [libjvm.so+0x8e12c0], sa_mask[0]=11111111011111111101111111111110, sa_flags=SA_RESTART|SA_SIGINFO
SIGXFSZ: [libjvm.so+0x8e12c0], sa_mask[0]=11111111011111111101111111111110, sa_flags=SA_RESTART|SA_SIGINFO
SIGILL: [libjvm.so+0x8e12c0], sa_mask[0]=11111111011111111101111111111110, sa_flags=SA_RESTART|SA_SIGINFO
SIGUSR1: SIG_DFL, sa_mask[0]=00000000000000000000000000000000, sa_flags=none
SIGUSR2: [libjvm.so+0x8e1170], sa_mask[0]=00100000000000000000000000000000, sa_flags=SA_RESTART|SA_SIGINFO
SIGHUP: [libjvm.so+0x8e1620], sa_mask[0]=11111111011111111101111111111110, sa_flags=SA_RESTART|SA_SIGINFO
SIGINT: [libjvm.so+0x8e1620], sa_mask[0]=11111111011111111101111111111110, sa_flags=SA_RESTART|SA_SIGINFO
SIGTERM: [libjvm.so+0x8e1620], sa_mask[0]=11111111011111111101111111111110, sa_flags=SA_RESTART|SA_SIGINFO
SIGQUIT: [libjvm.so+0x8e1620], sa_mask[0]=11111111011111111101111111111110, sa_flags=SA_RESTART|SA_SIGINFO


---------------  S Y S T E M  ---------------

OS:DISTRIB_ID=Ubuntu
DISTRIB_RELEASE=17.10
DISTRIB_CODENAME=artful
DISTRIB_DESCRIPTION="Ubuntu 17.10"

uname:Linux 4.13.0-38-generic #43-Ubuntu SMP Wed Mar 14 15:20:44 UTC 2018 x86_64
libc:glibc 2.26 NPTL 2.26 
rlimit: STACK 8192k, CORE 0k, NPROC 63910, NOFILE 1048576, AS infinity
load average:3,93 2,29 1,68

/proc/meminfo:
MemTotal:       16422548 kB
MemFree:          151248 kB
MemAvailable:      46624 kB
Buffers:            1708 kB
Cached:           516528 kB
SwapCached:         4460 kB
Active:         14258100 kB
Inactive:        1325168 kB
Active(anon):   14228516 kB
Inactive(anon):  1293112 kB
Active(file):      29584 kB
Inactive(file):    32056 kB
Unevictable:          48 kB
Mlocked:              48 kB
SwapTotal:       2097148 kB
SwapFree:              0 kB
Dirty:               244 kB
Writeback:             0 kB
AnonPages:      15061720 kB
Mapped:           720272 kB
Shmem:            460936 kB
Slab:             199936 kB
SReclaimable:      63780 kB
SUnreclaim:       136156 kB
KernelStack:       22304 kB
PageTables:       146680 kB
NFS_Unstable:          0 kB
Bounce:                0 kB
WritebackTmp:          0 kB
CommitLimit:    10308420 kB
Committed_AS:   33816968 kB
VmallocTotal:   34359738367 kB
VmallocUsed:           0 kB
VmallocChunk:          0 kB
HardwareCorrupted:     0 kB
AnonHugePages:         0 kB
ShmemHugePages:        0 kB
ShmemPmdMapped:        0 kB
CmaTotal:              0 kB
CmaFree:               0 kB
HugePages_Total:       0
HugePages_Free:        0
HugePages_Rsvd:        0
HugePages_Surp:        0
Hugepagesize:       2048 kB
DirectMap4k:    10410432 kB
DirectMap2M:     6365184 kB


CPU:total 8 (initial active 8) (4 cores per cpu, 2 threads per core) family 6 model 30 stepping 5, cmov, cx8, fxsr, mmx, sse, sse2, sse3, ssse3, sse4.1, sse4.2, popcnt, ht, tsc, tscinvbit

/proc/cpuinfo:
processor	: 0
vendor_id	: GenuineIntel
cpu family	: 6
model		: 30
model name	: Intel(R) Core(TM) i7 CPU         860  @ 2.80GHz
stepping	: 5
microcode	: 0x7
cpu MHz		: 1975.999
cache size	: 8192 KB
physical id	: 0
siblings	: 8
core id		: 0
cpu cores	: 4
apicid		: 0
initial apicid	: 0
fpu		: yes
fpu_exception	: yes
cpuid level	: 11
wp		: yes
flags		: fpu vme de pse tsc msr pae mce cx8 apic sep mtrr pge mca cmov pat pse36 clflush dts acpi mmx fxsr sse sse2 ss ht tm pbe syscall nx rdtscp lm constant_tsc arch_perfmon pebs bts rep_good nopl xtopology nonstop_tsc cpuid aperfmperf pni dtes64 monitor ds_cpl vmx smx est tm2 ssse3 cx16 xtpr pdcm sse4_1 sse4_2 popcnt lahf_lm pti retpoline tpr_shadow vnmi flexpriority ept vpid dtherm ida
bugs		: cpu_meltdown spectre_v1 spectre_v2
bogomips	: 5617.67
clflush size	: 64
cache_alignment	: 64
address sizes	: 36 bits physical, 48 bits virtual
power management:

processor	: 1
vendor_id	: GenuineIntel
cpu family	: 6
model		: 30
model name	: Intel(R) Core(TM) i7 CPU         860  @ 2.80GHz
stepping	: 5
microcode	: 0x7
cpu MHz		: 2088.044
cache size	: 8192 KB
physical id	: 0
siblings	: 8
core id		: 1
cpu cores	: 4
apicid		: 2
initial apicid	: 2
fpu		: yes
fpu_exception	: yes
cpuid level	: 11
wp		: yes
flags		: fpu vme de pse tsc msr pae mce cx8 apic sep mtrr pge mca cmov pat pse36 clflush dts acpi mmx fxsr sse sse2 ss ht tm pbe syscall nx rdtscp lm constant_tsc arch_perfmon pebs bts rep_good nopl xtopology nonstop_tsc cpuid aperfmperf pni dtes64 monitor ds_cpl vmx smx est tm2 ssse3 cx16 xtpr pdcm sse4_1 sse4_2 popcnt lahf_lm pti retpoline tpr_shadow vnmi flexpriority ept vpid dtherm ida
bugs		: cpu_meltdown spectre_v1 spectre_v2
bogomips	: 5617.67
clflush size	: 64
cache_alignment	: 64
address sizes	: 36 bits physical, 48 bits virtual
power management:

processor	: 2
vendor_id	: GenuineIntel
cpu family	: 6
model		: 30
model name	: Intel(R) Core(TM) i7 CPU         860  @ 2.80GHz
stepping	: 5
microcode	: 0x7
cpu MHz		: 1614.938
cache size	: 8192 KB
physical id	: 0
siblings	: 8
core id		: 2
cpu cores	: 4
apicid		: 4
initial apicid	: 4
fpu		: yes
fpu_exception	: yes
cpuid level	: 11
wp		: yes
flags		: fpu vme de pse tsc msr pae mce cx8 apic sep mtrr pge mca cmov pat pse36 clflush dts acpi mmx fxsr sse sse2 ss ht tm pbe syscall nx rdtscp lm constant_tsc arch_perfmon pebs bts rep_good nopl xtopology nonstop_tsc cpuid aperfmperf pni dtes64 monitor ds_cpl vmx smx est tm2 ssse3 cx16 xtpr pdcm sse4_1 sse4_2 popcnt lahf_lm pti retpoline tpr_shadow vnmi flexpriority ept vpid dtherm ida
bugs		: cpu_meltdown spectre_v1 spectre_v2
bogomips	: 5617.67
clflush size	: 64
cache_alignment	: 64
address sizes	: 36 bits physical, 48 bits virtual
power management:

processor	: 3
vendor_id	: GenuineIntel
cpu family	: 6
model		: 30
model name	: Intel(R) Core(TM) i7 CPU         860  @ 2.80GHz
stepping	: 5
microcode	: 0x7
cpu MHz		: 1789.679
cache size	: 8192 KB
physical id	: 0
siblings	: 8
core id		: 3
cpu cores	: 4
apicid		: 6
initial apicid	: 6
fpu		: yes
fpu_exception	: yes
cpuid level	: 11
wp		: yes
flags		: fpu vme de pse tsc msr pae mce cx8 apic sep mtrr pge mca cmov pat pse36 clflush dts acpi mmx fxsr sse sse2 ss ht tm pbe syscall nx rdtscp lm constant_tsc arch_perfmon pebs bts rep_good nopl xtopology nonstop_tsc cpuid aperfmperf pni dtes64 monitor ds_cpl vmx smx est tm2 ssse3 cx16 xtpr pdcm sse4_1 sse4_2 popcnt lahf_lm pti retpoline tpr_shadow vnmi flexpriority ept vpid dtherm ida
bugs		: cpu_meltdown spectre_v1 spectre_v2
bogomips	: 5617.67
clflush size	: 64
cache_alignment	: 64
address sizes	: 36 bits physical, 48 bits virtual
power management:

processor	: 4
vendor_id	: GenuineIntel
cpu family	: 6
model		: 30
model name	: Intel(R) Core(TM) i7 CPU         860  @ 2.80GHz
stepping	: 5
microcode	: 0x7
cpu MHz		: 1844.088
cache size	: 8192 KB
physical id	: 0
siblings	: 8
core id		: 0
cpu cores	: 4
apicid		: 1
initial apicid	: 1
fpu		: yes
fpu_exception	: yes
cpuid level	: 11
wp		: yes
flags		: fpu vme de pse tsc msr pae mce cx8 apic sep mtrr pge mca cmov pat pse36 clflush dts acpi mmx fxsr sse sse2 ss ht tm pbe syscall nx rdtscp lm constant_tsc arch_perfmon pebs bts rep_good nopl xtopology nonstop_tsc cpuid aperfmperf pni dtes64 monitor ds_cpl vmx smx est tm2 ssse3 cx16 xtpr pdcm sse4_1 sse4_2 popcnt lahf_lm pti retpoline tpr_shadow vnmi flexpriority ept vpid dtherm ida
bugs		: cpu_meltdown spectre_v1 spectre_v2
bogomips	: 5617.67
clflush size	: 64
cache_alignment	: 64
address sizes	: 36 bits physical, 48 bits virtual
power management:

processor	: 5
vendor_id	: GenuineIntel
cpu family	: 6
model		: 30
model name	: Intel(R) Core(TM) i7 CPU         860  @ 2.80GHz
stepping	: 5
microcode	: 0x7
cpu MHz		: 1772.907
cache size	: 8192 KB
physical id	: 0
siblings	: 8
core id		: 1
cpu cores	: 4
apicid		: 3
initial apicid	: 3
fpu		: yes
fpu_exception	: yes
cpuid level	: 11
wp		: yes
flags		: fpu vme de pse tsc msr pae mce cx8 apic sep mtrr pge mca cmov pat pse36 clflush dts acpi mmx fxsr sse sse2 ss ht tm pbe syscall nx rdtscp lm constant_tsc arch_perfmon pebs bts rep_good nopl xtopology nonstop_tsc cpuid aperfmperf pni dtes64 monitor ds_cpl vmx smx est tm2 ssse3 cx16 xtpr pdcm sse4_1 sse4_2 popcnt lahf_lm pti retpoline tpr_shadow vnmi flexpriority ept vpid dtherm ida
bugs		: cpu_meltdown spectre_v1 spectre_v2
bogomips	: 5617.67
clflush size	: 64
cache_alignment	: 64
address sizes	: 36 bits physical, 48 bits virtual
power management:

processor	: 6
vendor_id	: GenuineIntel
cpu family	: 6
model		: 30
model name	: Intel(R) Core(TM) i7 CPU         860  @ 2.80GHz
stepping	: 5
microcode	: 0x7
cpu MHz		: 1818.559
cache size	: 8192 KB
physical id	: 0
siblings	: 8
core id		: 2
cpu cores	: 4
apicid		: 5
initial apicid	: 5
fpu		: yes
fpu_exception	: yes
cpuid level	: 11
wp		: yes
flags		: fpu vme de pse tsc msr pae mce cx8 apic sep mtrr pge mca cmov pat pse36 clflush dts acpi mmx fxsr sse sse2 ss ht tm pbe syscall nx rdtscp lm constant_tsc arch_perfmon pebs bts rep_good nopl xtopology nonstop_tsc cpuid aperfmperf pni dtes64 monitor ds_cpl vmx smx est tm2 ssse3 cx16 xtpr pdcm sse4_1 sse4_2 popcnt lahf_lm pti retpoline tpr_shadow vnmi flexpriority ept vpid dtherm ida
bugs		: cpu_meltdown spectre_v1 spectre_v2
bogomips	: 5617.67
clflush size	: 64
cache_alignment	: 64
address sizes	: 36 bits physical, 48 bits virtual
power management:

processor	: 7
vendor_id	: GenuineIntel
cpu family	: 6
model		: 30
model name	: Intel(R) Core(TM) i7 CPU         860  @ 2.80GHz
stepping	: 5
microcode	: 0x7
cpu MHz		: 1973.011
cache size	: 8192 KB
physical id	: 0
siblings	: 8
core id		: 3
cpu cores	: 4
apicid		: 7
initial apicid	: 7
fpu		: yes
fpu_exception	: yes
cpuid level	: 11
wp		: yes
flags		: fpu vme de pse tsc msr pae mce cx8 apic sep mtrr pge mca cmov pat pse36 clflush dts acpi mmx fxsr sse sse2 ss ht tm pbe syscall nx rdtscp lm constant_tsc arch_perfmon pebs bts rep_good nopl xtopology nonstop_tsc cpuid aperfmperf pni dtes64 monitor ds_cpl vmx smx est tm2 ssse3 cx16 xtpr pdcm sse4_1 sse4_2 popcnt lahf_lm pti retpoline tpr_shadow vnmi flexpriority ept vpid dtherm ida
bugs		: cpu_meltdown spectre_v1 spectre_v2
bogomips	: 5617.67
clflush size	: 64
cache_alignment	: 64
address sizes	: 36 bits physical, 48 bits virtual
power management:



Memory: 4k page, physical 16422548k(151124k free), swap 2097148k(0k free)

vm_info: OpenJDK 64-Bit Server VM (25.162-b12) for linux-amd64 JRE (1.8.0_162-8u162-b12-0ubuntu0.17.10.2-b12), built on Mar 13 2018 22:44:51 by "buildd" with gcc 7.2.0

time: Wed May  9 14:57:20 2018
elapsed time: 144 seconds (0d 0h 2m 24s)

